<?xml version="1.0" encoding="UTF-8"?>
<!-- Generated by org.testng.reporters.JUnitXMLReporter -->
<testsuite ignored="0" hostname="DESKTOP-3JA0FBS" failures="12" tests="25" name="Test" time="4480.294" errors="0" timestamp="2024-09-05T09:15:42 IST">
  <testcase classname="tests.SignUpTests" name="validating_whether_given_URL_is_Broken_or_not" time="9.464"/>
  <testcase classname="tests.SignUpTests" name="without_entering_User_Details" time="90.407"/>
  <testcase classname="tests.SignUpTests" name="entering_blank_value_in_each_Field" time="145.16"/>
  <testcase classname="tests.SignUpTests" name="entering_numerical_value_in_each_Field" time="150.9"/>
  <testcase classname="tests.SignUpTests" name="entering_AlphaNumeric_value_in_each_Field" time="145.134"/>
  <testcase classname="tests.SignUpTests" name="entering_Symbolic_value_in_each_Field" time="145.803"/>
  <testcase classname="tests.SignUpTests" name="entering_Valid_User_Details" time="108.775"/>
  <testcase classname="tests.SignUpTests" name="already_Existed_User_Details" time="113.648"/>
  <testcase classname="tests.SignUpTests" name="password_Checklist_Validation" time="118.88"/>
  <testcase classname="tests.LoginTests" name="without_entering_User_Details" time="72.887"/>
  <testcase classname="tests.LoginTests" name="entering_blank_value_in_each_Field" time="87.926"/>
  <testcase classname="tests.LoginTests" name="entering_Invalid_User_Name" time="94.289">
    <failure type="java.lang.AssertionError" message="expected [Sorry, the e-mail address and password you entered don’t match. Please try again.] but found [Sorry, something went wrong. Please try again.]">
      <![CDATA[java.lang.AssertionError: expected [Sorry, the e-mail address and password you entered don’t match. Please try again.] but found [Sorry, something went wrong. Please try again.]
at pageObjects.LoginPage.validateErrorText(LoginPage.java:64)
at tests.LoginTests.entering_Invalid_User_Name(LoginTests.java:84)
at java.base/java.util.ArrayList.forEach(ArrayList.java:1511)
... Removed 33 stack frames]]>
    </failure>
  </testcase> <!-- entering_Invalid_User_Name -->
  <testcase classname="tests.LoginTests" name="entering_Invalid_Password" time="96.673">
    <failure type="java.lang.AssertionError" message="expected [Sorry, the e-mail address and password you entered don’t match. Please try again.] but found [Sorry, something went wrong. Please try again.]">
      <![CDATA[java.lang.AssertionError: expected [Sorry, the e-mail address and password you entered don’t match. Please try again.] but found [Sorry, something went wrong. Please try again.]
at pageObjects.LoginPage.validateErrorText(LoginPage.java:64)
at tests.LoginTests.entering_Invalid_Password(LoginTests.java:104)
at java.base/java.util.ArrayList.forEach(ArrayList.java:1511)
... Removed 33 stack frames]]>
    </failure>
  </testcase> <!-- entering_Invalid_Password -->
  <testcase classname="tests.LoginTests" name="entering_numerical_value_in_each_Field" time="115.946">
    <failure type="java.lang.AssertionError" message="expected [Sorry, the e-mail address and password you entered don’t match. Please try again.] but found [Sorry, something went wrong. Please try again.]">
      <![CDATA[java.lang.AssertionError: expected [Sorry, the e-mail address and password you entered don’t match. Please try again.] but found [Sorry, something went wrong. Please try again.]
at pageObjects.LoginPage.validateErrorText(LoginPage.java:64)
at tests.LoginTests.entering_numerical_value_in_each_Field(LoginTests.java:134)
at java.base/java.util.ArrayList.forEach(ArrayList.java:1511)
... Removed 33 stack frames]]>
    </failure>
  </testcase> <!-- entering_numerical_value_in_each_Field -->
  <testcase classname="tests.LoginTests" name="entering_AlphaNumeric_value_in_each_Field" time="116.342">
    <failure type="java.lang.AssertionError" message="expected [Sorry, the e-mail address and password you entered don’t match. Please try again.] but found [Sorry, something went wrong. Please try again.]">
      <![CDATA[java.lang.AssertionError: expected [Sorry, the e-mail address and password you entered don’t match. Please try again.] but found [Sorry, something went wrong. Please try again.]
at pageObjects.LoginPage.validateErrorText(LoginPage.java:64)
at tests.LoginTests.entering_AlphaNumeric_value_in_each_Field(LoginTests.java:167)
at java.base/java.util.ArrayList.forEach(ArrayList.java:1511)
... Removed 33 stack frames]]>
    </failure>
  </testcase> <!-- entering_AlphaNumeric_value_in_each_Field -->
  <testcase classname="tests.LoginTests" name="entering_Symbolic_value_in_each_Field" time="118.171">
    <failure type="java.lang.AssertionError" message="expected [Sorry, the e-mail address and password you entered don’t match. Please try again.] but found [Sorry, something went wrong. Please try again.]">
      <![CDATA[java.lang.AssertionError: expected [Sorry, the e-mail address and password you entered don’t match. Please try again.] but found [Sorry, something went wrong. Please try again.]
at pageObjects.LoginPage.validateErrorText(LoginPage.java:64)
at tests.LoginTests.entering_Symbolic_value_in_each_Field(LoginTests.java:200)
at java.base/java.util.ArrayList.forEach(ArrayList.java:1511)
... Removed 33 stack frames]]>
    </failure>
  </testcase> <!-- entering_Symbolic_value_in_each_Field -->
  <testcase classname="tests.LoginTests" name="entering_Valid_User_Details" time="125.703">
    <failure type="org.openqa.selenium.TimeoutException" message="Expected condition failed: waiting for visibility of Proxy element for: DefaultElementLocator &amp;apos;By.xpath: //*[@data-automation=&amp;apos;account-greeting&amp;apos;]/span&amp;apos; (tried for 30 second(s) with 500 milliseconds interval)">
      <![CDATA[org.openqa.selenium.TimeoutException: Expected condition failed: waiting for visibility of Proxy element for: DefaultElementLocator 'By.xpath: //*[@data-automation='account-greeting']/span' (tried for 30 second(s) with 500 milliseconds interval)
at org.openqa.selenium.support.ui.WebDriverWait.timeoutException(WebDriverWait.java:84)
at org.openqa.selenium.support.ui.FluentWait.until(FluentWait.java:228)
at base.BaseComponents.waitForElementToAppear(BaseComponents.java:290)
at pageObjects.HomePage.validateProfileName(HomePage.java:115)
at tests.LoginTests.entering_Valid_User_Details(LoginTests.java:226)
at java.base/java.util.ArrayList.forEach(ArrayList.java:1511)
Caused by: org.openqa.selenium.NoSuchElementException: no such element: Unable to locate element: {"method":"xpath","selector":"//*[@data-automation='account-greeting']/span"}
  (Session info: chrome=128.0.6613.115)
For documentation on this error, please visit: https://www.selenium.dev/documentation/webdriver/troubleshooting/errors#no-such-element-exception
Build info: version: '4.20.0', revision: '866c76ca80'
System info: os.name: 'Windows 10', os.arch: 'amd64', os.version: '10.0', java.version: '16.0.2'
Driver info: org.openqa.selenium.chrome.ChromeDriver
Command: [2b91593ba5195ff989172c1b62343801, findElement {value=//*[@data-automation='account-greeting']/span, using=xpath}]
Capabilities {acceptInsecureCerts: false, browserName: chrome, browserVersion: 128.0.6613.115, chrome: {chromedriverVersion: 128.0.6613.119 (6e439cfca4d..., userDataDir: C:\Users\ARAVIN~1\AppData\L...}, fedcm:accounts: true, goog:chromeOptions: {debuggerAddress: localhost:58135}, networkConnectionEnabled: false, pageLoadStrategy: normal, platformName: windows, proxy: Proxy(), se:cdp: ws://localhost:58135/devtoo..., se:cdpVersion: 128.0.6613.115, setWindowRect: true, strictFileInteractability: false, timeouts: {implicit: 0, pageLoad: 300000, script: 30000}, unhandledPromptBehavior: dismiss and notify, webauthn:extension:credBlob: true, webauthn:extension:largeBlob: true, webauthn:extension:minPinLength: true, webauthn:extension:prf: true, webauthn:virtualAuthenticators: true}
Session ID: 2b91593ba5195ff989172c1b62343801
at org.openqa.selenium.remote.ErrorCodec.decode(ErrorCodec.java:167)
at org.openqa.selenium.remote.codec.w3c.W3CHttpResponseCodec.decode(W3CHttpResponseCodec.java:138)
at org.openqa.selenium.remote.codec.w3c.W3CHttpResponseCodec.decode(W3CHttpResponseCodec.java:50)
at org.openqa.selenium.remote.HttpCommandExecutor.execute(HttpCommandExecutor.java:190)
at org.openqa.selenium.remote.service.DriverCommandExecutor.invokeExecute(DriverCommandExecutor.java:216)
at org.openqa.selenium.remote.service.DriverCommandExecutor.execute(DriverCommandExecutor.java:174)
at org.openqa.selenium.remote.RemoteWebDriver.execute(RemoteWebDriver.java:518)
at org.openqa.selenium.remote.ElementLocation$ElementFinder$2.findElement(ElementLocation.java:165)
at org.openqa.selenium.remote.ElementLocation.findElement(ElementLocation.java:59)
at org.openqa.selenium.remote.RemoteWebDriver.findElement(RemoteWebDriver.java:355)
at org.openqa.selenium.remote.RemoteWebDriver.findElement(RemoteWebDriver.java:349)
at org.openqa.selenium.support.pagefactory.DefaultElementLocator.findElement(DefaultElementLocator.java:68)
at org.openqa.selenium.support.pagefactory.internal.LocatingElementHandler.invoke(LocatingElementHandler.java:38)
at jdk.proxy2/jdk.proxy2.$Proxy12.isDisplayed(Unknown Source)
at org.openqa.selenium.support.ui.ExpectedConditions.elementIfVisible(ExpectedConditions.java:304)
at org.openqa.selenium.support.ui.ExpectedConditions$10.apply(ExpectedConditions.java:290)
at org.openqa.selenium.support.ui.ExpectedConditions$10.apply(ExpectedConditions.java:287)
at org.openqa.selenium.support.ui.FluentWait.until(FluentWait.java:203)
... 31 more
... Removed 32 stack frames]]>
    </failure>
  </testcase> <!-- entering_Valid_User_Details -->
  <testcase classname="tests.BestBuyECommerceApplicationTests" name="navigation_of_all_Menu_and_Validation_of_Title_in_each_Page" time="589.218">
    <failure type="java.lang.AssertionError" message="The following asserts failed:
	&amp;quot;Apple Products On Sale | Best Buy Canada&amp;quot; not Matches with &amp;quot;Apple On Sale&amp;quot;... expected [true] but found [false],
	&amp;quot;Dyson On Sale | Best Buy Canada&amp;quot; not Matches with &amp;quot;Logitech On Sale&amp;quot;... expected [true] but found [false],
	&amp;quot;Laptops on Sale: New &amp;amp; Refurbished | Best Buy Canada&amp;quot; not Matches with &amp;quot;Laptops On Sale&amp;quot;... expected [true] but found [false],
	&amp;quot;Our Hottest Deals on Phones and Plans | Best Buy Canada&amp;quot; not Matches with &amp;quot;Top Smartphone Deals&amp;quot;... expected [true] but found [false],
	&amp;quot;Smart TVs: 65 inch, 32 inch, 55 inch &amp;amp; more | Best Buy Canada&amp;quot; not Matches with &amp;quot;Smart TVs On Sale&amp;quot;... expected [true] but found [false],
	&amp;quot;Major Appliances On Sale | Best Buy Canada&amp;quot; not Matches with &amp;quot;Major Appliance Deals&amp;quot;... expected [true] but found [false],
	&amp;quot;Top Deals: Weekly Flyer | Best Buy Canada&amp;quot; not Matches with &amp;quot;All Labour Day Sale Deals&amp;quot;... expected [true] but found [false],
	&amp;quot;Open Box Electronic Deals on Laptops, Computers &amp;amp; more | Best Buy Canada&amp;quot; not Matches with &amp;quot;Open Box Products&amp;quot;... expected [true] but found [false],
	&amp;quot;Open Box Electronic Deals on Laptops, Computers &amp;amp; more | Best Buy Canada&amp;quot; not Matches with &amp;quot;Refurbished Products&amp;quot;... expected [true] but found [false],
	&amp;quot;Clearance Sale on Electronics &amp;amp; Other Products | Best Buy Canada&amp;quot; not Matches with &amp;quot;Clearance Products&amp;quot;... expected [true] but found [false],
	&amp;quot;Best Buy Outlet: Outlet Deals on Electronics | Best Buy Canada&amp;quot; not Matches with &amp;quot;All Outlet Deals&amp;quot;... expected [true] but found [false],
	&amp;quot;Geek Squad Services: Online &amp;amp; In-Store | Best Buy Canada&amp;quot; not Matches with &amp;quot;Best Buy Membership&amp;quot;... expected [true] but found [false],
	&amp;quot;Best Buy Membership | Best Buy Canada&amp;quot; not Matches with &amp;quot;Best Buy Protection&amp;quot;... expected [true] but found [false],
	&amp;quot;Best Buy Protection &amp;amp; Extended Warranty | Best Buy Canada&amp;quot; not Matches with &amp;quot;Best Buy Business&amp;quot;... expected [true] but found [false],
	&amp;quot;Best Buy Business | Best Buy Canada&amp;quot; not Matches with &amp;quot;Monthly Subscription&amp;quot;... expected [true] but found [false],
	&amp;quot;Best Buy Monthly Subscription | Best Buy Canada&amp;quot; not Matches with &amp;quot;Trade-In Program&amp;quot;... expected [true] but found [false],
	&amp;quot;Help Centre | Best Buy Canada&amp;quot; not Matches with &amp;quot;Electronics Recycling&amp;quot;... expected [true] but found [false],
	&amp;quot;Best Buy Health | Best Buy Canada&amp;quot; not Matches with &amp;quot;Geek Squad Academy&amp;quot;... expected [true] but found [false]">
      <![CDATA[java.lang.AssertionError: The following asserts failed:
"Apple Products On Sale | Best Buy Canada" not Matches with "Apple On Sale"... expected [true] but found [false],
"Dyson On Sale | Best Buy Canada" not Matches with "Logitech On Sale"... expected [true] but found [false],
"Laptops on Sale: New & Refurbished | Best Buy Canada" not Matches with "Laptops On Sale"... expected [true] but found [false],
"Our Hottest Deals on Phones and Plans | Best Buy Canada" not Matches with "Top Smartphone Deals"... expected [true] but found [false],
"Smart TVs: 65 inch, 32 inch, 55 inch & more | Best Buy Canada" not Matches with "Smart TVs On Sale"... expected [true] but found [false],
"Major Appliances On Sale | Best Buy Canada" not Matches with "Major Appliance Deals"... expected [true] but found [false],
"Top Deals: Weekly Flyer | Best Buy Canada" not Matches with "All Labour Day Sale Deals"... expected [true] but found [false],
"Open Box Electronic Deals on Laptops, Computers & more | Best Buy Canada" not Matches with "Open Box Products"... expected [true] but found [false],
"Open Box Electronic Deals on Laptops, Computers & more | Best Buy Canada" not Matches with "Refurbished Products"... expected [true] but found [false],
"Clearance Sale on Electronics & Other Products | Best Buy Canada" not Matches with "Clearance Products"... expected [true] but found [false],
"Best Buy Outlet: Outlet Deals on Electronics | Best Buy Canada" not Matches with "All Outlet Deals"... expected [true] but found [false],
"Geek Squad Services: Online & In-Store | Best Buy Canada" not Matches with "Best Buy Membership"... expected [true] but found [false],
"Best Buy Membership | Best Buy Canada" not Matches with "Best Buy Protection"... expected [true] but found [false],
"Best Buy Protection & Extended Warranty | Best Buy Canada" not Matches with "Best Buy Business"... expected [true] but found [false],
"Best Buy Business | Best Buy Canada" not Matches with "Monthly Subscription"... expected [true] but found [false],
"Best Buy Monthly Subscription | Best Buy Canada" not Matches with "Trade-In Program"... expected [true] but found [false],
"Help Centre | Best Buy Canada" not Matches with "Electronics Recycling"... expected [true] but found [false],
"Best Buy Health | Best Buy Canada" not Matches with "Geek Squad Academy"... expected [true] but found [false]
at pageObjects.HomePage.navigateToAllTheMenu(HomePage.java:158)
at tests.BestBuyECommerceApplicationTests.navigation_of_all_Menu_and_Validation_of_Title_in_each_Page(BestBuyECommerceApplicationTests.java:21)
at java.base/java.util.ArrayList.forEach(ArrayList.java:1511)
... Removed 29 stack frames]]>
    </failure>
  </testcase> <!-- navigation_of_all_Menu_and_Validation_of_Title_in_each_Page -->
  <testcase classname="tests.BestBuyECommerceApplicationTests" name="validating_Bottom_Links" time="1186.842"/>
  <testcase classname="tests.BestBuyECommerceApplicationTests" name="search_for_an_Item_filtering_the_Results" time="113.43"/>
  <testcase classname="tests.BestBuyECommerceApplicationTests" name="search_for_and_Add_an_Item_to_Shopping_Cart" time="147.373">
    <failure type="org.openqa.selenium.TimeoutException" message="Expected condition failed: waiting for visibility of Proxy element for: DefaultElementLocator &amp;apos;By.xpath: //div[contains(@class, &amp;apos;item-added-message&amp;apos;)]//p&amp;apos; (tried for 30 second(s) with 500 milliseconds interval)">
      <![CDATA[org.openqa.selenium.TimeoutException: Expected condition failed: waiting for visibility of Proxy element for: DefaultElementLocator 'By.xpath: //div[contains(@class, 'item-added-message')]//p' (tried for 30 second(s) with 500 milliseconds interval)
at org.openqa.selenium.support.ui.WebDriverWait.timeoutException(WebDriverWait.java:84)
at org.openqa.selenium.support.ui.FluentWait.until(FluentWait.java:228)
at base.BaseComponents.waitForElementToAppear(BaseComponents.java:290)
at base.BaseComponents.validateTextContent(BaseComponents.java:351)
at pageObjects.HomePage.addToCart(HomePage.java:306)
at tests.BestBuyECommerceApplicationTests.search_for_and_Add_an_Item_to_Shopping_Cart(BestBuyECommerceApplicationTests.java:50)
at java.base/java.util.ArrayList.forEach(ArrayList.java:1511)
Caused by: org.openqa.selenium.NoSuchElementException: no such element: Unable to locate element: {"method":"xpath","selector":"//div[contains(@class, 'item-added-message')]//p"}
  (Session info: chrome=128.0.6613.115)
For documentation on this error, please visit: https://www.selenium.dev/documentation/webdriver/troubleshooting/errors#no-such-element-exception
Build info: version: '4.20.0', revision: '866c76ca80'
System info: os.name: 'Windows 10', os.arch: 'amd64', os.version: '10.0', java.version: '16.0.2'
Driver info: org.openqa.selenium.chrome.ChromeDriver
Command: [e29cb1ea42874eb18853fe6480a8dbdb, findElement {value=//div[contains(@class, 'item-added-message')]//p, using=xpath}]
Capabilities {acceptInsecureCerts: false, browserName: chrome, browserVersion: 128.0.6613.115, chrome: {chromedriverVersion: 128.0.6613.119 (6e439cfca4d..., userDataDir: C:\Users\ARAVIN~1\AppData\L...}, fedcm:accounts: true, goog:chromeOptions: {debuggerAddress: localhost:59363}, networkConnectionEnabled: false, pageLoadStrategy: normal, platformName: windows, proxy: Proxy(), se:cdp: ws://localhost:59363/devtoo..., se:cdpVersion: 128.0.6613.115, setWindowRect: true, strictFileInteractability: false, timeouts: {implicit: 0, pageLoad: 300000, script: 30000}, unhandledPromptBehavior: dismiss and notify, webauthn:extension:credBlob: true, webauthn:extension:largeBlob: true, webauthn:extension:minPinLength: true, webauthn:extension:prf: true, webauthn:virtualAuthenticators: true}
Session ID: e29cb1ea42874eb18853fe6480a8dbdb
at org.openqa.selenium.remote.ErrorCodec.decode(ErrorCodec.java:167)
at org.openqa.selenium.remote.codec.w3c.W3CHttpResponseCodec.decode(W3CHttpResponseCodec.java:138)
at org.openqa.selenium.remote.codec.w3c.W3CHttpResponseCodec.decode(W3CHttpResponseCodec.java:50)
at org.openqa.selenium.remote.HttpCommandExecutor.execute(HttpCommandExecutor.java:190)
at org.openqa.selenium.remote.service.DriverCommandExecutor.invokeExecute(DriverCommandExecutor.java:216)
at org.openqa.selenium.remote.service.DriverCommandExecutor.execute(DriverCommandExecutor.java:174)
at org.openqa.selenium.remote.RemoteWebDriver.execute(RemoteWebDriver.java:518)
at org.openqa.selenium.remote.ElementLocation$ElementFinder$2.findElement(ElementLocation.java:165)
at org.openqa.selenium.remote.ElementLocation.findElement(ElementLocation.java:59)
at org.openqa.selenium.remote.RemoteWebDriver.findElement(RemoteWebDriver.java:355)
at org.openqa.selenium.remote.RemoteWebDriver.findElement(RemoteWebDriver.java:349)
at org.openqa.selenium.support.pagefactory.DefaultElementLocator.findElement(DefaultElementLocator.java:68)
at org.openqa.selenium.support.pagefactory.internal.LocatingElementHandler.invoke(LocatingElementHandler.java:38)
at jdk.proxy2/jdk.proxy2.$Proxy12.isDisplayed(Unknown Source)
at org.openqa.selenium.support.ui.ExpectedConditions.elementIfVisible(ExpectedConditions.java:304)
at org.openqa.selenium.support.ui.ExpectedConditions$10.apply(ExpectedConditions.java:290)
at org.openqa.selenium.support.ui.ExpectedConditions$10.apply(ExpectedConditions.java:287)
at org.openqa.selenium.support.ui.FluentWait.until(FluentWait.java:203)
... 32 more
... Removed 31 stack frames]]>
    </failure>
  </testcase> <!-- search_for_and_Add_an_Item_to_Shopping_Cart -->
  <testcase classname="tests.BestBuyECommerceApplicationTests" name="search_for_and_Add_an_Item_to_Shopping_Cart_from_Shop_by_Department_Menu" time="91.474">
    <failure type="java.lang.NullPointerException" message="Cannot invoke &amp;quot;java.util.HashMap.put(Object, Object)&amp;quot; because &amp;quot;this.data&amp;quot; is null">
      <![CDATA[java.lang.NullPointerException: Cannot invoke "java.util.HashMap.put(Object, Object)" because "this.data" is null
at pageObjects.HomePage.addToCart(HomePage.java:294)
at tests.BestBuyECommerceApplicationTests.search_for_and_Add_an_Item_to_Shopping_Cart_from_Shop_by_Department_Menu(BestBuyECommerceApplicationTests.java:60)
at java.base/java.util.ArrayList.forEach(ArrayList.java:1511)
... Removed 27 stack frames]]>
    </failure>
  </testcase> <!-- search_for_and_Add_an_Item_to_Shopping_Cart_from_Shop_by_Department_Menu -->
  <testcase classname="tests.BestBuyECommerceApplicationTests" name="search_for_and_Add_an_Item_to_Shopping_Cart_from_Any_Brands_Menu" time="90.788">
    <failure type="java.lang.NullPointerException" message="Cannot invoke &amp;quot;java.util.HashMap.put(Object, Object)&amp;quot; because &amp;quot;this.data&amp;quot; is null">
      <![CDATA[java.lang.NullPointerException: Cannot invoke "java.util.HashMap.put(Object, Object)" because "this.data" is null
at pageObjects.HomePage.addToCart(HomePage.java:294)
at tests.BestBuyECommerceApplicationTests.search_for_and_Add_an_Item_to_Shopping_Cart_from_Any_Brands_Menu(BestBuyECommerceApplicationTests.java:70)
at java.base/java.util.ArrayList.forEach(ArrayList.java:1511)
... Removed 27 stack frames]]>
    </failure>
  </testcase> <!-- search_for_and_Add_an_Item_to_Shopping_Cart_from_Any_Brands_Menu -->
  <testcase classname="tests.BestBuyECommerceApplicationTests" name="proceed_to_Payment_with_Valid_Details_after_Items_added_to_Cart" time="142.929">
    <failure type="org.openqa.selenium.TimeoutException" message="Expected condition failed: waiting for visibility of Proxy element for: DefaultElementLocator &amp;apos;By.xpath: //div[contains(@class, &amp;apos;item-added-message&amp;apos;)]//p&amp;apos; (tried for 30 second(s) with 500 milliseconds interval)">
      <![CDATA[org.openqa.selenium.TimeoutException: Expected condition failed: waiting for visibility of Proxy element for: DefaultElementLocator 'By.xpath: //div[contains(@class, 'item-added-message')]//p' (tried for 30 second(s) with 500 milliseconds interval)
at org.openqa.selenium.support.ui.WebDriverWait.timeoutException(WebDriverWait.java:84)
at org.openqa.selenium.support.ui.FluentWait.until(FluentWait.java:228)
at base.BaseComponents.waitForElementToAppear(BaseComponents.java:290)
at base.BaseComponents.validateTextContent(BaseComponents.java:351)
at pageObjects.HomePage.addToCart(HomePage.java:306)
at tests.BestBuyECommerceApplicationTests.proceed_to_Payment_with_Valid_Details_after_Items_added_to_Cart(BestBuyECommerceApplicationTests.java:82)
at java.base/java.util.ArrayList.forEach(ArrayList.java:1511)
Caused by: org.openqa.selenium.NoSuchElementException: no such element: Unable to locate element: {"method":"xpath","selector":"//div[contains(@class, 'item-added-message')]//p"}
  (Session info: chrome=128.0.6613.115)
For documentation on this error, please visit: https://www.selenium.dev/documentation/webdriver/troubleshooting/errors#no-such-element-exception
Build info: version: '4.20.0', revision: '866c76ca80'
System info: os.name: 'Windows 10', os.arch: 'amd64', os.version: '10.0', java.version: '16.0.2'
Driver info: org.openqa.selenium.chrome.ChromeDriver
Command: [5c880de7ad42c1ee51123f4909cc100e, findElement {value=//div[contains(@class, 'item-added-message')]//p, using=xpath}]
Capabilities {acceptInsecureCerts: false, browserName: chrome, browserVersion: 128.0.6613.115, chrome: {chromedriverVersion: 128.0.6613.119 (6e439cfca4d..., userDataDir: C:\Users\ARAVIN~1\AppData\L...}, fedcm:accounts: true, goog:chromeOptions: {debuggerAddress: localhost:59859}, networkConnectionEnabled: false, pageLoadStrategy: normal, platformName: windows, proxy: Proxy(), se:cdp: ws://localhost:59859/devtoo..., se:cdpVersion: 128.0.6613.115, setWindowRect: true, strictFileInteractability: false, timeouts: {implicit: 0, pageLoad: 300000, script: 30000}, unhandledPromptBehavior: dismiss and notify, webauthn:extension:credBlob: true, webauthn:extension:largeBlob: true, webauthn:extension:minPinLength: true, webauthn:extension:prf: true, webauthn:virtualAuthenticators: true}
Session ID: 5c880de7ad42c1ee51123f4909cc100e
at org.openqa.selenium.remote.ErrorCodec.decode(ErrorCodec.java:167)
at org.openqa.selenium.remote.codec.w3c.W3CHttpResponseCodec.decode(W3CHttpResponseCodec.java:138)
at org.openqa.selenium.remote.codec.w3c.W3CHttpResponseCodec.decode(W3CHttpResponseCodec.java:50)
at org.openqa.selenium.remote.HttpCommandExecutor.execute(HttpCommandExecutor.java:190)
at org.openqa.selenium.remote.service.DriverCommandExecutor.invokeExecute(DriverCommandExecutor.java:216)
at org.openqa.selenium.remote.service.DriverCommandExecutor.execute(DriverCommandExecutor.java:174)
at org.openqa.selenium.remote.RemoteWebDriver.execute(RemoteWebDriver.java:518)
at org.openqa.selenium.remote.ElementLocation$ElementFinder$2.findElement(ElementLocation.java:165)
at org.openqa.selenium.remote.ElementLocation.findElement(ElementLocation.java:59)
at org.openqa.selenium.remote.RemoteWebDriver.findElement(RemoteWebDriver.java:355)
at org.openqa.selenium.remote.RemoteWebDriver.findElement(RemoteWebDriver.java:349)
at org.openqa.selenium.support.pagefactory.DefaultElementLocator.findElement(DefaultElementLocator.java:68)
at org.openqa.selenium.support.pagefactory.internal.LocatingElementHandler.invoke(LocatingElementHandler.java:38)
at jdk.proxy2/jdk.proxy2.$Proxy12.isDisplayed(Unknown Source)
at org.openqa.selenium.support.ui.ExpectedConditions.elementIfVisible(ExpectedConditions.java:304)
at org.openqa.selenium.support.ui.ExpectedConditions$10.apply(ExpectedConditions.java:290)
at org.openqa.selenium.support.ui.ExpectedConditions$10.apply(ExpectedConditions.java:287)
at org.openqa.selenium.support.ui.FluentWait.until(FluentWait.java:203)
... 32 more
... Removed 31 stack frames]]>
    </failure>
  </testcase> <!-- proceed_to_Payment_with_Valid_Details_after_Items_added_to_Cart -->
  <testcase classname="tests.BestBuyECommerceApplicationTests" name="proceed_to_Payment_with_Invalid_Details_after_Items_added_to_Cart" time="132.065">
    <failure type="org.openqa.selenium.NoSuchElementException" message="no such element: Unable to locate element: {&amp;quot;method&amp;quot;:&amp;quot;xpath&amp;quot;,&amp;quot;selector&amp;quot;:&amp;quot;//div[contains(@class,&amp;apos;pricingContainer&amp;apos;)]//div[contains(@class,&amp;apos;salePrice&amp;apos;)]&amp;quot;}
  (Session info: chrome=128.0.6613.115)
For documentation on this error, please visit: https://www.selenium.dev/documentation/webdriver/troubleshooting/errors#no-such-element-exception
Build info: version: &amp;apos;4.20.0&amp;apos;, revision: &amp;apos;866c76ca80&amp;apos;
System info: os.name: &amp;apos;Windows 10&amp;apos;, os.arch: &amp;apos;amd64&amp;apos;, os.version: &amp;apos;10.0&amp;apos;, java.version: &amp;apos;16.0.2&amp;apos;
Driver info: org.openqa.selenium.chrome.ChromeDriver
Command: [e4c97a42436b214f73b31a20ec2868bb, findElement {value=//div[contains(@class,&amp;apos;pricingContainer&amp;apos;)]//div[contains(@class,&amp;apos;salePrice&amp;apos;)], using=xpath}]
Capabilities {acceptInsecureCerts: false, browserName: chrome, browserVersion: 128.0.6613.115, chrome: {chromedriverVersion: 128.0.6613.119 (6e439cfca4d..., userDataDir: C:\Users\ARAVIN~1\AppData\L...}, fedcm:accounts: true, goog:chromeOptions: {debuggerAddress: localhost:60032}, networkConnectionEnabled: false, pageLoadStrategy: normal, platformName: windows, proxy: Proxy(), se:cdp: ws://localhost:60032/devtoo..., se:cdpVersion: 128.0.6613.115, setWindowRect: true, strictFileInteractability: false, timeouts: {implicit: 0, pageLoad: 300000, script: 30000}, unhandledPromptBehavior: dismiss and notify, webauthn:extension:credBlob: true, webauthn:extension:largeBlob: true, webauthn:extension:minPinLength: true, webauthn:extension:prf: true, webauthn:virtualAuthenticators: true}
Session ID: e4c97a42436b214f73b31a20ec2868bb">
      <![CDATA[org.openqa.selenium.NoSuchElementException: no such element: Unable to locate element: {"method":"xpath","selector":"//div[contains(@class,'pricingContainer')]//div[contains(@class,'salePrice')]"}
  (Session info: chrome=128.0.6613.115)
For documentation on this error, please visit: https://www.selenium.dev/documentation/webdriver/troubleshooting/errors#no-such-element-exception
Build info: version: '4.20.0', revision: '866c76ca80'
System info: os.name: 'Windows 10', os.arch: 'amd64', os.version: '10.0', java.version: '16.0.2'
Driver info: org.openqa.selenium.chrome.ChromeDriver
Command: [e4c97a42436b214f73b31a20ec2868bb, findElement {value=//div[contains(@class,'pricingContainer')]//div[contains(@class,'salePrice')], using=xpath}]
Capabilities {acceptInsecureCerts: false, browserName: chrome, browserVersion: 128.0.6613.115, chrome: {chromedriverVersion: 128.0.6613.119 (6e439cfca4d..., userDataDir: C:\Users\ARAVIN~1\AppData\L...}, fedcm:accounts: true, goog:chromeOptions: {debuggerAddress: localhost:60032}, networkConnectionEnabled: false, pageLoadStrategy: normal, platformName: windows, proxy: Proxy(), se:cdp: ws://localhost:60032/devtoo..., se:cdpVersion: 128.0.6613.115, setWindowRect: true, strictFileInteractability: false, timeouts: {implicit: 0, pageLoad: 300000, script: 30000}, unhandledPromptBehavior: dismiss and notify, webauthn:extension:credBlob: true, webauthn:extension:largeBlob: true, webauthn:extension:minPinLength: true, webauthn:extension:prf: true, webauthn:virtualAuthenticators: true}
Session ID: e4c97a42436b214f73b31a20ec2868bb
at org.openqa.selenium.remote.ErrorCodec.decode(ErrorCodec.java:167)
at org.openqa.selenium.remote.codec.w3c.W3CHttpResponseCodec.decode(W3CHttpResponseCodec.java:138)
at org.openqa.selenium.remote.codec.w3c.W3CHttpResponseCodec.decode(W3CHttpResponseCodec.java:50)
at org.openqa.selenium.remote.HttpCommandExecutor.execute(HttpCommandExecutor.java:190)
at org.openqa.selenium.remote.service.DriverCommandExecutor.invokeExecute(DriverCommandExecutor.java:216)
at org.openqa.selenium.remote.service.DriverCommandExecutor.execute(DriverCommandExecutor.java:174)
at org.openqa.selenium.remote.RemoteWebDriver.execute(RemoteWebDriver.java:518)
at org.openqa.selenium.remote.ElementLocation$ElementFinder$2.findElement(ElementLocation.java:165)
at org.openqa.selenium.remote.ElementLocation.findElement(ElementLocation.java:59)
at org.openqa.selenium.remote.RemoteWebDriver.findElement(RemoteWebDriver.java:355)
at org.openqa.selenium.remote.RemoteWebDriver.findElement(RemoteWebDriver.java:349)
at org.openqa.selenium.support.pagefactory.DefaultElementLocator.findElement(DefaultElementLocator.java:68)
at org.openqa.selenium.support.pagefactory.internal.LocatingElementHandler.invoke(LocatingElementHandler.java:38)
at jdk.proxy2/jdk.proxy2.$Proxy12.getText(Unknown Source)
at base.BaseComponents.getTextContent(BaseComponents.java:133)
at pageObjects.HomePage.addToCart(HomePage.java:295)
at tests.BestBuyECommerceApplicationTests.proceed_to_Payment_with_Invalid_Details_after_Items_added_to_Cart(BestBuyECommerceApplicationTests.java:100)
at java.base/java.util.ArrayList.forEach(ArrayList.java:1511)
... Removed 31 stack frames]]>
    </failure>
  </testcase> <!-- proceed_to_Payment_with_Invalid_Details_after_Items_added_to_Cart -->
</testsuite> <!-- Test -->
