<?xml version="1.0" encoding="UTF-8"?>
<!-- Generated by org.testng.reporters.JUnitXMLReporter -->
<testsuite ignored="7" hostname="DESKTOP-3JA0FBS" failures="1" tests="1" name="Default test" time="692.836" errors="0" timestamp="2024-09-04T22:30:00 IST">
  <testcase classname="tests.BestBuyECommerceApplicationTests" name="navigation_of_all_Menu_and_Validation_of_Title_in_each_Page" time="680.883">
    <failure type="java.lang.AssertionError" message="The following asserts failed:
	Apple Products On Sale | Best Buy Canada not Matches with Apple On Sale... expected [true] but found [false],
	Laptops on Sale: New &amp;amp; Refurbished | Best Buy Canada not Matches with Laptops On Sale... expected [true] but found [false],
	Our Hottest Deals on Phones and Plans | Best Buy Canada not Matches with Top Smartphone Deals... expected [true] but found [false],
	Smart TVs: 65 inch, 32 inch, 55 inch &amp;amp; more | Best Buy Canada not Matches with Smart TVs On Sale... expected [true] but found [false],
	Major Appliances On Sale | Best Buy Canada not Matches with Major Appliance Deals... expected [true] but found [false],
	Best Buy Canada | Best Buy Canada not Matches with All Labour Day Sale Deals... expected [true] but found [false],
	Open Box Electronic Deals on Laptops, Computers &amp;amp; more | Best Buy Canada not Matches with Open Box Products... expected [true] but found [false],
	Certified Refurbished Electronics &amp;amp; Products | Best Buy Canada not Matches with Refurbished Products... expected [true] but found [false],
	Clearance Sale on Electronics &amp;amp; Other Products | Best Buy Canada not Matches with Clearance Products... expected [true] but found [false],
	Clearance Sale on Electronics &amp;amp; Other Products | Best Buy Canada not Matches with All Outlet Deals... expected [true] but found [false],
	Help Centre | Best Buy Canada not Matches with Electronics Recycling... expected [true] but found [false],
	Best Buy Health | Best Buy Canada not Matches with Best Buy Health... expected [true] but found [false],
	Geek Squad Academy: Youth Education Program | Best Buy Canada not Matches with Geek Squad Academy... expected [true] but found [false]">
      <![CDATA[java.lang.AssertionError: The following asserts failed:
Apple Products On Sale | Best Buy Canada not Matches with Apple On Sale... expected [true] but found [false],
Laptops on Sale: New & Refurbished | Best Buy Canada not Matches with Laptops On Sale... expected [true] but found [false],
Our Hottest Deals on Phones and Plans | Best Buy Canada not Matches with Top Smartphone Deals... expected [true] but found [false],
Smart TVs: 65 inch, 32 inch, 55 inch & more | Best Buy Canada not Matches with Smart TVs On Sale... expected [true] but found [false],
Major Appliances On Sale | Best Buy Canada not Matches with Major Appliance Deals... expected [true] but found [false],
Best Buy Canada | Best Buy Canada not Matches with All Labour Day Sale Deals... expected [true] but found [false],
Open Box Electronic Deals on Laptops, Computers & more | Best Buy Canada not Matches with Open Box Products... expected [true] but found [false],
Certified Refurbished Electronics & Products | Best Buy Canada not Matches with Refurbished Products... expected [true] but found [false],
Clearance Sale on Electronics & Other Products | Best Buy Canada not Matches with Clearance Products... expected [true] but found [false],
Clearance Sale on Electronics & Other Products | Best Buy Canada not Matches with All Outlet Deals... expected [true] but found [false],
Help Centre | Best Buy Canada not Matches with Electronics Recycling... expected [true] but found [false],
Best Buy Health | Best Buy Canada not Matches with Best Buy Health... expected [true] but found [false],
Geek Squad Academy: Youth Education Program | Best Buy Canada not Matches with Geek Squad Academy... expected [true] but found [false]
at org.testng.asserts.SoftAssert.assertAll(SoftAssert.java:46)
at org.testng.asserts.SoftAssert.assertAll(SoftAssert.java:30)
at pageObjects.HomePage.navigateToAllTheMenu(HomePage.java:150)
at tests.BestBuyECommerceApplicationTests.navigation_of_all_Menu_and_Validation_of_Title_in_each_Page(BestBuyECommerceApplicationTests.java:21)
at java.base/jdk.internal.reflect.NativeMethodAccessorImpl.invoke0(Native Method)
at java.base/jdk.internal.reflect.NativeMethodAccessorImpl.invoke(NativeMethodAccessorImpl.java:78)
at java.base/jdk.internal.reflect.DelegatingMethodAccessorImpl.invoke(DelegatingMethodAccessorImpl.java:43)
at java.base/java.lang.reflect.Method.invoke(Method.java:567)
at org.testng.internal.invokers.MethodInvocationHelper.invokeMethod(MethodInvocationHelper.java:141)
at org.testng.internal.invokers.TestInvoker.invokeMethod(TestInvoker.java:686)
at org.testng.internal.invokers.TestInvoker.invokeTestMethod(TestInvoker.java:230)
at org.testng.internal.invokers.MethodRunner.runInSequence(MethodRunner.java:63)
at org.testng.internal.invokers.TestInvoker$MethodInvocationAgent.invoke(TestInvoker.java:992)
at org.testng.internal.invokers.TestInvoker.invokeTestMethods(TestInvoker.java:203)
at org.testng.internal.invokers.TestMethodWorker.invokeTestMethods(TestMethodWorker.java:154)
at org.testng.internal.invokers.TestMethodWorker.run(TestMethodWorker.java:134)
at java.base/java.util.ArrayList.forEach(ArrayList.java:1511)
at org.testng.TestRunner.privateRun(TestRunner.java:739)
at org.testng.TestRunner.run(TestRunner.java:614)
at org.testng.SuiteRunner.runTest(SuiteRunner.java:421)
at org.testng.SuiteRunner.runSequentially(SuiteRunner.java:413)
at org.testng.SuiteRunner.privateRun(SuiteRunner.java:373)
at org.testng.SuiteRunner.run(SuiteRunner.java:312)
at org.testng.SuiteRunnerWorker.runSuite(SuiteRunnerWorker.java:52)
at org.testng.SuiteRunnerWorker.run(SuiteRunnerWorker.java:95)
at org.testng.TestNG.runSuitesSequentially(TestNG.java:1274)
at org.testng.TestNG.runSuitesLocally(TestNG.java:1208)
at org.testng.TestNG.runSuites(TestNG.java:1112)
at org.testng.TestNG.run(TestNG.java:1079)
at org.testng.remote.AbstractRemoteTestNG.run(AbstractRemoteTestNG.java:115)
at org.testng.remote.RemoteTestNG.initAndRun(RemoteTestNG.java:293)
at org.testng.remote.RemoteTestNG.main(RemoteTestNG.java:91)
]]>
    </failure>
  </testcase> <!-- navigation_of_all_Menu_and_Validation_of_Title_in_each_Page -->
  <testcase classname="tests.BestBuyECommerceApplicationTests" name="validating_Bottom_Links" time="0.0">
    <ignored/>
  </testcase> <!-- validating_Bottom_Links -->
  <testcase classname="tests.BestBuyECommerceApplicationTests" name="search_for_an_Item_filtering_the_Results" time="0.0">
    <ignored/>
  </testcase> <!-- search_for_an_Item_filtering_the_Results -->
  <testcase classname="tests.BestBuyECommerceApplicationTests" name="search_for_and_Add_an_Item_to_Shopping_Cart_from_Shop_by_Department_Menu" time="0.0">
    <ignored/>
  </testcase> <!-- search_for_and_Add_an_Item_to_Shopping_Cart_from_Shop_by_Department_Menu -->
  <testcase classname="tests.BestBuyECommerceApplicationTests" name="search_for_and_Add_an_Item_to_Shopping_Cart_from_Any_Brands_Menu" time="0.0">
    <ignored/>
  </testcase> <!-- search_for_and_Add_an_Item_to_Shopping_Cart_from_Any_Brands_Menu -->
  <testcase classname="tests.BestBuyECommerceApplicationTests" name="search_for_and_Add_an_Item_to_Shopping_Cart" time="0.0">
    <ignored/>
  </testcase> <!-- search_for_and_Add_an_Item_to_Shopping_Cart -->
  <testcase classname="tests.BestBuyECommerceApplicationTests" name="proceed_to_Payment_with_Invalid_Details_after_Items_added_to_Cart" time="0.0">
    <ignored/>
  </testcase> <!-- proceed_to_Payment_with_Invalid_Details_after_Items_added_to_Cart -->
  <testcase classname="tests.BestBuyECommerceApplicationTests" name="proceed_to_Payment_with_Valid_Details_after_Items_added_to_Cart" time="0.0">
    <ignored/>
  </testcase> <!-- proceed_to_Payment_with_Valid_Details_after_Items_added_to_Cart -->
</testsuite> <!-- Default test -->
