<!DOCTYPE html PUBLIC "-//W3C//DTD XHTML 1.1//EN" "https://www.w3.org/TR/xhtml11/DTD/xhtml11.dtd">
<html xmlns="https://www.w3.org/1999/xhtml">
<head>
<meta http-equiv="content-type" content="text/html; charset=UTF-8"/>
<title>TestNG Report</title>
<style type="text/css">table {margin-bottom:10px;border-collapse:collapse;empty-cells:show}th,td {border:1px solid #009;padding:.25em .5em}th {vertical-align:bottom}td {vertical-align:top}table a {font-weight:bold}.stripe td {background-color: #E6EBF9}.num {text-align:right}.passedodd td {background-color: #3F3}.passedeven td {background-color: #0A0}.skippedodd td {background-color: #DDD}.skippedeven td {background-color: #CCC}.failedodd td,.attn {background-color: #F33}.failedeven td,.stripe .attn {background-color: #D00}.stacktrace {white-space:pre;font-family:monospace}.totop {font-size:85%;text-align:center;border-bottom:2px solid #000}.invisible {display:none}</style>
</head>
<body>
<table>
<tr><th>Test</th><th># Passed</th><th># Skipped</th><th># Retried</th><th># Failed</th><th>Time (ms)</th><th>Included Groups</th><th>Excluded Groups</th></tr>
<tr><th colspan="8">Suite</th></tr>
<tr><td><a href="#t0">Test</a></td><td class="num">13</td><td class="num">0</td><td class="num">0</td><td class="num attn">12</td><td class="num">4,480,294</td><td></td><td></td></tr>
</table>
<table id='summary'><thead><tr><th>Class</th><th>Method</th><th>Start</th><th>Time (ms)</th></tr></thead><tbody><tr><th colspan="4">Suite</th></tr></tbody><tbody id="t0"><tr><th colspan="4">Test &#8212; failed</th></tr><tr class="failedeven"><td rowspan="6">tests.BestBuyECommerceApplicationTests</td><td><a href="#m0">navigation_of_all_Menu_and_Validation_of_Title_in_each_Page</a></td><td rowspan="1">1725505409906</td><td rowspan="1">589218</td></tr><tr class="failedeven"><td><a href="#m1">proceed_to_Payment_with_Invalid_Details_after_Items_added_to_Cart</a></td><td rowspan="1">1725507807870</td><td rowspan="1">132065</td></tr><tr class="failedeven"><td><a href="#m2">proceed_to_Payment_with_Valid_Details_after_Items_added_to_Cart</a></td><td rowspan="1">1725507660180</td><td rowspan="1">142929</td></tr><tr class="failedeven"><td><a href="#m3">search_for_and_Add_an_Item_to_Shopping_Cart</a></td><td rowspan="1">1725507314558</td><td rowspan="1">147373</td></tr><tr class="failedeven"><td><a href="#m4">search_for_and_Add_an_Item_to_Shopping_Cart_from_Any_Brands_Menu</a></td><td rowspan="1">1725507562977</td><td rowspan="1">90788</td></tr><tr class="failedeven"><td><a href="#m5">search_for_and_Add_an_Item_to_Shopping_Cart_from_Shop_by_Department_Menu</a></td><td rowspan="1">1725507466378</td><td rowspan="1">91474</td></tr><tr class="failedodd"><td rowspan="6">tests.LoginTests</td><td><a href="#m6">entering_AlphaNumeric_value_in_each_Field</a></td><td rowspan="1">1725505036638</td><td rowspan="1">116342</td></tr><tr class="failedodd"><td><a href="#m7">entering_Invalid_Password</a></td><td rowspan="1">1725504814303</td><td rowspan="1">96673</td></tr><tr class="failedodd"><td><a href="#m8">entering_Invalid_User_Name</a></td><td rowspan="1">1725504715710</td><td rowspan="1">94289</td></tr><tr class="failedodd"><td><a href="#m9">entering_Symbolic_value_in_each_Field</a></td><td rowspan="1">1725505157170</td><td rowspan="1">118171</td></tr><tr class="failedodd"><td><a href="#m10">entering_Valid_User_Details</a></td><td rowspan="1">1725505279632</td><td rowspan="1">125703</td></tr><tr class="failedodd"><td><a href="#m11">entering_numerical_value_in_each_Field</a></td><td rowspan="1">1725504915697</td><td rowspan="1">115946</td></tr><tr><th colspan="4">Test &#8212; passed</th></tr><tr class="passedeven"><td rowspan="2">tests.BestBuyECommerceApplicationTests</td><td><a href="#m12">search_for_an_Item_filtering_the_Results</a></td><td rowspan="1">1725507196845</td><td rowspan="1">113430</td></tr><tr class="passedeven"><td><a href="#m13">validating_Bottom_Links</a></td><td rowspan="1">1725506004595</td><td rowspan="1">1186842</td></tr><tr class="passedodd"><td rowspan="2">tests.LoginTests</td><td><a href="#m14">entering_blank_value_in_each_Field</a></td><td rowspan="1">1725504623477</td><td rowspan="1">87926</td></tr><tr class="passedodd"><td><a href="#m15">without_entering_User_Details</a></td><td rowspan="1">1725504545796</td><td rowspan="1">72887</td></tr><tr class="passedeven"><td rowspan="9">tests.SignUpTests</td><td><a href="#m16">already_Existed_User_Details</a></td><td rowspan="1">1725504304270</td><td rowspan="1">113648</td></tr><tr class="passedeven"><td><a href="#m17">entering_AlphaNumeric_value_in_each_Field</a></td><td rowspan="1">1725503888915</td><td rowspan="1">145134</td></tr><tr class="passedeven"><td><a href="#m18">entering_Symbolic_value_in_each_Field</a></td><td rowspan="1">1725504039588</td><td rowspan="1">145803</td></tr><tr class="passedeven"><td><a href="#m19">entering_Valid_User_Details</a></td><td rowspan="1">1725504190607</td><td rowspan="1">108775</td></tr><tr class="passedeven"><td><a href="#m20">entering_blank_value_in_each_Field</a></td><td rowspan="1">1725503582993</td><td rowspan="1">145160</td></tr><tr class="passedeven"><td><a href="#m21">entering_numerical_value_in_each_Field</a></td><td rowspan="1">1725503733470</td><td rowspan="1">150900</td></tr><tr class="passedeven"><td><a href="#m22">password_Checklist_Validation</a></td><td rowspan="1">1725504422298</td><td rowspan="1">118880</td></tr><tr class="passedeven"><td><a href="#m23">validating_whether_given_URL_is_Broken_or_not</a></td><td rowspan="1">1725503471808</td><td rowspan="1">9464</td></tr><tr class="passedeven"><td><a href="#m24">without_entering_User_Details</a></td><td rowspan="1">1725503486852</td><td rowspan="1">90407</td></tr></tbody>
</table>
<h2>Test</h2><h3 id="m0">tests.BestBuyECommerceApplicationTests#navigation_of_all_Menu_and_Validation_of_Title_in_each_Page</h3><table class="result"><tr><th>Exception</th></tr><tr><td><div class="stacktrace">java.lang.AssertionError: The following asserts failed:
	&quot;Apple Products On Sale | Best Buy Canada&quot; not Matches with &quot;Apple On Sale&quot;... expected [true] but found [false],
	&quot;Dyson On Sale | Best Buy Canada&quot; not Matches with &quot;Logitech On Sale&quot;... expected [true] but found [false],
	&quot;Laptops on Sale: New &amp; Refurbished | Best Buy Canada&quot; not Matches with &quot;Laptops On Sale&quot;... expected [true] but found [false],
	&quot;Our Hottest Deals on Phones and Plans | Best Buy Canada&quot; not Matches with &quot;Top Smartphone Deals&quot;... expected [true] but found [false],
	&quot;Smart TVs: 65 inch, 32 inch, 55 inch &amp; more | Best Buy Canada&quot; not Matches with &quot;Smart TVs On Sale&quot;... expected [true] but found [false],
	&quot;Major Appliances On Sale | Best Buy Canada&quot; not Matches with &quot;Major Appliance Deals&quot;... expected [true] but found [false],
	&quot;Top Deals: Weekly Flyer | Best Buy Canada&quot; not Matches with &quot;All Labour Day Sale Deals&quot;... expected [true] but found [false],
	&quot;Open Box Electronic Deals on Laptops, Computers &amp; more | Best Buy Canada&quot; not Matches with &quot;Open Box Products&quot;... expected [true] but found [false],
	&quot;Open Box Electronic Deals on Laptops, Computers &amp; more | Best Buy Canada&quot; not Matches with &quot;Refurbished Products&quot;... expected [true] but found [false],
	&quot;Clearance Sale on Electronics &amp; Other Products | Best Buy Canada&quot; not Matches with &quot;Clearance Products&quot;... expected [true] but found [false],
	&quot;Best Buy Outlet: Outlet Deals on Electronics | Best Buy Canada&quot; not Matches with &quot;All Outlet Deals&quot;... expected [true] but found [false],
	&quot;Geek Squad Services: Online &amp; In-Store | Best Buy Canada&quot; not Matches with &quot;Best Buy Membership&quot;... expected [true] but found [false],
	&quot;Best Buy Membership | Best Buy Canada&quot; not Matches with &quot;Best Buy Protection&quot;... expected [true] but found [false],
	&quot;Best Buy Protection &amp; Extended Warranty | Best Buy Canada&quot; not Matches with &quot;Best Buy Business&quot;... expected [true] but found [false],
	&quot;Best Buy Business | Best Buy Canada&quot; not Matches with &quot;Monthly Subscription&quot;... expected [true] but found [false],
	&quot;Best Buy Monthly Subscription | Best Buy Canada&quot; not Matches with &quot;Trade-In Program&quot;... expected [true] but found [false],
	&quot;Help Centre | Best Buy Canada&quot; not Matches with &quot;Electronics Recycling&quot;... expected [true] but found [false],
	&quot;Best Buy Health | Best Buy Canada&quot; not Matches with &quot;Geek Squad Academy&quot;... expected [true] but found [false]
	at pageObjects.HomePage.navigateToAllTheMenu(HomePage.java:158)
	at tests.BestBuyECommerceApplicationTests.navigation_of_all_Menu_and_Validation_of_Title_in_each_Page(BestBuyECommerceApplicationTests.java:21)
	at java.base/java.util.ArrayList.forEach(ArrayList.java:1511)
... Removed 29 stack frames</div></td></tr></table><p class="totop"><a href="#summary">back to summary</a></p>
<h3 id="m1">tests.BestBuyECommerceApplicationTests#proceed_to_Payment_with_Invalid_Details_after_Items_added_to_Cart</h3><table class="result"><tr><th>Exception</th></tr><tr><td><div class="stacktrace">org.openqa.selenium.NoSuchElementException: no such element: Unable to locate element: {&quot;method&quot;:&quot;xpath&quot;,&quot;selector&quot;:&quot;//div[contains(@class,&apos;pricingContainer&apos;)]//div[contains(@class,&apos;salePrice&apos;)]&quot;}
  (Session info: chrome=128.0.6613.115)
For documentation on this error, please visit: https://www.selenium.dev/documentation/webdriver/troubleshooting/errors#no-such-element-exception
Build info: version: &apos;4.20.0&apos;, revision: &apos;866c76ca80&apos;
System info: os.name: &apos;Windows 10&apos;, os.arch: &apos;amd64&apos;, os.version: &apos;10.0&apos;, java.version: &apos;16.0.2&apos;
Driver info: org.openqa.selenium.chrome.ChromeDriver
Command: [e4c97a42436b214f73b31a20ec2868bb, findElement {value=//div[contains(@class,&apos;pricingContainer&apos;)]//div[contains(@class,&apos;salePrice&apos;)], using=xpath}]
Capabilities {acceptInsecureCerts: false, browserName: chrome, browserVersion: 128.0.6613.115, chrome: {chromedriverVersion: 128.0.6613.119 (6e439cfca4d..., userDataDir: C:\Users\ARAVIN~1\AppData\L...}, fedcm:accounts: true, goog:chromeOptions: {debuggerAddress: localhost:60032}, networkConnectionEnabled: false, pageLoadStrategy: normal, platformName: windows, proxy: Proxy(), se:cdp: ws://localhost:60032/devtoo..., se:cdpVersion: 128.0.6613.115, setWindowRect: true, strictFileInteractability: false, timeouts: {implicit: 0, pageLoad: 300000, script: 30000}, unhandledPromptBehavior: dismiss and notify, webauthn:extension:credBlob: true, webauthn:extension:largeBlob: true, webauthn:extension:minPinLength: true, webauthn:extension:prf: true, webauthn:virtualAuthenticators: true}
Session ID: e4c97a42436b214f73b31a20ec2868bb
	at org.openqa.selenium.remote.ErrorCodec.decode(ErrorCodec.java:167)
	at org.openqa.selenium.remote.codec.w3c.W3CHttpResponseCodec.decode(W3CHttpResponseCodec.java:138)
	at org.openqa.selenium.remote.codec.w3c.W3CHttpResponseCodec.decode(W3CHttpResponseCodec.java:50)
	at org.openqa.selenium.remote.HttpCommandExecutor.execute(HttpCommandExecutor.java:190)
	at org.openqa.selenium.remote.service.DriverCommandExecutor.invokeExecute(DriverCommandExecutor.java:216)
	at org.openqa.selenium.remote.service.DriverCommandExecutor.execute(DriverCommandExecutor.java:174)
	at org.openqa.selenium.remote.RemoteWebDriver.execute(RemoteWebDriver.java:518)
	at org.openqa.selenium.remote.ElementLocation$ElementFinder$2.findElement(ElementLocation.java:165)
	at org.openqa.selenium.remote.ElementLocation.findElement(ElementLocation.java:59)
	at org.openqa.selenium.remote.RemoteWebDriver.findElement(RemoteWebDriver.java:355)
	at org.openqa.selenium.remote.RemoteWebDriver.findElement(RemoteWebDriver.java:349)
	at org.openqa.selenium.support.pagefactory.DefaultElementLocator.findElement(DefaultElementLocator.java:68)
	at org.openqa.selenium.support.pagefactory.internal.LocatingElementHandler.invoke(LocatingElementHandler.java:38)
	at jdk.proxy2/jdk.proxy2.$Proxy12.getText(Unknown Source)
	at base.BaseComponents.getTextContent(BaseComponents.java:133)
	at pageObjects.HomePage.addToCart(HomePage.java:295)
	at tests.BestBuyECommerceApplicationTests.proceed_to_Payment_with_Invalid_Details_after_Items_added_to_Cart(BestBuyECommerceApplicationTests.java:100)
	at java.base/java.util.ArrayList.forEach(ArrayList.java:1511)
... Removed 31 stack frames</div></td></tr></table><p class="totop"><a href="#summary">back to summary</a></p>
<h3 id="m2">tests.BestBuyECommerceApplicationTests#proceed_to_Payment_with_Valid_Details_after_Items_added_to_Cart</h3><table class="result"><tr><th>Exception</th></tr><tr><td><div class="stacktrace">org.openqa.selenium.TimeoutException: Expected condition failed: waiting for visibility of Proxy element for: DefaultElementLocator &apos;By.xpath: //div[contains(@class, &apos;item-added-message&apos;)]//p&apos; (tried for 30 second(s) with 500 milliseconds interval)
	at org.openqa.selenium.support.ui.WebDriverWait.timeoutException(WebDriverWait.java:84)
	at org.openqa.selenium.support.ui.FluentWait.until(FluentWait.java:228)
	at base.BaseComponents.waitForElementToAppear(BaseComponents.java:290)
	at base.BaseComponents.validateTextContent(BaseComponents.java:351)
	at pageObjects.HomePage.addToCart(HomePage.java:306)
	at tests.BestBuyECommerceApplicationTests.proceed_to_Payment_with_Valid_Details_after_Items_added_to_Cart(BestBuyECommerceApplicationTests.java:82)
	at java.base/java.util.ArrayList.forEach(ArrayList.java:1511)
Caused by: org.openqa.selenium.NoSuchElementException: no such element: Unable to locate element: {&quot;method&quot;:&quot;xpath&quot;,&quot;selector&quot;:&quot;//div[contains(@class, &apos;item-added-message&apos;)]//p&quot;}
  (Session info: chrome=128.0.6613.115)
For documentation on this error, please visit: https://www.selenium.dev/documentation/webdriver/troubleshooting/errors#no-such-element-exception
Build info: version: &apos;4.20.0&apos;, revision: &apos;866c76ca80&apos;
System info: os.name: &apos;Windows 10&apos;, os.arch: &apos;amd64&apos;, os.version: &apos;10.0&apos;, java.version: &apos;16.0.2&apos;
Driver info: org.openqa.selenium.chrome.ChromeDriver
Command: [5c880de7ad42c1ee51123f4909cc100e, findElement {value=//div[contains(@class, &apos;item-added-message&apos;)]//p, using=xpath}]
Capabilities {acceptInsecureCerts: false, browserName: chrome, browserVersion: 128.0.6613.115, chrome: {chromedriverVersion: 128.0.6613.119 (6e439cfca4d..., userDataDir: C:\Users\ARAVIN~1\AppData\L...}, fedcm:accounts: true, goog:chromeOptions: {debuggerAddress: localhost:59859}, networkConnectionEnabled: false, pageLoadStrategy: normal, platformName: windows, proxy: Proxy(), se:cdp: ws://localhost:59859/devtoo..., se:cdpVersion: 128.0.6613.115, setWindowRect: true, strictFileInteractability: false, timeouts: {implicit: 0, pageLoad: 300000, script: 30000}, unhandledPromptBehavior: dismiss and notify, webauthn:extension:credBlob: true, webauthn:extension:largeBlob: true, webauthn:extension:minPinLength: true, webauthn:extension:prf: true, webauthn:virtualAuthenticators: true}
Session ID: 5c880de7ad42c1ee51123f4909cc100e
	at org.openqa.selenium.remote.ErrorCodec.decode(ErrorCodec.java:167)
	at org.openqa.selenium.remote.codec.w3c.W3CHttpResponseCodec.decode(W3CHttpResponseCodec.java:138)
	at org.openqa.selenium.remote.codec.w3c.W3CHttpResponseCodec.decode(W3CHttpResponseCodec.java:50)
	at org.openqa.selenium.remote.HttpCommandExecutor.execute(HttpCommandExecutor.java:190)
	at org.openqa.selenium.remote.service.DriverCommandExecutor.invokeExecute(DriverCommandExecutor.java:216)
	at org.openqa.selenium.remote.service.DriverCommandExecutor.execute(DriverCommandExecutor.java:174)
	at org.openqa.selenium.remote.RemoteWebDriver.execute(RemoteWebDriver.java:518)
	at org.openqa.selenium.remote.ElementLocation$ElementFinder$2.findElement(ElementLocation.java:165)
	at org.openqa.selenium.remote.ElementLocation.findElement(ElementLocation.java:59)
	at org.openqa.selenium.remote.RemoteWebDriver.findElement(RemoteWebDriver.java:355)
	at org.openqa.selenium.remote.RemoteWebDriver.findElement(RemoteWebDriver.java:349)
	at org.openqa.selenium.support.pagefactory.DefaultElementLocator.findElement(DefaultElementLocator.java:68)
	at org.openqa.selenium.support.pagefactory.internal.LocatingElementHandler.invoke(LocatingElementHandler.java:38)
	at jdk.proxy2/jdk.proxy2.$Proxy12.isDisplayed(Unknown Source)
	at org.openqa.selenium.support.ui.ExpectedConditions.elementIfVisible(ExpectedConditions.java:304)
	at org.openqa.selenium.support.ui.ExpectedConditions$10.apply(ExpectedConditions.java:290)
	at org.openqa.selenium.support.ui.ExpectedConditions$10.apply(ExpectedConditions.java:287)
	at org.openqa.selenium.support.ui.FluentWait.until(FluentWait.java:203)
	... 32 more
... Removed 31 stack frames</div></td></tr></table><p class="totop"><a href="#summary">back to summary</a></p>
<h3 id="m3">tests.BestBuyECommerceApplicationTests#search_for_and_Add_an_Item_to_Shopping_Cart</h3><table class="result"><tr><th>Exception</th></tr><tr><td><div class="stacktrace">org.openqa.selenium.TimeoutException: Expected condition failed: waiting for visibility of Proxy element for: DefaultElementLocator &apos;By.xpath: //div[contains(@class, &apos;item-added-message&apos;)]//p&apos; (tried for 30 second(s) with 500 milliseconds interval)
	at org.openqa.selenium.support.ui.WebDriverWait.timeoutException(WebDriverWait.java:84)
	at org.openqa.selenium.support.ui.FluentWait.until(FluentWait.java:228)
	at base.BaseComponents.waitForElementToAppear(BaseComponents.java:290)
	at base.BaseComponents.validateTextContent(BaseComponents.java:351)
	at pageObjects.HomePage.addToCart(HomePage.java:306)
	at tests.BestBuyECommerceApplicationTests.search_for_and_Add_an_Item_to_Shopping_Cart(BestBuyECommerceApplicationTests.java:50)
	at java.base/java.util.ArrayList.forEach(ArrayList.java:1511)
Caused by: org.openqa.selenium.NoSuchElementException: no such element: Unable to locate element: {&quot;method&quot;:&quot;xpath&quot;,&quot;selector&quot;:&quot;//div[contains(@class, &apos;item-added-message&apos;)]//p&quot;}
  (Session info: chrome=128.0.6613.115)
For documentation on this error, please visit: https://www.selenium.dev/documentation/webdriver/troubleshooting/errors#no-such-element-exception
Build info: version: &apos;4.20.0&apos;, revision: &apos;866c76ca80&apos;
System info: os.name: &apos;Windows 10&apos;, os.arch: &apos;amd64&apos;, os.version: &apos;10.0&apos;, java.version: &apos;16.0.2&apos;
Driver info: org.openqa.selenium.chrome.ChromeDriver
Command: [e29cb1ea42874eb18853fe6480a8dbdb, findElement {value=//div[contains(@class, &apos;item-added-message&apos;)]//p, using=xpath}]
Capabilities {acceptInsecureCerts: false, browserName: chrome, browserVersion: 128.0.6613.115, chrome: {chromedriverVersion: 128.0.6613.119 (6e439cfca4d..., userDataDir: C:\Users\ARAVIN~1\AppData\L...}, fedcm:accounts: true, goog:chromeOptions: {debuggerAddress: localhost:59363}, networkConnectionEnabled: false, pageLoadStrategy: normal, platformName: windows, proxy: Proxy(), se:cdp: ws://localhost:59363/devtoo..., se:cdpVersion: 128.0.6613.115, setWindowRect: true, strictFileInteractability: false, timeouts: {implicit: 0, pageLoad: 300000, script: 30000}, unhandledPromptBehavior: dismiss and notify, webauthn:extension:credBlob: true, webauthn:extension:largeBlob: true, webauthn:extension:minPinLength: true, webauthn:extension:prf: true, webauthn:virtualAuthenticators: true}
Session ID: e29cb1ea42874eb18853fe6480a8dbdb
	at org.openqa.selenium.remote.ErrorCodec.decode(ErrorCodec.java:167)
	at org.openqa.selenium.remote.codec.w3c.W3CHttpResponseCodec.decode(W3CHttpResponseCodec.java:138)
	at org.openqa.selenium.remote.codec.w3c.W3CHttpResponseCodec.decode(W3CHttpResponseCodec.java:50)
	at org.openqa.selenium.remote.HttpCommandExecutor.execute(HttpCommandExecutor.java:190)
	at org.openqa.selenium.remote.service.DriverCommandExecutor.invokeExecute(DriverCommandExecutor.java:216)
	at org.openqa.selenium.remote.service.DriverCommandExecutor.execute(DriverCommandExecutor.java:174)
	at org.openqa.selenium.remote.RemoteWebDriver.execute(RemoteWebDriver.java:518)
	at org.openqa.selenium.remote.ElementLocation$ElementFinder$2.findElement(ElementLocation.java:165)
	at org.openqa.selenium.remote.ElementLocation.findElement(ElementLocation.java:59)
	at org.openqa.selenium.remote.RemoteWebDriver.findElement(RemoteWebDriver.java:355)
	at org.openqa.selenium.remote.RemoteWebDriver.findElement(RemoteWebDriver.java:349)
	at org.openqa.selenium.support.pagefactory.DefaultElementLocator.findElement(DefaultElementLocator.java:68)
	at org.openqa.selenium.support.pagefactory.internal.LocatingElementHandler.invoke(LocatingElementHandler.java:38)
	at jdk.proxy2/jdk.proxy2.$Proxy12.isDisplayed(Unknown Source)
	at org.openqa.selenium.support.ui.ExpectedConditions.elementIfVisible(ExpectedConditions.java:304)
	at org.openqa.selenium.support.ui.ExpectedConditions$10.apply(ExpectedConditions.java:290)
	at org.openqa.selenium.support.ui.ExpectedConditions$10.apply(ExpectedConditions.java:287)
	at org.openqa.selenium.support.ui.FluentWait.until(FluentWait.java:203)
	... 32 more
... Removed 31 stack frames</div></td></tr></table><p class="totop"><a href="#summary">back to summary</a></p>
<h3 id="m4">tests.BestBuyECommerceApplicationTests#search_for_and_Add_an_Item_to_Shopping_Cart_from_Any_Brands_Menu</h3><table class="result"><tr><th>Exception</th></tr><tr><td><div class="stacktrace">java.lang.NullPointerException: Cannot invoke &quot;java.util.HashMap.put(Object, Object)&quot; because &quot;this.data&quot; is null
	at pageObjects.HomePage.addToCart(HomePage.java:294)
	at tests.BestBuyECommerceApplicationTests.search_for_and_Add_an_Item_to_Shopping_Cart_from_Any_Brands_Menu(BestBuyECommerceApplicationTests.java:70)
	at java.base/java.util.ArrayList.forEach(ArrayList.java:1511)
... Removed 27 stack frames</div></td></tr></table><p class="totop"><a href="#summary">back to summary</a></p>
<h3 id="m5">tests.BestBuyECommerceApplicationTests#search_for_and_Add_an_Item_to_Shopping_Cart_from_Shop_by_Department_Menu</h3><table class="result"><tr><th>Exception</th></tr><tr><td><div class="stacktrace">java.lang.NullPointerException: Cannot invoke &quot;java.util.HashMap.put(Object, Object)&quot; because &quot;this.data&quot; is null
	at pageObjects.HomePage.addToCart(HomePage.java:294)
	at tests.BestBuyECommerceApplicationTests.search_for_and_Add_an_Item_to_Shopping_Cart_from_Shop_by_Department_Menu(BestBuyECommerceApplicationTests.java:60)
	at java.base/java.util.ArrayList.forEach(ArrayList.java:1511)
... Removed 27 stack frames</div></td></tr></table><p class="totop"><a href="#summary">back to summary</a></p>
<h3 id="m6">tests.LoginTests#entering_AlphaNumeric_value_in_each_Field</h3><table class="result"><tr><th>Exception</th></tr><tr><td><div class="stacktrace">java.lang.AssertionError: expected [Sorry, the e-mail address and password you entered don’t match. Please try again.] but found [Sorry, something went wrong. Please try again.]
	at pageObjects.LoginPage.validateErrorText(LoginPage.java:64)
	at tests.LoginTests.entering_AlphaNumeric_value_in_each_Field(LoginTests.java:167)
	at java.base/java.util.ArrayList.forEach(ArrayList.java:1511)
... Removed 33 stack frames</div></td></tr></table><p class="totop"><a href="#summary">back to summary</a></p>
<h3 id="m7">tests.LoginTests#entering_Invalid_Password</h3><table class="result"><tr><th>Exception</th></tr><tr><td><div class="stacktrace">java.lang.AssertionError: expected [Sorry, the e-mail address and password you entered don’t match. Please try again.] but found [Sorry, something went wrong. Please try again.]
	at pageObjects.LoginPage.validateErrorText(LoginPage.java:64)
	at tests.LoginTests.entering_Invalid_Password(LoginTests.java:104)
	at java.base/java.util.ArrayList.forEach(ArrayList.java:1511)
... Removed 33 stack frames</div></td></tr></table><p class="totop"><a href="#summary">back to summary</a></p>
<h3 id="m8">tests.LoginTests#entering_Invalid_User_Name</h3><table class="result"><tr><th>Exception</th></tr><tr><td><div class="stacktrace">java.lang.AssertionError: expected [Sorry, the e-mail address and password you entered don’t match. Please try again.] but found [Sorry, something went wrong. Please try again.]
	at pageObjects.LoginPage.validateErrorText(LoginPage.java:64)
	at tests.LoginTests.entering_Invalid_User_Name(LoginTests.java:84)
	at java.base/java.util.ArrayList.forEach(ArrayList.java:1511)
... Removed 33 stack frames</div></td></tr></table><p class="totop"><a href="#summary">back to summary</a></p>
<h3 id="m9">tests.LoginTests#entering_Symbolic_value_in_each_Field</h3><table class="result"><tr><th>Exception</th></tr><tr><td><div class="stacktrace">java.lang.AssertionError: expected [Sorry, the e-mail address and password you entered don’t match. Please try again.] but found [Sorry, something went wrong. Please try again.]
	at pageObjects.LoginPage.validateErrorText(LoginPage.java:64)
	at tests.LoginTests.entering_Symbolic_value_in_each_Field(LoginTests.java:200)
	at java.base/java.util.ArrayList.forEach(ArrayList.java:1511)
... Removed 33 stack frames</div></td></tr></table><p class="totop"><a href="#summary">back to summary</a></p>
<h3 id="m10">tests.LoginTests#entering_Valid_User_Details</h3><table class="result"><tr><th>Exception</th></tr><tr><td><div class="stacktrace">org.openqa.selenium.TimeoutException: Expected condition failed: waiting for visibility of Proxy element for: DefaultElementLocator &apos;By.xpath: //*[@data-automation=&apos;account-greeting&apos;]/span&apos; (tried for 30 second(s) with 500 milliseconds interval)
	at org.openqa.selenium.support.ui.WebDriverWait.timeoutException(WebDriverWait.java:84)
	at org.openqa.selenium.support.ui.FluentWait.until(FluentWait.java:228)
	at base.BaseComponents.waitForElementToAppear(BaseComponents.java:290)
	at pageObjects.HomePage.validateProfileName(HomePage.java:115)
	at tests.LoginTests.entering_Valid_User_Details(LoginTests.java:226)
	at java.base/java.util.ArrayList.forEach(ArrayList.java:1511)
Caused by: org.openqa.selenium.NoSuchElementException: no such element: Unable to locate element: {&quot;method&quot;:&quot;xpath&quot;,&quot;selector&quot;:&quot;//*[@data-automation=&apos;account-greeting&apos;]/span&quot;}
  (Session info: chrome=128.0.6613.115)
For documentation on this error, please visit: https://www.selenium.dev/documentation/webdriver/troubleshooting/errors#no-such-element-exception
Build info: version: &apos;4.20.0&apos;, revision: &apos;866c76ca80&apos;
System info: os.name: &apos;Windows 10&apos;, os.arch: &apos;amd64&apos;, os.version: &apos;10.0&apos;, java.version: &apos;16.0.2&apos;
Driver info: org.openqa.selenium.chrome.ChromeDriver
Command: [2b91593ba5195ff989172c1b62343801, findElement {value=//*[@data-automation=&apos;account-greeting&apos;]/span, using=xpath}]
Capabilities {acceptInsecureCerts: false, browserName: chrome, browserVersion: 128.0.6613.115, chrome: {chromedriverVersion: 128.0.6613.119 (6e439cfca4d..., userDataDir: C:\Users\ARAVIN~1\AppData\L...}, fedcm:accounts: true, goog:chromeOptions: {debuggerAddress: localhost:58135}, networkConnectionEnabled: false, pageLoadStrategy: normal, platformName: windows, proxy: Proxy(), se:cdp: ws://localhost:58135/devtoo..., se:cdpVersion: 128.0.6613.115, setWindowRect: true, strictFileInteractability: false, timeouts: {implicit: 0, pageLoad: 300000, script: 30000}, unhandledPromptBehavior: dismiss and notify, webauthn:extension:credBlob: true, webauthn:extension:largeBlob: true, webauthn:extension:minPinLength: true, webauthn:extension:prf: true, webauthn:virtualAuthenticators: true}
Session ID: 2b91593ba5195ff989172c1b62343801
	at org.openqa.selenium.remote.ErrorCodec.decode(ErrorCodec.java:167)
	at org.openqa.selenium.remote.codec.w3c.W3CHttpResponseCodec.decode(W3CHttpResponseCodec.java:138)
	at org.openqa.selenium.remote.codec.w3c.W3CHttpResponseCodec.decode(W3CHttpResponseCodec.java:50)
	at org.openqa.selenium.remote.HttpCommandExecutor.execute(HttpCommandExecutor.java:190)
	at org.openqa.selenium.remote.service.DriverCommandExecutor.invokeExecute(DriverCommandExecutor.java:216)
	at org.openqa.selenium.remote.service.DriverCommandExecutor.execute(DriverCommandExecutor.java:174)
	at org.openqa.selenium.remote.RemoteWebDriver.execute(RemoteWebDriver.java:518)
	at org.openqa.selenium.remote.ElementLocation$ElementFinder$2.findElement(ElementLocation.java:165)
	at org.openqa.selenium.remote.ElementLocation.findElement(ElementLocation.java:59)
	at org.openqa.selenium.remote.RemoteWebDriver.findElement(RemoteWebDriver.java:355)
	at org.openqa.selenium.remote.RemoteWebDriver.findElement(RemoteWebDriver.java:349)
	at org.openqa.selenium.support.pagefactory.DefaultElementLocator.findElement(DefaultElementLocator.java:68)
	at org.openqa.selenium.support.pagefactory.internal.LocatingElementHandler.invoke(LocatingElementHandler.java:38)
	at jdk.proxy2/jdk.proxy2.$Proxy12.isDisplayed(Unknown Source)
	at org.openqa.selenium.support.ui.ExpectedConditions.elementIfVisible(ExpectedConditions.java:304)
	at org.openqa.selenium.support.ui.ExpectedConditions$10.apply(ExpectedConditions.java:290)
	at org.openqa.selenium.support.ui.ExpectedConditions$10.apply(ExpectedConditions.java:287)
	at org.openqa.selenium.support.ui.FluentWait.until(FluentWait.java:203)
	... 31 more
... Removed 32 stack frames</div></td></tr></table><p class="totop"><a href="#summary">back to summary</a></p>
<h3 id="m11">tests.LoginTests#entering_numerical_value_in_each_Field</h3><table class="result"><tr><th>Exception</th></tr><tr><td><div class="stacktrace">java.lang.AssertionError: expected [Sorry, the e-mail address and password you entered don’t match. Please try again.] but found [Sorry, something went wrong. Please try again.]
	at pageObjects.LoginPage.validateErrorText(LoginPage.java:64)
	at tests.LoginTests.entering_numerical_value_in_each_Field(LoginTests.java:134)
	at java.base/java.util.ArrayList.forEach(ArrayList.java:1511)
... Removed 33 stack frames</div></td></tr></table><p class="totop"><a href="#summary">back to summary</a></p>
<h3 id="m12">tests.BestBuyECommerceApplicationTests#search_for_an_Item_filtering_the_Results</h3><table class="result"><tr><th class="invisible"/></tr></table><p class="totop"><a href="#summary">back to summary</a></p>
<h3 id="m13">tests.BestBuyECommerceApplicationTests#validating_Bottom_Links</h3><table class="result"><tr><th class="invisible"/></tr></table><p class="totop"><a href="#summary">back to summary</a></p>
<h3 id="m14">tests.LoginTests#entering_blank_value_in_each_Field</h3><table class="result"><tr><th class="invisible"/></tr></table><p class="totop"><a href="#summary">back to summary</a></p>
<h3 id="m15">tests.LoginTests#without_entering_User_Details</h3><table class="result"><tr><th class="invisible"/></tr></table><p class="totop"><a href="#summary">back to summary</a></p>
<h3 id="m16">tests.SignUpTests#already_Existed_User_Details</h3><table class="result"><tr><th class="invisible"/></tr></table><p class="totop"><a href="#summary">back to summary</a></p>
<h3 id="m17">tests.SignUpTests#entering_AlphaNumeric_value_in_each_Field</h3><table class="result"><tr><th class="invisible"/></tr></table><p class="totop"><a href="#summary">back to summary</a></p>
<h3 id="m18">tests.SignUpTests#entering_Symbolic_value_in_each_Field</h3><table class="result"><tr><th class="invisible"/></tr></table><p class="totop"><a href="#summary">back to summary</a></p>
<h3 id="m19">tests.SignUpTests#entering_Valid_User_Details</h3><table class="result"><tr><th class="invisible"/></tr></table><p class="totop"><a href="#summary">back to summary</a></p>
<h3 id="m20">tests.SignUpTests#entering_blank_value_in_each_Field</h3><table class="result"><tr><th class="invisible"/></tr></table><p class="totop"><a href="#summary">back to summary</a></p>
<h3 id="m21">tests.SignUpTests#entering_numerical_value_in_each_Field</h3><table class="result"><tr><th class="invisible"/></tr></table><p class="totop"><a href="#summary">back to summary</a></p>
<h3 id="m22">tests.SignUpTests#password_Checklist_Validation</h3><table class="result"><tr><th class="invisible"/></tr></table><p class="totop"><a href="#summary">back to summary</a></p>
<h3 id="m23">tests.SignUpTests#validating_whether_given_URL_is_Broken_or_not</h3><table class="result"><tr><th class="invisible"/></tr></table><p class="totop"><a href="#summary">back to summary</a></p>
<h3 id="m24">tests.SignUpTests#without_entering_User_Details</h3><table class="result"><tr><th class="invisible"/></tr></table><p class="totop"><a href="#summary">back to summary</a></p>
</body>
</html>
