<!DOCTYPE html>

<html>
  <head>
  <meta charset='utf-8'>
  <title>TestNG reports</title>

    <link type="text/css" href="testng-reports1.css" rel="stylesheet" id="ultra" />
    <link type="text/css" href="testng-reports.css" rel="stylesheet" id="retro" disabled="false"/>
    <script type="text/javascript" src="jquery-3.6.0.min.js"></script>
    <script type="text/javascript" src="testng-reports.js"></script>
    <script type="text/javascript" src="https://www.google.com/jsapi"></script>
    <script type='text/javascript'>
      google.load('visualization', '1', {packages:['table']});
      google.setOnLoadCallback(drawTable);
      var suiteTableInitFunctions = new Array();
      var suiteTableData = new Array();
    </script>
    <!--
      <script type="text/javascript" src="jquery-ui/js/jquery-ui-1.8.16.custom.min.js"></script>
     -->
  </head>

  <body>    <div class="top-banner-root">
      <span class="top-banner-title-font">Test results</span>
      <button id="button" class="button">Switch Retro Theme</button> <!-- button -->
      <br/>
      <span class="top-banner-font-1">1 suite, 12 failed tests</span>
    </div> <!-- top-banner-root -->
    <div class="navigator-root">
      <div class="navigator-suite-header">
        <span>All suites</span>
        <a href="#" title="Collapse/expand all the suites" class="collapse-all-link">
          <img src="collapseall.gif" class="collapse-all-icon">
          </img> <!-- collapse-all-icon -->
        </a> <!-- collapse-all-link -->
      </div> <!-- navigator-suite-header -->
      <div class="suite">
        <div class="rounded-window">
          <div class="suite-header light-rounded-window-top">
            <a href="#" panel-name="suite-Suite" class="navigator-link">
              <span class="suite-name border-failed">Suite</span>
            </a> <!-- navigator-link -->
          </div> <!-- suite-header light-rounded-window-top -->
          <div class="navigator-suite-content">
            <div class="suite-section-title">
              <span>Info</span>
            </div> <!-- suite-section-title -->
            <div class="suite-section-content">
              <ul>
                <li>
                  <a href="#" panel-name="test-xml-Suite" class="navigator-link ">
                    <span>S:\Eclipse Workspace\Ecommerce_Capstone_Project_GUVI\testng.xml</span>
                  </a> <!-- navigator-link  -->
                </li>
                <li>
                  <a href="#" panel-name="testlist-Suite" class="navigator-link ">
                    <span class="test-stats">1 test</span>
                  </a> <!-- navigator-link  -->
                </li>
                <li>
                  <a href="#" panel-name="group-Suite" class="navigator-link ">
                    <span>0 groups</span>
                  </a> <!-- navigator-link  -->
                </li>
                <li>
                  <a href="#" panel-name="times-Suite" class="navigator-link ">
                    <span>Times</span>
                  </a> <!-- navigator-link  -->
                </li>
                <li>
                  <a href="#" panel-name="reporter-Suite" class="navigator-link ">
                    <span>Reporter output</span>
                  </a> <!-- navigator-link  -->
                </li>
                <li>
                  <a href="#" panel-name="ignored-methods-Suite" class="navigator-link ">
                    <span>Ignored methods</span>
                  </a> <!-- navigator-link  -->
                </li>
                <li>
                  <a href="#" panel-name="chronological-Suite" class="navigator-link ">
                    <span>Chronological view</span>
                  </a> <!-- navigator-link  -->
                </li>
              </ul>
            </div> <!-- suite-section-content -->
            <div class="result-section">
              <div class="suite-section-title">
                <span>Results</span>
              </div> <!-- suite-section-title -->
              <div class="suite-section-content">
                <ul>
                  <li>
                    <span class="method-stats">25 methods, 12 failed,   13 passed</span>
                  </li>
                  <li>
                    <span class="method-list-title failed">Failed methods</span>
                    <span class="show-or-hide-methods failed">
                      <a href="#" panel-name="suite-Suite" class="hide-methods failed suite-Suite"> (hide)</a> <!-- hide-methods failed suite-Suite -->
                      <a href="#" panel-name="suite-Suite" class="show-methods failed suite-Suite"> (show)</a> <!-- show-methods failed suite-Suite -->
                    </span>
                    <div class="method-list-content failed suite-Suite">
                      <span>
                        <img src="failed.png" width="3%"/>
                        <a href="#" panel-name="suite-Suite" title="tests.LoginTests" class="method navigator-link" hash-for-method="entering_AlphaNumeric_value_in_each_Field">entering_AlphaNumeric_value_in_each_Field</a> <!-- method navigator-link -->
                      </span>
                      <br/>
                      <span>
                        <img src="failed.png" width="3%"/>
                        <a href="#" panel-name="suite-Suite" title="tests.LoginTests" class="method navigator-link" hash-for-method="entering_Invalid_Password">entering_Invalid_Password</a> <!-- method navigator-link -->
                      </span>
                      <br/>
                      <span>
                        <img src="failed.png" width="3%"/>
                        <a href="#" panel-name="suite-Suite" title="tests.LoginTests" class="method navigator-link" hash-for-method="entering_Invalid_User_Name">entering_Invalid_User_Name</a> <!-- method navigator-link -->
                      </span>
                      <br/>
                      <span>
                        <img src="failed.png" width="3%"/>
                        <a href="#" panel-name="suite-Suite" title="tests.LoginTests" class="method navigator-link" hash-for-method="entering_Symbolic_value_in_each_Field">entering_Symbolic_value_in_each_Field</a> <!-- method navigator-link -->
                      </span>
                      <br/>
                      <span>
                        <img src="failed.png" width="3%"/>
                        <a href="#" panel-name="suite-Suite" title="tests.LoginTests" class="method navigator-link" hash-for-method="entering_Valid_User_Details">entering_Valid_User_Details</a> <!-- method navigator-link -->
                      </span>
                      <br/>
                      <span>
                        <img src="failed.png" width="3%"/>
                        <a href="#" panel-name="suite-Suite" title="tests.LoginTests" class="method navigator-link" hash-for-method="entering_numerical_value_in_each_Field">entering_numerical_value_in_each_Field</a> <!-- method navigator-link -->
                      </span>
                      <br/>
                      <span>
                        <img src="failed.png" width="3%"/>
                        <a href="#" panel-name="suite-Suite" title="tests.BestBuyECommerceApplicationTests" class="method navigator-link" hash-for-method="navigation_of_all_Menu_and_Validation_of_Title_in_each_Page">navigation_of_all_Menu_and_Validation_of_Title_in_each_Page</a> <!-- method navigator-link -->
                      </span>
                      <br/>
                      <span>
                        <img src="failed.png" width="3%"/>
                        <a href="#" panel-name="suite-Suite" title="tests.BestBuyECommerceApplicationTests" class="method navigator-link" hash-for-method="proceed_to_Payment_with_Invalid_Details_after_Items_added_to_Cart">proceed_to_Payment_with_Invalid_Details_after_Items_added_to_Cart</a> <!-- method navigator-link -->
                      </span>
                      <br/>
                      <span>
                        <img src="failed.png" width="3%"/>
                        <a href="#" panel-name="suite-Suite" title="tests.BestBuyECommerceApplicationTests" class="method navigator-link" hash-for-method="proceed_to_Payment_with_Valid_Details_after_Items_added_to_Cart">proceed_to_Payment_with_Valid_Details_after_Items_added_to_Cart</a> <!-- method navigator-link -->
                      </span>
                      <br/>
                      <span>
                        <img src="failed.png" width="3%"/>
                        <a href="#" panel-name="suite-Suite" title="tests.BestBuyECommerceApplicationTests" class="method navigator-link" hash-for-method="search_for_and_Add_an_Item_to_Shopping_Cart">search_for_and_Add_an_Item_to_Shopping_Cart</a> <!-- method navigator-link -->
                      </span>
                      <br/>
                      <span>
                        <img src="failed.png" width="3%"/>
                        <a href="#" panel-name="suite-Suite" title="tests.BestBuyECommerceApplicationTests" class="method navigator-link" hash-for-method="search_for_and_Add_an_Item_to_Shopping_Cart_from_Any_Brands_Menu">search_for_and_Add_an_Item_to_Shopping_Cart_from_Any_Brands_Menu</a> <!-- method navigator-link -->
                      </span>
                      <br/>
                      <span>
                        <img src="failed.png" width="3%"/>
                        <a href="#" panel-name="suite-Suite" title="tests.BestBuyECommerceApplicationTests" class="method navigator-link" hash-for-method="search_for_and_Add_an_Item_to_Shopping_Cart_from_Shop_by_Department_Menu">search_for_and_Add_an_Item_to_Shopping_Cart_from_Shop_by_Department_Menu</a> <!-- method navigator-link -->
                      </span>
                      <br/>
                    </div> <!-- method-list-content failed suite-Suite -->
                  </li>
                  <li>
                    <span class="method-list-title passed">Passed methods</span>
                    <span class="show-or-hide-methods passed">
                      <a href="#" panel-name="suite-Suite" class="hide-methods passed suite-Suite"> (hide)</a> <!-- hide-methods passed suite-Suite -->
                      <a href="#" panel-name="suite-Suite" class="show-methods passed suite-Suite"> (show)</a> <!-- show-methods passed suite-Suite -->
                    </span>
                    <div class="method-list-content passed suite-Suite">
                      <span>
                        <img src="passed.png" width="3%"/>
                        <a href="#" panel-name="suite-Suite" title="tests.SignUpTests" class="method navigator-link" hash-for-method="already_Existed_User_Details">already_Existed_User_Details</a> <!-- method navigator-link -->
                      </span>
                      <br/>
                      <span>
                        <img src="passed.png" width="3%"/>
                        <a href="#" panel-name="suite-Suite" title="tests.SignUpTests" class="method navigator-link" hash-for-method="entering_AlphaNumeric_value_in_each_Field">entering_AlphaNumeric_value_in_each_Field</a> <!-- method navigator-link -->
                      </span>
                      <br/>
                      <span>
                        <img src="passed.png" width="3%"/>
                        <a href="#" panel-name="suite-Suite" title="tests.SignUpTests" class="method navigator-link" hash-for-method="entering_Symbolic_value_in_each_Field">entering_Symbolic_value_in_each_Field</a> <!-- method navigator-link -->
                      </span>
                      <br/>
                      <span>
                        <img src="passed.png" width="3%"/>
                        <a href="#" panel-name="suite-Suite" title="tests.SignUpTests" class="method navigator-link" hash-for-method="entering_Valid_User_Details">entering_Valid_User_Details</a> <!-- method navigator-link -->
                      </span>
                      <br/>
                      <span>
                        <img src="passed.png" width="3%"/>
                        <a href="#" panel-name="suite-Suite" title="tests.SignUpTests" class="method navigator-link" hash-for-method="entering_blank_value_in_each_Field">entering_blank_value_in_each_Field</a> <!-- method navigator-link -->
                      </span>
                      <br/>
                      <span>
                        <img src="passed.png" width="3%"/>
                        <a href="#" panel-name="suite-Suite" title="tests.LoginTests" class="method navigator-link" hash-for-method="entering_blank_value_in_each_Field">entering_blank_value_in_each_Field</a> <!-- method navigator-link -->
                      </span>
                      <br/>
                      <span>
                        <img src="passed.png" width="3%"/>
                        <a href="#" panel-name="suite-Suite" title="tests.SignUpTests" class="method navigator-link" hash-for-method="entering_numerical_value_in_each_Field">entering_numerical_value_in_each_Field</a> <!-- method navigator-link -->
                      </span>
                      <br/>
                      <span>
                        <img src="passed.png" width="3%"/>
                        <a href="#" panel-name="suite-Suite" title="tests.SignUpTests" class="method navigator-link" hash-for-method="password_Checklist_Validation">password_Checklist_Validation</a> <!-- method navigator-link -->
                      </span>
                      <br/>
                      <span>
                        <img src="passed.png" width="3%"/>
                        <a href="#" panel-name="suite-Suite" title="tests.BestBuyECommerceApplicationTests" class="method navigator-link" hash-for-method="search_for_an_Item_filtering_the_Results">search_for_an_Item_filtering_the_Results</a> <!-- method navigator-link -->
                      </span>
                      <br/>
                      <span>
                        <img src="passed.png" width="3%"/>
                        <a href="#" panel-name="suite-Suite" title="tests.BestBuyECommerceApplicationTests" class="method navigator-link" hash-for-method="validating_Bottom_Links">validating_Bottom_Links</a> <!-- method navigator-link -->
                      </span>
                      <br/>
                      <span>
                        <img src="passed.png" width="3%"/>
                        <a href="#" panel-name="suite-Suite" title="tests.SignUpTests" class="method navigator-link" hash-for-method="validating_whether_given_URL_is_Broken_or_not">validating_whether_given_URL_is_Broken_or_not</a> <!-- method navigator-link -->
                      </span>
                      <br/>
                      <span>
                        <img src="passed.png" width="3%"/>
                        <a href="#" panel-name="suite-Suite" title="tests.LoginTests" class="method navigator-link" hash-for-method="without_entering_User_Details">without_entering_User_Details</a> <!-- method navigator-link -->
                      </span>
                      <br/>
                      <span>
                        <img src="passed.png" width="3%"/>
                        <a href="#" panel-name="suite-Suite" title="tests.SignUpTests" class="method navigator-link" hash-for-method="without_entering_User_Details">without_entering_User_Details</a> <!-- method navigator-link -->
                      </span>
                      <br/>
                    </div> <!-- method-list-content passed suite-Suite -->
                  </li>
                </ul>
              </div> <!-- suite-section-content -->
            </div> <!-- result-section -->
          </div> <!-- navigator-suite-content -->
        </div> <!-- rounded-window -->
      </div> <!-- suite -->
    </div> <!-- navigator-root -->
    <div class="wrapper">
      <div class="main-panel-root">
        <div panel-name="suite-Suite" class="panel Suite">
          <div class="suite-Suite-class-failed">
            <div class="main-panel-header rounded-window-top">
              <img src="failed.png"/>
              <span class="class-name">tests.LoginTests</span>
            </div> <!-- main-panel-header rounded-window-top -->
            <div class="main-panel-content rounded-window-bottom">
              <div class="method">
                <div class="method-content">
                  <a name="entering_AlphaNumeric_value_in_each_Field">
                  </a> <!-- entering_AlphaNumeric_value_in_each_Field -->
                  <span class="method-name">entering_AlphaNumeric_value_in_each_Field</span>
                  <div class="stack-trace">java.lang.AssertionError: expected [Sorry, the e-mail address and password you entered don’t match. Please try again.] but found [Sorry, something went wrong. Please try again.]
	at pageObjects.LoginPage.validateErrorText(LoginPage.java:64)
	at tests.LoginTests.entering_AlphaNumeric_value_in_each_Field(LoginTests.java:167)
	at java.base/java.util.ArrayList.forEach(ArrayList.java:1511)
... Removed 33 stack frames
</div> <!-- stack-trace -->
                </div> <!-- method-content -->
              </div> <!-- method -->
              <div class="method">
                <div class="method-content">
                  <a name="entering_Invalid_Password">
                  </a> <!-- entering_Invalid_Password -->
                  <span class="method-name">entering_Invalid_Password</span>
                  <div class="stack-trace">java.lang.AssertionError: expected [Sorry, the e-mail address and password you entered don’t match. Please try again.] but found [Sorry, something went wrong. Please try again.]
	at pageObjects.LoginPage.validateErrorText(LoginPage.java:64)
	at tests.LoginTests.entering_Invalid_Password(LoginTests.java:104)
	at java.base/java.util.ArrayList.forEach(ArrayList.java:1511)
... Removed 33 stack frames
</div> <!-- stack-trace -->
                </div> <!-- method-content -->
              </div> <!-- method -->
              <div class="method">
                <div class="method-content">
                  <a name="entering_Invalid_User_Name">
                  </a> <!-- entering_Invalid_User_Name -->
                  <span class="method-name">entering_Invalid_User_Name</span>
                  <div class="stack-trace">java.lang.AssertionError: expected [Sorry, the e-mail address and password you entered don’t match. Please try again.] but found [Sorry, something went wrong. Please try again.]
	at pageObjects.LoginPage.validateErrorText(LoginPage.java:64)
	at tests.LoginTests.entering_Invalid_User_Name(LoginTests.java:84)
	at java.base/java.util.ArrayList.forEach(ArrayList.java:1511)
... Removed 33 stack frames
</div> <!-- stack-trace -->
                </div> <!-- method-content -->
              </div> <!-- method -->
              <div class="method">
                <div class="method-content">
                  <a name="entering_Symbolic_value_in_each_Field">
                  </a> <!-- entering_Symbolic_value_in_each_Field -->
                  <span class="method-name">entering_Symbolic_value_in_each_Field</span>
                  <div class="stack-trace">java.lang.AssertionError: expected [Sorry, the e-mail address and password you entered don’t match. Please try again.] but found [Sorry, something went wrong. Please try again.]
	at pageObjects.LoginPage.validateErrorText(LoginPage.java:64)
	at tests.LoginTests.entering_Symbolic_value_in_each_Field(LoginTests.java:200)
	at java.base/java.util.ArrayList.forEach(ArrayList.java:1511)
... Removed 33 stack frames
</div> <!-- stack-trace -->
                </div> <!-- method-content -->
              </div> <!-- method -->
              <div class="method">
                <div class="method-content">
                  <a name="entering_Valid_User_Details">
                  </a> <!-- entering_Valid_User_Details -->
                  <span class="method-name">entering_Valid_User_Details</span>
                  <div class="stack-trace">org.openqa.selenium.TimeoutException: Expected condition failed: waiting for visibility of Proxy element for: DefaultElementLocator &apos;By.xpath: //*[@data-automation=&apos;account-greeting&apos;]/span&apos; (tried for 30 second(s) with 500 milliseconds interval)
	at org.openqa.selenium.support.ui.WebDriverWait.timeoutException(WebDriverWait.java:84)
	at org.openqa.selenium.support.ui.FluentWait.until(FluentWait.java:228)
	at base.BaseComponents.waitForElementToAppear(BaseComponents.java:290)
	at pageObjects.HomePage.validateProfileName(HomePage.java:115)
	at tests.LoginTests.entering_Valid_User_Details(LoginTests.java:226)
	at java.base/java.util.ArrayList.forEach(ArrayList.java:1511)
Caused by: org.openqa.selenium.NoSuchElementException: no such element: Unable to locate element: {&quot;method&quot;:&quot;xpath&quot;,&quot;selector&quot;:&quot;//*[@data-automation=&apos;account-greeting&apos;]/span&quot;}
  (Session info: chrome=128.0.6613.115)
For documentation on this error, please visit: https://www.selenium.dev/documentation/webdriver/troubleshooting/errors#no-such-element-exception
Build info: version: &apos;4.20.0&apos;, revision: &apos;866c76ca80&apos;
System info: os.name: &apos;Windows 10&apos;, os.arch: &apos;amd64&apos;, os.version: &apos;10.0&apos;, java.version: &apos;16.0.2&apos;
Driver info: org.openqa.selenium.chrome.ChromeDriver
Command: [2b91593ba5195ff989172c1b62343801, findElement {value=//*[@data-automation=&apos;account-greeting&apos;]/span, using=xpath}]
Capabilities {acceptInsecureCerts: false, browserName: chrome, browserVersion: 128.0.6613.115, chrome: {chromedriverVersion: 128.0.6613.119 (6e439cfca4d..., userDataDir: C:\Users\ARAVIN~1\AppData\L...}, fedcm:accounts: true, goog:chromeOptions: {debuggerAddress: localhost:58135}, networkConnectionEnabled: false, pageLoadStrategy: normal, platformName: windows, proxy: Proxy(), se:cdp: ws://localhost:58135/devtoo..., se:cdpVersion: 128.0.6613.115, setWindowRect: true, strictFileInteractability: false, timeouts: {implicit: 0, pageLoad: 300000, script: 30000}, unhandledPromptBehavior: dismiss and notify, webauthn:extension:credBlob: true, webauthn:extension:largeBlob: true, webauthn:extension:minPinLength: true, webauthn:extension:prf: true, webauthn:virtualAuthenticators: true}
Session ID: 2b91593ba5195ff989172c1b62343801
	at org.openqa.selenium.remote.ErrorCodec.decode(ErrorCodec.java:167)
	at org.openqa.selenium.remote.codec.w3c.W3CHttpResponseCodec.decode(W3CHttpResponseCodec.java:138)
	at org.openqa.selenium.remote.codec.w3c.W3CHttpResponseCodec.decode(W3CHttpResponseCodec.java:50)
	at org.openqa.selenium.remote.HttpCommandExecutor.execute(HttpCommandExecutor.java:190)
	at org.openqa.selenium.remote.service.DriverCommandExecutor.invokeExecute(DriverCommandExecutor.java:216)
	at org.openqa.selenium.remote.service.DriverCommandExecutor.execute(DriverCommandExecutor.java:174)
	at org.openqa.selenium.remote.RemoteWebDriver.execute(RemoteWebDriver.java:518)
	at org.openqa.selenium.remote.ElementLocation$ElementFinder$2.findElement(ElementLocation.java:165)
	at org.openqa.selenium.remote.ElementLocation.findElement(ElementLocation.java:59)
	at org.openqa.selenium.remote.RemoteWebDriver.findElement(RemoteWebDriver.java:355)
	at org.openqa.selenium.remote.RemoteWebDriver.findElement(RemoteWebDriver.java:349)
	at org.openqa.selenium.support.pagefactory.DefaultElementLocator.findElement(DefaultElementLocator.java:68)
	at org.openqa.selenium.support.pagefactory.internal.LocatingElementHandler.invoke(LocatingElementHandler.java:38)
	at jdk.proxy2/jdk.proxy2.$Proxy12.isDisplayed(Unknown Source)
	at org.openqa.selenium.support.ui.ExpectedConditions.elementIfVisible(ExpectedConditions.java:304)
	at org.openqa.selenium.support.ui.ExpectedConditions$10.apply(ExpectedConditions.java:290)
	at org.openqa.selenium.support.ui.ExpectedConditions$10.apply(ExpectedConditions.java:287)
	at org.openqa.selenium.support.ui.FluentWait.until(FluentWait.java:203)
	... 31 more
... Removed 32 stack frames
</div> <!-- stack-trace -->
                </div> <!-- method-content -->
              </div> <!-- method -->
              <div class="method">
                <div class="method-content">
                  <a name="entering_numerical_value_in_each_Field">
                  </a> <!-- entering_numerical_value_in_each_Field -->
                  <span class="method-name">entering_numerical_value_in_each_Field</span>
                  <div class="stack-trace">java.lang.AssertionError: expected [Sorry, the e-mail address and password you entered don’t match. Please try again.] but found [Sorry, something went wrong. Please try again.]
	at pageObjects.LoginPage.validateErrorText(LoginPage.java:64)
	at tests.LoginTests.entering_numerical_value_in_each_Field(LoginTests.java:134)
	at java.base/java.util.ArrayList.forEach(ArrayList.java:1511)
... Removed 33 stack frames
</div> <!-- stack-trace -->
                </div> <!-- method-content -->
              </div> <!-- method -->
            </div> <!-- main-panel-content rounded-window-bottom -->
          </div> <!-- suite-Suite-class-failed -->
          <div class="suite-Suite-class-failed">
            <div class="main-panel-header rounded-window-top">
              <img src="failed.png"/>
              <span class="class-name">tests.BestBuyECommerceApplicationTests</span>
            </div> <!-- main-panel-header rounded-window-top -->
            <div class="main-panel-content rounded-window-bottom">
              <div class="method">
                <div class="method-content">
                  <a name="navigation_of_all_Menu_and_Validation_of_Title_in_each_Page">
                  </a> <!-- navigation_of_all_Menu_and_Validation_of_Title_in_each_Page -->
                  <span class="method-name">navigation_of_all_Menu_and_Validation_of_Title_in_each_Page</span>
                  <div class="stack-trace">java.lang.AssertionError: The following asserts failed:
	&quot;Apple Products On Sale | Best Buy Canada&quot; not Matches with &quot;Apple On Sale&quot;... expected [true] but found [false],
	&quot;Dyson On Sale | Best Buy Canada&quot; not Matches with &quot;Logitech On Sale&quot;... expected [true] but found [false],
	&quot;Laptops on Sale: New &amp; Refurbished | Best Buy Canada&quot; not Matches with &quot;Laptops On Sale&quot;... expected [true] but found [false],
	&quot;Our Hottest Deals on Phones and Plans | Best Buy Canada&quot; not Matches with &quot;Top Smartphone Deals&quot;... expected [true] but found [false],
	&quot;Smart TVs: 65 inch, 32 inch, 55 inch &amp; more | Best Buy Canada&quot; not Matches with &quot;Smart TVs On Sale&quot;... expected [true] but found [false],
	&quot;Major Appliances On Sale | Best Buy Canada&quot; not Matches with &quot;Major Appliance Deals&quot;... expected [true] but found [false],
	&quot;Top Deals: Weekly Flyer | Best Buy Canada&quot; not Matches with &quot;All Labour Day Sale Deals&quot;... expected [true] but found [false],
	&quot;Open Box Electronic Deals on Laptops, Computers &amp; more | Best Buy Canada&quot; not Matches with &quot;Open Box Products&quot;... expected [true] but found [false],
	&quot;Open Box Electronic Deals on Laptops, Computers &amp; more | Best Buy Canada&quot; not Matches with &quot;Refurbished Products&quot;... expected [true] but found [false],
	&quot;Clearance Sale on Electronics &amp; Other Products | Best Buy Canada&quot; not Matches with &quot;Clearance Products&quot;... expected [true] but found [false],
	&quot;Best Buy Outlet: Outlet Deals on Electronics | Best Buy Canada&quot; not Matches with &quot;All Outlet Deals&quot;... expected [true] but found [false],
	&quot;Geek Squad Services: Online &amp; In-Store | Best Buy Canada&quot; not Matches with &quot;Best Buy Membership&quot;... expected [true] but found [false],
	&quot;Best Buy Membership | Best Buy Canada&quot; not Matches with &quot;Best Buy Protection&quot;... expected [true] but found [false],
	&quot;Best Buy Protection &amp; Extended Warranty | Best Buy Canada&quot; not Matches with &quot;Best Buy Business&quot;... expected [true] but found [false],
	&quot;Best Buy Business | Best Buy Canada&quot; not Matches with &quot;Monthly Subscription&quot;... expected [true] but found [false],
	&quot;Best Buy Monthly Subscription | Best Buy Canada&quot; not Matches with &quot;Trade-In Program&quot;... expected [true] but found [false],
	&quot;Help Centre | Best Buy Canada&quot; not Matches with &quot;Electronics Recycling&quot;... expected [true] but found [false],
	&quot;Best Buy Health | Best Buy Canada&quot; not Matches with &quot;Geek Squad Academy&quot;... expected [true] but found [false]
	at pageObjects.HomePage.navigateToAllTheMenu(HomePage.java:158)
	at tests.BestBuyECommerceApplicationTests.navigation_of_all_Menu_and_Validation_of_Title_in_each_Page(BestBuyECommerceApplicationTests.java:21)
	at java.base/java.util.ArrayList.forEach(ArrayList.java:1511)
... Removed 29 stack frames
</div> <!-- stack-trace -->
                </div> <!-- method-content -->
              </div> <!-- method -->
              <div class="method">
                <div class="method-content">
                  <a name="proceed_to_Payment_with_Invalid_Details_after_Items_added_to_Cart">
                  </a> <!-- proceed_to_Payment_with_Invalid_Details_after_Items_added_to_Cart -->
                  <span class="method-name">proceed_to_Payment_with_Invalid_Details_after_Items_added_to_Cart</span>
                  <div class="stack-trace">org.openqa.selenium.NoSuchElementException: no such element: Unable to locate element: {&quot;method&quot;:&quot;xpath&quot;,&quot;selector&quot;:&quot;//div[contains(@class,&apos;pricingContainer&apos;)]//div[contains(@class,&apos;salePrice&apos;)]&quot;}
  (Session info: chrome=128.0.6613.115)
For documentation on this error, please visit: https://www.selenium.dev/documentation/webdriver/troubleshooting/errors#no-such-element-exception
Build info: version: &apos;4.20.0&apos;, revision: &apos;866c76ca80&apos;
System info: os.name: &apos;Windows 10&apos;, os.arch: &apos;amd64&apos;, os.version: &apos;10.0&apos;, java.version: &apos;16.0.2&apos;
Driver info: org.openqa.selenium.chrome.ChromeDriver
Command: [e4c97a42436b214f73b31a20ec2868bb, findElement {value=//div[contains(@class,&apos;pricingContainer&apos;)]//div[contains(@class,&apos;salePrice&apos;)], using=xpath}]
Capabilities {acceptInsecureCerts: false, browserName: chrome, browserVersion: 128.0.6613.115, chrome: {chromedriverVersion: 128.0.6613.119 (6e439cfca4d..., userDataDir: C:\Users\ARAVIN~1\AppData\L...}, fedcm:accounts: true, goog:chromeOptions: {debuggerAddress: localhost:60032}, networkConnectionEnabled: false, pageLoadStrategy: normal, platformName: windows, proxy: Proxy(), se:cdp: ws://localhost:60032/devtoo..., se:cdpVersion: 128.0.6613.115, setWindowRect: true, strictFileInteractability: false, timeouts: {implicit: 0, pageLoad: 300000, script: 30000}, unhandledPromptBehavior: dismiss and notify, webauthn:extension:credBlob: true, webauthn:extension:largeBlob: true, webauthn:extension:minPinLength: true, webauthn:extension:prf: true, webauthn:virtualAuthenticators: true}
Session ID: e4c97a42436b214f73b31a20ec2868bb
	at org.openqa.selenium.remote.ErrorCodec.decode(ErrorCodec.java:167)
	at org.openqa.selenium.remote.codec.w3c.W3CHttpResponseCodec.decode(W3CHttpResponseCodec.java:138)
	at org.openqa.selenium.remote.codec.w3c.W3CHttpResponseCodec.decode(W3CHttpResponseCodec.java:50)
	at org.openqa.selenium.remote.HttpCommandExecutor.execute(HttpCommandExecutor.java:190)
	at org.openqa.selenium.remote.service.DriverCommandExecutor.invokeExecute(DriverCommandExecutor.java:216)
	at org.openqa.selenium.remote.service.DriverCommandExecutor.execute(DriverCommandExecutor.java:174)
	at org.openqa.selenium.remote.RemoteWebDriver.execute(RemoteWebDriver.java:518)
	at org.openqa.selenium.remote.ElementLocation$ElementFinder$2.findElement(ElementLocation.java:165)
	at org.openqa.selenium.remote.ElementLocation.findElement(ElementLocation.java:59)
	at org.openqa.selenium.remote.RemoteWebDriver.findElement(RemoteWebDriver.java:355)
	at org.openqa.selenium.remote.RemoteWebDriver.findElement(RemoteWebDriver.java:349)
	at org.openqa.selenium.support.pagefactory.DefaultElementLocator.findElement(DefaultElementLocator.java:68)
	at org.openqa.selenium.support.pagefactory.internal.LocatingElementHandler.invoke(LocatingElementHandler.java:38)
	at jdk.proxy2/jdk.proxy2.$Proxy12.getText(Unknown Source)
	at base.BaseComponents.getTextContent(BaseComponents.java:133)
	at pageObjects.HomePage.addToCart(HomePage.java:295)
	at tests.BestBuyECommerceApplicationTests.proceed_to_Payment_with_Invalid_Details_after_Items_added_to_Cart(BestBuyECommerceApplicationTests.java:100)
	at java.base/java.util.ArrayList.forEach(ArrayList.java:1511)
... Removed 31 stack frames
</div> <!-- stack-trace -->
                </div> <!-- method-content -->
              </div> <!-- method -->
              <div class="method">
                <div class="method-content">
                  <a name="proceed_to_Payment_with_Valid_Details_after_Items_added_to_Cart">
                  </a> <!-- proceed_to_Payment_with_Valid_Details_after_Items_added_to_Cart -->
                  <span class="method-name">proceed_to_Payment_with_Valid_Details_after_Items_added_to_Cart</span>
                  <div class="stack-trace">org.openqa.selenium.TimeoutException: Expected condition failed: waiting for visibility of Proxy element for: DefaultElementLocator &apos;By.xpath: //div[contains(@class, &apos;item-added-message&apos;)]//p&apos; (tried for 30 second(s) with 500 milliseconds interval)
	at org.openqa.selenium.support.ui.WebDriverWait.timeoutException(WebDriverWait.java:84)
	at org.openqa.selenium.support.ui.FluentWait.until(FluentWait.java:228)
	at base.BaseComponents.waitForElementToAppear(BaseComponents.java:290)
	at base.BaseComponents.validateTextContent(BaseComponents.java:351)
	at pageObjects.HomePage.addToCart(HomePage.java:306)
	at tests.BestBuyECommerceApplicationTests.proceed_to_Payment_with_Valid_Details_after_Items_added_to_Cart(BestBuyECommerceApplicationTests.java:82)
	at java.base/java.util.ArrayList.forEach(ArrayList.java:1511)
Caused by: org.openqa.selenium.NoSuchElementException: no such element: Unable to locate element: {&quot;method&quot;:&quot;xpath&quot;,&quot;selector&quot;:&quot;//div[contains(@class, &apos;item-added-message&apos;)]//p&quot;}
  (Session info: chrome=128.0.6613.115)
For documentation on this error, please visit: https://www.selenium.dev/documentation/webdriver/troubleshooting/errors#no-such-element-exception
Build info: version: &apos;4.20.0&apos;, revision: &apos;866c76ca80&apos;
System info: os.name: &apos;Windows 10&apos;, os.arch: &apos;amd64&apos;, os.version: &apos;10.0&apos;, java.version: &apos;16.0.2&apos;
Driver info: org.openqa.selenium.chrome.ChromeDriver
Command: [5c880de7ad42c1ee51123f4909cc100e, findElement {value=//div[contains(@class, &apos;item-added-message&apos;)]//p, using=xpath}]
Capabilities {acceptInsecureCerts: false, browserName: chrome, browserVersion: 128.0.6613.115, chrome: {chromedriverVersion: 128.0.6613.119 (6e439cfca4d..., userDataDir: C:\Users\ARAVIN~1\AppData\L...}, fedcm:accounts: true, goog:chromeOptions: {debuggerAddress: localhost:59859}, networkConnectionEnabled: false, pageLoadStrategy: normal, platformName: windows, proxy: Proxy(), se:cdp: ws://localhost:59859/devtoo..., se:cdpVersion: 128.0.6613.115, setWindowRect: true, strictFileInteractability: false, timeouts: {implicit: 0, pageLoad: 300000, script: 30000}, unhandledPromptBehavior: dismiss and notify, webauthn:extension:credBlob: true, webauthn:extension:largeBlob: true, webauthn:extension:minPinLength: true, webauthn:extension:prf: true, webauthn:virtualAuthenticators: true}
Session ID: 5c880de7ad42c1ee51123f4909cc100e
	at org.openqa.selenium.remote.ErrorCodec.decode(ErrorCodec.java:167)
	at org.openqa.selenium.remote.codec.w3c.W3CHttpResponseCodec.decode(W3CHttpResponseCodec.java:138)
	at org.openqa.selenium.remote.codec.w3c.W3CHttpResponseCodec.decode(W3CHttpResponseCodec.java:50)
	at org.openqa.selenium.remote.HttpCommandExecutor.execute(HttpCommandExecutor.java:190)
	at org.openqa.selenium.remote.service.DriverCommandExecutor.invokeExecute(DriverCommandExecutor.java:216)
	at org.openqa.selenium.remote.service.DriverCommandExecutor.execute(DriverCommandExecutor.java:174)
	at org.openqa.selenium.remote.RemoteWebDriver.execute(RemoteWebDriver.java:518)
	at org.openqa.selenium.remote.ElementLocation$ElementFinder$2.findElement(ElementLocation.java:165)
	at org.openqa.selenium.remote.ElementLocation.findElement(ElementLocation.java:59)
	at org.openqa.selenium.remote.RemoteWebDriver.findElement(RemoteWebDriver.java:355)
	at org.openqa.selenium.remote.RemoteWebDriver.findElement(RemoteWebDriver.java:349)
	at org.openqa.selenium.support.pagefactory.DefaultElementLocator.findElement(DefaultElementLocator.java:68)
	at org.openqa.selenium.support.pagefactory.internal.LocatingElementHandler.invoke(LocatingElementHandler.java:38)
	at jdk.proxy2/jdk.proxy2.$Proxy12.isDisplayed(Unknown Source)
	at org.openqa.selenium.support.ui.ExpectedConditions.elementIfVisible(ExpectedConditions.java:304)
	at org.openqa.selenium.support.ui.ExpectedConditions$10.apply(ExpectedConditions.java:290)
	at org.openqa.selenium.support.ui.ExpectedConditions$10.apply(ExpectedConditions.java:287)
	at org.openqa.selenium.support.ui.FluentWait.until(FluentWait.java:203)
	... 32 more
... Removed 31 stack frames
</div> <!-- stack-trace -->
                </div> <!-- method-content -->
              </div> <!-- method -->
              <div class="method">
                <div class="method-content">
                  <a name="search_for_and_Add_an_Item_to_Shopping_Cart">
                  </a> <!-- search_for_and_Add_an_Item_to_Shopping_Cart -->
                  <span class="method-name">search_for_and_Add_an_Item_to_Shopping_Cart</span>
                  <div class="stack-trace">org.openqa.selenium.TimeoutException: Expected condition failed: waiting for visibility of Proxy element for: DefaultElementLocator &apos;By.xpath: //div[contains(@class, &apos;item-added-message&apos;)]//p&apos; (tried for 30 second(s) with 500 milliseconds interval)
	at org.openqa.selenium.support.ui.WebDriverWait.timeoutException(WebDriverWait.java:84)
	at org.openqa.selenium.support.ui.FluentWait.until(FluentWait.java:228)
	at base.BaseComponents.waitForElementToAppear(BaseComponents.java:290)
	at base.BaseComponents.validateTextContent(BaseComponents.java:351)
	at pageObjects.HomePage.addToCart(HomePage.java:306)
	at tests.BestBuyECommerceApplicationTests.search_for_and_Add_an_Item_to_Shopping_Cart(BestBuyECommerceApplicationTests.java:50)
	at java.base/java.util.ArrayList.forEach(ArrayList.java:1511)
Caused by: org.openqa.selenium.NoSuchElementException: no such element: Unable to locate element: {&quot;method&quot;:&quot;xpath&quot;,&quot;selector&quot;:&quot;//div[contains(@class, &apos;item-added-message&apos;)]//p&quot;}
  (Session info: chrome=128.0.6613.115)
For documentation on this error, please visit: https://www.selenium.dev/documentation/webdriver/troubleshooting/errors#no-such-element-exception
Build info: version: &apos;4.20.0&apos;, revision: &apos;866c76ca80&apos;
System info: os.name: &apos;Windows 10&apos;, os.arch: &apos;amd64&apos;, os.version: &apos;10.0&apos;, java.version: &apos;16.0.2&apos;
Driver info: org.openqa.selenium.chrome.ChromeDriver
Command: [e29cb1ea42874eb18853fe6480a8dbdb, findElement {value=//div[contains(@class, &apos;item-added-message&apos;)]//p, using=xpath}]
Capabilities {acceptInsecureCerts: false, browserName: chrome, browserVersion: 128.0.6613.115, chrome: {chromedriverVersion: 128.0.6613.119 (6e439cfca4d..., userDataDir: C:\Users\ARAVIN~1\AppData\L...}, fedcm:accounts: true, goog:chromeOptions: {debuggerAddress: localhost:59363}, networkConnectionEnabled: false, pageLoadStrategy: normal, platformName: windows, proxy: Proxy(), se:cdp: ws://localhost:59363/devtoo..., se:cdpVersion: 128.0.6613.115, setWindowRect: true, strictFileInteractability: false, timeouts: {implicit: 0, pageLoad: 300000, script: 30000}, unhandledPromptBehavior: dismiss and notify, webauthn:extension:credBlob: true, webauthn:extension:largeBlob: true, webauthn:extension:minPinLength: true, webauthn:extension:prf: true, webauthn:virtualAuthenticators: true}
Session ID: e29cb1ea42874eb18853fe6480a8dbdb
	at org.openqa.selenium.remote.ErrorCodec.decode(ErrorCodec.java:167)
	at org.openqa.selenium.remote.codec.w3c.W3CHttpResponseCodec.decode(W3CHttpResponseCodec.java:138)
	at org.openqa.selenium.remote.codec.w3c.W3CHttpResponseCodec.decode(W3CHttpResponseCodec.java:50)
	at org.openqa.selenium.remote.HttpCommandExecutor.execute(HttpCommandExecutor.java:190)
	at org.openqa.selenium.remote.service.DriverCommandExecutor.invokeExecute(DriverCommandExecutor.java:216)
	at org.openqa.selenium.remote.service.DriverCommandExecutor.execute(DriverCommandExecutor.java:174)
	at org.openqa.selenium.remote.RemoteWebDriver.execute(RemoteWebDriver.java:518)
	at org.openqa.selenium.remote.ElementLocation$ElementFinder$2.findElement(ElementLocation.java:165)
	at org.openqa.selenium.remote.ElementLocation.findElement(ElementLocation.java:59)
	at org.openqa.selenium.remote.RemoteWebDriver.findElement(RemoteWebDriver.java:355)
	at org.openqa.selenium.remote.RemoteWebDriver.findElement(RemoteWebDriver.java:349)
	at org.openqa.selenium.support.pagefactory.DefaultElementLocator.findElement(DefaultElementLocator.java:68)
	at org.openqa.selenium.support.pagefactory.internal.LocatingElementHandler.invoke(LocatingElementHandler.java:38)
	at jdk.proxy2/jdk.proxy2.$Proxy12.isDisplayed(Unknown Source)
	at org.openqa.selenium.support.ui.ExpectedConditions.elementIfVisible(ExpectedConditions.java:304)
	at org.openqa.selenium.support.ui.ExpectedConditions$10.apply(ExpectedConditions.java:290)
	at org.openqa.selenium.support.ui.ExpectedConditions$10.apply(ExpectedConditions.java:287)
	at org.openqa.selenium.support.ui.FluentWait.until(FluentWait.java:203)
	... 32 more
... Removed 31 stack frames
</div> <!-- stack-trace -->
                </div> <!-- method-content -->
              </div> <!-- method -->
              <div class="method">
                <div class="method-content">
                  <a name="search_for_and_Add_an_Item_to_Shopping_Cart_from_Any_Brands_Menu">
                  </a> <!-- search_for_and_Add_an_Item_to_Shopping_Cart_from_Any_Brands_Menu -->
                  <span class="method-name">search_for_and_Add_an_Item_to_Shopping_Cart_from_Any_Brands_Menu</span>
                  <div class="stack-trace">java.lang.NullPointerException: Cannot invoke &quot;java.util.HashMap.put(Object, Object)&quot; because &quot;this.data&quot; is null
	at pageObjects.HomePage.addToCart(HomePage.java:294)
	at tests.BestBuyECommerceApplicationTests.search_for_and_Add_an_Item_to_Shopping_Cart_from_Any_Brands_Menu(BestBuyECommerceApplicationTests.java:70)
	at java.base/java.util.ArrayList.forEach(ArrayList.java:1511)
... Removed 27 stack frames
</div> <!-- stack-trace -->
                </div> <!-- method-content -->
              </div> <!-- method -->
              <div class="method">
                <div class="method-content">
                  <a name="search_for_and_Add_an_Item_to_Shopping_Cart_from_Shop_by_Department_Menu">
                  </a> <!-- search_for_and_Add_an_Item_to_Shopping_Cart_from_Shop_by_Department_Menu -->
                  <span class="method-name">search_for_and_Add_an_Item_to_Shopping_Cart_from_Shop_by_Department_Menu</span>
                  <div class="stack-trace">java.lang.NullPointerException: Cannot invoke &quot;java.util.HashMap.put(Object, Object)&quot; because &quot;this.data&quot; is null
	at pageObjects.HomePage.addToCart(HomePage.java:294)
	at tests.BestBuyECommerceApplicationTests.search_for_and_Add_an_Item_to_Shopping_Cart_from_Shop_by_Department_Menu(BestBuyECommerceApplicationTests.java:60)
	at java.base/java.util.ArrayList.forEach(ArrayList.java:1511)
... Removed 27 stack frames
</div> <!-- stack-trace -->
                </div> <!-- method-content -->
              </div> <!-- method -->
            </div> <!-- main-panel-content rounded-window-bottom -->
          </div> <!-- suite-Suite-class-failed -->
          <div class="suite-Suite-class-passed">
            <div class="main-panel-header rounded-window-top">
              <img src="passed.png"/>
              <span class="class-name">tests.LoginTests</span>
            </div> <!-- main-panel-header rounded-window-top -->
            <div class="main-panel-content rounded-window-bottom">
              <div class="method">
                <div class="method-content">
                  <a name="entering_blank_value_in_each_Field">
                  </a> <!-- entering_blank_value_in_each_Field -->
                  <span class="method-name">entering_blank_value_in_each_Field</span>
                </div> <!-- method-content -->
              </div> <!-- method -->
              <div class="method">
                <div class="method-content">
                  <a name="without_entering_User_Details">
                  </a> <!-- without_entering_User_Details -->
                  <span class="method-name">without_entering_User_Details</span>
                </div> <!-- method-content -->
              </div> <!-- method -->
            </div> <!-- main-panel-content rounded-window-bottom -->
          </div> <!-- suite-Suite-class-passed -->
          <div class="suite-Suite-class-passed">
            <div class="main-panel-header rounded-window-top">
              <img src="passed.png"/>
              <span class="class-name">tests.BestBuyECommerceApplicationTests</span>
            </div> <!-- main-panel-header rounded-window-top -->
            <div class="main-panel-content rounded-window-bottom">
              <div class="method">
                <div class="method-content">
                  <a name="search_for_an_Item_filtering_the_Results">
                  </a> <!-- search_for_an_Item_filtering_the_Results -->
                  <span class="method-name">search_for_an_Item_filtering_the_Results</span>
                </div> <!-- method-content -->
              </div> <!-- method -->
              <div class="method">
                <div class="method-content">
                  <a name="validating_Bottom_Links">
                  </a> <!-- validating_Bottom_Links -->
                  <span class="method-name">validating_Bottom_Links</span>
                </div> <!-- method-content -->
              </div> <!-- method -->
            </div> <!-- main-panel-content rounded-window-bottom -->
          </div> <!-- suite-Suite-class-passed -->
          <div class="suite-Suite-class-passed">
            <div class="main-panel-header rounded-window-top">
              <img src="passed.png"/>
              <span class="class-name">tests.SignUpTests</span>
            </div> <!-- main-panel-header rounded-window-top -->
            <div class="main-panel-content rounded-window-bottom">
              <div class="method">
                <div class="method-content">
                  <a name="already_Existed_User_Details">
                  </a> <!-- already_Existed_User_Details -->
                  <span class="method-name">already_Existed_User_Details</span>
                </div> <!-- method-content -->
              </div> <!-- method -->
              <div class="method">
                <div class="method-content">
                  <a name="entering_AlphaNumeric_value_in_each_Field">
                  </a> <!-- entering_AlphaNumeric_value_in_each_Field -->
                  <span class="method-name">entering_AlphaNumeric_value_in_each_Field</span>
                </div> <!-- method-content -->
              </div> <!-- method -->
              <div class="method">
                <div class="method-content">
                  <a name="entering_Symbolic_value_in_each_Field">
                  </a> <!-- entering_Symbolic_value_in_each_Field -->
                  <span class="method-name">entering_Symbolic_value_in_each_Field</span>
                </div> <!-- method-content -->
              </div> <!-- method -->
              <div class="method">
                <div class="method-content">
                  <a name="entering_Valid_User_Details">
                  </a> <!-- entering_Valid_User_Details -->
                  <span class="method-name">entering_Valid_User_Details</span>
                </div> <!-- method-content -->
              </div> <!-- method -->
              <div class="method">
                <div class="method-content">
                  <a name="entering_blank_value_in_each_Field">
                  </a> <!-- entering_blank_value_in_each_Field -->
                  <span class="method-name">entering_blank_value_in_each_Field</span>
                </div> <!-- method-content -->
              </div> <!-- method -->
              <div class="method">
                <div class="method-content">
                  <a name="entering_numerical_value_in_each_Field">
                  </a> <!-- entering_numerical_value_in_each_Field -->
                  <span class="method-name">entering_numerical_value_in_each_Field</span>
                </div> <!-- method-content -->
              </div> <!-- method -->
              <div class="method">
                <div class="method-content">
                  <a name="password_Checklist_Validation">
                  </a> <!-- password_Checklist_Validation -->
                  <span class="method-name">password_Checklist_Validation</span>
                </div> <!-- method-content -->
              </div> <!-- method -->
              <div class="method">
                <div class="method-content">
                  <a name="validating_whether_given_URL_is_Broken_or_not">
                  </a> <!-- validating_whether_given_URL_is_Broken_or_not -->
                  <span class="method-name">validating_whether_given_URL_is_Broken_or_not</span>
                </div> <!-- method-content -->
              </div> <!-- method -->
              <div class="method">
                <div class="method-content">
                  <a name="without_entering_User_Details">
                  </a> <!-- without_entering_User_Details -->
                  <span class="method-name">without_entering_User_Details</span>
                </div> <!-- method-content -->
              </div> <!-- method -->
            </div> <!-- main-panel-content rounded-window-bottom -->
          </div> <!-- suite-Suite-class-passed -->
        </div> <!-- panel Suite -->
        <div panel-name="test-xml-Suite" class="panel">
          <div class="main-panel-header rounded-window-top">
            <span class="header-content">S:\Eclipse Workspace\Ecommerce_Capstone_Project_GUVI\testng.xml</span>
          </div> <!-- main-panel-header rounded-window-top -->
          <div class="main-panel-content rounded-window-bottom">
            <pre>
&lt;?xml version=&quot;1.0&quot; encoding=&quot;UTF-8&quot;?&gt;
&lt;!DOCTYPE suite SYSTEM &quot;https://testng.org/testng-1.0.dtd&quot;&gt;
&lt;suite name=&quot;Suite&quot; guice-stage=&quot;DEVELOPMENT&quot;&gt;
  &lt;listeners&gt;
    &lt;listener class-name=&quot;base.Listeners&quot;/&gt;
  &lt;/listeners&gt;
  &lt;test thread-count=&quot;5&quot; name=&quot;Test&quot;&gt;
    &lt;classes&gt;
      &lt;class name=&quot;tests.SignUpTests&quot;/&gt;
      &lt;class name=&quot;tests.LoginTests&quot;/&gt;
      &lt;class name=&quot;tests.BestBuyECommerceApplicationTests&quot;/&gt;
    &lt;/classes&gt;
  &lt;/test&gt; &lt;!-- Test --&gt;
&lt;/suite&gt; &lt;!-- Suite --&gt;
            </pre>
          </div> <!-- main-panel-content rounded-window-bottom -->
        </div> <!-- panel -->
        <div panel-name="testlist-Suite" class="panel">
          <div class="main-panel-header rounded-window-top">
            <span class="header-content">Tests for Suite</span>
          </div> <!-- main-panel-header rounded-window-top -->
          <div class="main-panel-content rounded-window-bottom">
            <ul>
              <li>
                <span class="test-name">Test (3 classes)</span>
              </li>
            </ul>
          </div> <!-- main-panel-content rounded-window-bottom -->
        </div> <!-- panel -->
        <div panel-name="group-Suite" class="panel">
          <div class="main-panel-header rounded-window-top">
            <span class="header-content">Groups for Suite</span>
          </div> <!-- main-panel-header rounded-window-top -->
          <div class="main-panel-content rounded-window-bottom">
          </div> <!-- main-panel-content rounded-window-bottom -->
        </div> <!-- panel -->
        <div panel-name="times-Suite" class="panel">
          <div class="main-panel-header rounded-window-top">
            <span class="header-content">Times for Suite</span>
          </div> <!-- main-panel-header rounded-window-top -->
          <div class="main-panel-content rounded-window-bottom">
            <div class="times-div">
              <script type="text/javascript">
suiteTableInitFunctions.push('tableData_Suite');
function tableData_Suite() {
var data = new google.visualization.DataTable();
data.addColumn('number', 'Number');
data.addColumn('string', 'Method');
data.addColumn('string', 'Class');
data.addColumn('number', 'Time (ms)');
data.addRows(25);
data.setCell(0, 0, 0)
data.setCell(0, 1, 'validating_Bottom_Links')
data.setCell(0, 2, 'tests.BestBuyECommerceApplicationTests')
data.setCell(0, 3, 1186842);
data.setCell(1, 0, 1)
data.setCell(1, 1, 'navigation_of_all_Menu_and_Validation_of_Title_in_each_Page')
data.setCell(1, 2, 'tests.BestBuyECommerceApplicationTests')
data.setCell(1, 3, 589218);
data.setCell(2, 0, 2)
data.setCell(2, 1, 'entering_numerical_value_in_each_Field')
data.setCell(2, 2, 'tests.SignUpTests')
data.setCell(2, 3, 150900);
data.setCell(3, 0, 3)
data.setCell(3, 1, 'search_for_and_Add_an_Item_to_Shopping_Cart')
data.setCell(3, 2, 'tests.BestBuyECommerceApplicationTests')
data.setCell(3, 3, 147373);
data.setCell(4, 0, 4)
data.setCell(4, 1, 'entering_Symbolic_value_in_each_Field')
data.setCell(4, 2, 'tests.SignUpTests')
data.setCell(4, 3, 145803);
data.setCell(5, 0, 5)
data.setCell(5, 1, 'entering_blank_value_in_each_Field')
data.setCell(5, 2, 'tests.SignUpTests')
data.setCell(5, 3, 145160);
data.setCell(6, 0, 6)
data.setCell(6, 1, 'entering_AlphaNumeric_value_in_each_Field')
data.setCell(6, 2, 'tests.SignUpTests')
data.setCell(6, 3, 145134);
data.setCell(7, 0, 7)
data.setCell(7, 1, 'proceed_to_Payment_with_Valid_Details_after_Items_added_to_Cart')
data.setCell(7, 2, 'tests.BestBuyECommerceApplicationTests')
data.setCell(7, 3, 142929);
data.setCell(8, 0, 8)
data.setCell(8, 1, 'proceed_to_Payment_with_Invalid_Details_after_Items_added_to_Cart')
data.setCell(8, 2, 'tests.BestBuyECommerceApplicationTests')
data.setCell(8, 3, 132065);
data.setCell(9, 0, 9)
data.setCell(9, 1, 'entering_Valid_User_Details')
data.setCell(9, 2, 'tests.LoginTests')
data.setCell(9, 3, 125703);
data.setCell(10, 0, 10)
data.setCell(10, 1, 'password_Checklist_Validation')
data.setCell(10, 2, 'tests.SignUpTests')
data.setCell(10, 3, 118880);
data.setCell(11, 0, 11)
data.setCell(11, 1, 'entering_Symbolic_value_in_each_Field')
data.setCell(11, 2, 'tests.LoginTests')
data.setCell(11, 3, 118171);
data.setCell(12, 0, 12)
data.setCell(12, 1, 'entering_AlphaNumeric_value_in_each_Field')
data.setCell(12, 2, 'tests.LoginTests')
data.setCell(12, 3, 116342);
data.setCell(13, 0, 13)
data.setCell(13, 1, 'entering_numerical_value_in_each_Field')
data.setCell(13, 2, 'tests.LoginTests')
data.setCell(13, 3, 115946);
data.setCell(14, 0, 14)
data.setCell(14, 1, 'already_Existed_User_Details')
data.setCell(14, 2, 'tests.SignUpTests')
data.setCell(14, 3, 113648);
data.setCell(15, 0, 15)
data.setCell(15, 1, 'search_for_an_Item_filtering_the_Results')
data.setCell(15, 2, 'tests.BestBuyECommerceApplicationTests')
data.setCell(15, 3, 113430);
data.setCell(16, 0, 16)
data.setCell(16, 1, 'entering_Valid_User_Details')
data.setCell(16, 2, 'tests.SignUpTests')
data.setCell(16, 3, 108775);
data.setCell(17, 0, 17)
data.setCell(17, 1, 'entering_Invalid_Password')
data.setCell(17, 2, 'tests.LoginTests')
data.setCell(17, 3, 96673);
data.setCell(18, 0, 18)
data.setCell(18, 1, 'entering_Invalid_User_Name')
data.setCell(18, 2, 'tests.LoginTests')
data.setCell(18, 3, 94289);
data.setCell(19, 0, 19)
data.setCell(19, 1, 'search_for_and_Add_an_Item_to_Shopping_Cart_from_Shop_by_Department_Menu')
data.setCell(19, 2, 'tests.BestBuyECommerceApplicationTests')
data.setCell(19, 3, 91474);
data.setCell(20, 0, 20)
data.setCell(20, 1, 'search_for_and_Add_an_Item_to_Shopping_Cart_from_Any_Brands_Menu')
data.setCell(20, 2, 'tests.BestBuyECommerceApplicationTests')
data.setCell(20, 3, 90788);
data.setCell(21, 0, 21)
data.setCell(21, 1, 'without_entering_User_Details')
data.setCell(21, 2, 'tests.SignUpTests')
data.setCell(21, 3, 90407);
data.setCell(22, 0, 22)
data.setCell(22, 1, 'entering_blank_value_in_each_Field')
data.setCell(22, 2, 'tests.LoginTests')
data.setCell(22, 3, 87926);
data.setCell(23, 0, 23)
data.setCell(23, 1, 'without_entering_User_Details')
data.setCell(23, 2, 'tests.LoginTests')
data.setCell(23, 3, 72887);
data.setCell(24, 0, 24)
data.setCell(24, 1, 'validating_whether_given_URL_is_Broken_or_not')
data.setCell(24, 2, 'tests.SignUpTests')
data.setCell(24, 3, 9464);
window.suiteTableData['Suite']= { tableData: data, tableDiv: 'times-div-Suite'}
return data;
}
              </script>
              <span class="suite-total-time">Total running time: 1 hours</span>
              <div id="times-div-Suite">
              </div> <!-- times-div-Suite -->
            </div> <!-- times-div -->
          </div> <!-- main-panel-content rounded-window-bottom -->
        </div> <!-- panel -->
        <div panel-name="reporter-Suite" class="panel">
          <div class="main-panel-header rounded-window-top">
            <span class="header-content">Reporter output for Suite</span>
          </div> <!-- main-panel-header rounded-window-top -->
          <div class="main-panel-content rounded-window-bottom">
          </div> <!-- main-panel-content rounded-window-bottom -->
        </div> <!-- panel -->
        <div panel-name="ignored-methods-Suite" class="panel">
          <div class="main-panel-header rounded-window-top">
            <span class="header-content">0 ignored methods</span>
          </div> <!-- main-panel-header rounded-window-top -->
          <div class="main-panel-content rounded-window-bottom">
          </div> <!-- main-panel-content rounded-window-bottom -->
        </div> <!-- panel -->
        <div panel-name="chronological-Suite" class="panel">
          <div class="main-panel-header rounded-window-top">
            <span class="header-content">Methods in chronological order</span>
          </div> <!-- main-panel-header rounded-window-top -->
          <div class="main-panel-content rounded-window-bottom">
            <div class="chronological-class">
              <div class="chronological-class-name">tests.SignUpTests</div> <!-- chronological-class-name -->
              <div class="configuration-method before">
                <span class="method-name">launchApplication</span>
                <span class="method-start">0 ms</span>
              </div> <!-- configuration-method before -->
              <div class="test-method">
                <span class="method-name">validating_whether_given_URL_is_Broken_or_not</span>
                <span class="method-start">6572 ms</span>
              </div> <!-- test-method -->
              <div class="configuration-method after">
                <span class="method-name">quitBrowser</span>
                <span class="method-start">16098 ms</span>
              </div> <!-- configuration-method after -->
              <div class="configuration-method before">
                <span class="method-name">launchApplication</span>
                <span class="method-start">17051 ms</span>
              </div> <!-- configuration-method before -->
              <div class="test-method">
                <span class="method-name">without_entering_User_Details</span>
                <span class="method-start">21616 ms</span>
              </div> <!-- test-method -->
              <div class="configuration-method after">
                <span class="method-name">quitBrowser</span>
                <span class="method-start">112023 ms</span>
              </div> <!-- configuration-method after -->
              <div class="configuration-method before">
                <span class="method-name">launchApplication</span>
                <span class="method-start">113383 ms</span>
              </div> <!-- configuration-method before -->
              <div class="test-method">
                <span class="method-name">entering_blank_value_in_each_Field</span>
                <span class="method-start">117757 ms</span>
              </div> <!-- test-method -->
              <div class="configuration-method after">
                <span class="method-name">quitBrowser</span>
                <span class="method-start">262932 ms</span>
              </div> <!-- configuration-method after -->
              <div class="configuration-method before">
                <span class="method-name">launchApplication</span>
                <span class="method-start">263683 ms</span>
              </div> <!-- configuration-method before -->
              <div class="test-method">
                <span class="method-name">entering_numerical_value_in_each_Field</span>
                <span class="method-start">268234 ms</span>
              </div> <!-- test-method -->
              <div class="configuration-method after">
                <span class="method-name">quitBrowser</span>
                <span class="method-start">419149 ms</span>
              </div> <!-- configuration-method after -->
              <div class="configuration-method before">
                <span class="method-name">launchApplication</span>
                <span class="method-start">419964 ms</span>
              </div> <!-- configuration-method before -->
              <div class="test-method">
                <span class="method-name">entering_AlphaNumeric_value_in_each_Field</span>
                <span class="method-start">423679 ms</span>
              </div> <!-- test-method -->
              <div class="configuration-method after">
                <span class="method-name">quitBrowser</span>
                <span class="method-start">568817 ms</span>
              </div> <!-- configuration-method after -->
              <div class="configuration-method before">
                <span class="method-name">launchApplication</span>
                <span class="method-start">569377 ms</span>
              </div> <!-- configuration-method before -->
              <div class="test-method">
                <span class="method-name">entering_Symbolic_value_in_each_Field</span>
                <span class="method-start">574352 ms</span>
              </div> <!-- test-method -->
              <div class="configuration-method after">
                <span class="method-name">quitBrowser</span>
                <span class="method-start">720155 ms</span>
              </div> <!-- configuration-method after -->
              <div class="configuration-method before">
                <span class="method-name">launchApplication</span>
                <span class="method-start">720833 ms</span>
              </div> <!-- configuration-method before -->
              <div class="test-method">
                <span class="method-name">entering_Valid_User_Details</span>
                <span class="method-start">725371 ms</span>
              </div> <!-- test-method -->
              <div class="configuration-method after">
                <span class="method-name">quitBrowser</span>
                <span class="method-start">834146 ms</span>
              </div> <!-- configuration-method after -->
              <div class="configuration-method before">
                <span class="method-name">launchApplication</span>
                <span class="method-start">835005 ms</span>
              </div> <!-- configuration-method before -->
              <div class="test-method">
                <span class="method-name">already_Existed_User_Details</span>
                <span class="method-start">839034 ms</span>
              </div> <!-- test-method -->
              <div class="configuration-method after">
                <span class="method-name">quitBrowser</span>
                <span class="method-start">952682 ms</span>
              </div> <!-- configuration-method after -->
              <div class="configuration-method before">
                <span class="method-name">launchApplication</span>
                <span class="method-start">953307 ms</span>
              </div> <!-- configuration-method before -->
              <div class="test-method">
                <span class="method-name">password_Checklist_Validation</span>
                <span class="method-start">957062 ms</span>
              </div> <!-- test-method -->
              <div class="configuration-method after">
                <span class="method-name">quitBrowser</span>
                <span class="method-start">1075942 ms</span>
              </div> <!-- configuration-method after -->
            </div> <!-- chronological-class -->
            <div class="chronological-class">
              <div class="chronological-class-name">tests.LoginTests</div> <!-- chronological-class-name -->
              <div class="configuration-method before">
                <span class="method-name">launchApplication</span>
                <span class="method-start">1076653 ms</span>
              </div> <!-- configuration-method before -->
              <div class="test-method">
                <span class="method-name">without_entering_User_Details</span>
                <span class="method-start">1080560 ms</span>
              </div> <!-- test-method -->
              <div class="configuration-method after">
                <span class="method-name">quitBrowser</span>
                <span class="method-start">1153462 ms</span>
              </div> <!-- configuration-method after -->
              <div class="configuration-method before">
                <span class="method-name">launchApplication</span>
                <span class="method-start">1154635 ms</span>
              </div> <!-- configuration-method before -->
              <div class="test-method">
                <span class="method-name">entering_blank_value_in_each_Field</span>
                <span class="method-start">1158241 ms</span>
              </div> <!-- test-method -->
              <div class="configuration-method after">
                <span class="method-name">quitBrowser</span>
                <span class="method-start">1246167 ms</span>
              </div> <!-- configuration-method after -->
              <div class="configuration-method before">
                <span class="method-name">launchApplication</span>
                <span class="method-start">1246651 ms</span>
              </div> <!-- configuration-method before -->
              <div class="test-method">
                <img src="failed.png">
                </img>
                <span class="method-name">entering_Invalid_User_Name</span>
                <span class="method-start">1250474 ms</span>
              </div> <!-- test-method -->
              <div class="configuration-method after">
                <span class="method-name">quitBrowser</span>
                <span class="method-start">1344778 ms</span>
              </div> <!-- configuration-method after -->
              <div class="configuration-method before">
                <span class="method-name">launchApplication</span>
                <span class="method-start">1345278 ms</span>
              </div> <!-- configuration-method before -->
              <div class="test-method">
                <img src="failed.png">
                </img>
                <span class="method-name">entering_Invalid_Password</span>
                <span class="method-start">1349067 ms</span>
              </div> <!-- test-method -->
              <div class="configuration-method after">
                <span class="method-name">quitBrowser</span>
                <span class="method-start">1445740 ms</span>
              </div> <!-- configuration-method after -->
              <div class="configuration-method before">
                <span class="method-name">launchApplication</span>
                <span class="method-start">1446994 ms</span>
              </div> <!-- configuration-method before -->
              <div class="test-method">
                <img src="failed.png">
                </img>
                <span class="method-name">entering_numerical_value_in_each_Field</span>
                <span class="method-start">1450461 ms</span>
              </div> <!-- test-method -->
              <div class="configuration-method after">
                <span class="method-name">quitBrowser</span>
                <span class="method-start">1566407 ms</span>
              </div> <!-- configuration-method after -->
              <div class="configuration-method before">
                <span class="method-name">launchApplication</span>
                <span class="method-start">1567799 ms</span>
              </div> <!-- configuration-method before -->
              <div class="test-method">
                <img src="failed.png">
                </img>
                <span class="method-name">entering_AlphaNumeric_value_in_each_Field</span>
                <span class="method-start">1571402 ms</span>
              </div> <!-- test-method -->
              <div class="configuration-method after">
                <span class="method-name">quitBrowser</span>
                <span class="method-start">1687744 ms</span>
              </div> <!-- configuration-method after -->
              <div class="configuration-method before">
                <span class="method-name">launchApplication</span>
                <span class="method-start">1688244 ms</span>
              </div> <!-- configuration-method before -->
              <div class="test-method">
                <img src="failed.png">
                </img>
                <span class="method-name">entering_Symbolic_value_in_each_Field</span>
                <span class="method-start">1691934 ms</span>
              </div> <!-- test-method -->
              <div class="configuration-method after">
                <span class="method-name">quitBrowser</span>
                <span class="method-start">1810105 ms</span>
              </div> <!-- configuration-method after -->
              <div class="configuration-method before">
                <span class="method-name">launchApplication</span>
                <span class="method-start">1810730 ms</span>
              </div> <!-- configuration-method before -->
              <div class="test-method">
                <img src="failed.png">
                </img>
                <span class="method-name">entering_Valid_User_Details</span>
                <span class="method-start">1814396 ms</span>
              </div> <!-- test-method -->
              <div class="configuration-method after">
                <span class="method-name">quitBrowser</span>
                <span class="method-start">1940115 ms</span>
              </div> <!-- configuration-method after -->
            </div> <!-- chronological-class -->
            <div class="chronological-class">
              <div class="chronological-class-name">tests.BestBuyECommerceApplicationTests</div> <!-- chronological-class-name -->
              <div class="configuration-method before">
                <span class="method-name">launchApplication</span>
                <span class="method-start">1940834 ms</span>
              </div> <!-- configuration-method before -->
              <div class="test-method">
                <img src="failed.png">
                </img>
                <span class="method-name">navigation_of_all_Menu_and_Validation_of_Title_in_each_Page</span>
                <span class="method-start">1944670 ms</span>
              </div> <!-- test-method -->
              <div class="configuration-method after">
                <span class="method-name">quitBrowser</span>
                <span class="method-start">2533888 ms</span>
              </div> <!-- configuration-method after -->
              <div class="configuration-method before">
                <span class="method-name">launchApplication</span>
                <span class="method-start">2534709 ms</span>
              </div> <!-- configuration-method before -->
              <div class="test-method">
                <span class="method-name">validating_Bottom_Links</span>
                <span class="method-start">2539359 ms</span>
              </div> <!-- test-method -->
              <div class="configuration-method after">
                <span class="method-name">quitBrowser</span>
                <span class="method-start">3726201 ms</span>
              </div> <!-- configuration-method after -->
              <div class="configuration-method before">
                <span class="method-name">launchApplication</span>
                <span class="method-start">3726857 ms</span>
              </div> <!-- configuration-method before -->
              <div class="test-method">
                <span class="method-name">search_for_an_Item_filtering_the_Results</span>
                <span class="method-start">3731609 ms</span>
              </div> <!-- test-method -->
              <div class="configuration-method after">
                <span class="method-name">quitBrowser</span>
                <span class="method-start">3845055 ms</span>
              </div> <!-- configuration-method after -->
              <div class="configuration-method before">
                <span class="method-name">launchApplication</span>
                <span class="method-start">3845602 ms</span>
              </div> <!-- configuration-method before -->
              <div class="test-method">
                <img src="failed.png">
                </img>
                <span class="method-name">search_for_and_Add_an_Item_to_Shopping_Cart</span>
                <span class="method-start">3849322 ms</span>
              </div> <!-- test-method -->
              <div class="configuration-method after">
                <span class="method-name">quitBrowser</span>
                <span class="method-start">3996695 ms</span>
              </div> <!-- configuration-method after -->
              <div class="configuration-method before">
                <span class="method-name">launchApplication</span>
                <span class="method-start">3997445 ms</span>
              </div> <!-- configuration-method before -->
              <div class="test-method">
                <img src="failed.png">
                </img>
                <span class="method-name">search_for_and_Add_an_Item_to_Shopping_Cart_from_Shop_by_Department_Menu</span>
                <span class="method-start">4001142 ms</span>
              </div> <!-- test-method -->
              <div class="configuration-method after">
                <span class="method-name">quitBrowser</span>
                <span class="method-start">4092647 ms</span>
              </div> <!-- configuration-method after -->
              <div class="configuration-method before">
                <span class="method-name">launchApplication</span>
                <span class="method-start">4093569 ms</span>
              </div> <!-- configuration-method before -->
              <div class="test-method">
                <img src="failed.png">
                </img>
                <span class="method-name">search_for_and_Add_an_Item_to_Shopping_Cart_from_Any_Brands_Menu</span>
                <span class="method-start">4097741 ms</span>
              </div> <!-- test-method -->
              <div class="configuration-method after">
                <span class="method-name">quitBrowser</span>
                <span class="method-start">4188529 ms</span>
              </div> <!-- configuration-method after -->
              <div class="configuration-method before">
                <span class="method-name">launchApplication</span>
                <span class="method-start">4189607 ms</span>
              </div> <!-- configuration-method before -->
              <div class="test-method">
                <img src="failed.png">
                </img>
                <span class="method-name">proceed_to_Payment_with_Valid_Details_after_Items_added_to_Cart</span>
                <span class="method-start">4194944 ms</span>
              </div> <!-- test-method -->
              <div class="configuration-method after">
                <span class="method-name">quitBrowser</span>
                <span class="method-start">4337889 ms</span>
              </div> <!-- configuration-method after -->
              <div class="configuration-method before">
                <span class="method-name">launchApplication</span>
                <span class="method-start">4338452 ms</span>
              </div> <!-- configuration-method before -->
              <div class="test-method">
                <img src="failed.png">
                </img>
                <span class="method-name">proceed_to_Payment_with_Invalid_Details_after_Items_added_to_Cart</span>
                <span class="method-start">4342634 ms</span>
              </div> <!-- test-method -->
              <div class="configuration-method after">
                <span class="method-name">quitBrowser</span>
                <span class="method-start">4474699 ms</span>
              </div> <!-- configuration-method after -->
          </div> <!-- main-panel-content rounded-window-bottom -->
        </div> <!-- panel -->
      </div> <!-- main-panel-root -->
    </div> <!-- wrapper -->
  </body>
<script type="text/javascript" src="testng-reports2.js"></script>
</html>
