<?xml version="1.0" encoding="UTF-8"?>
<testng-results ignored="0" total="25" passed="13" failed="12" skipped="0">
  <reporter-output>
  </reporter-output>
  <suite started-at="2024-09-05T08:01:01 IST" name="Suite" finished-at="2024-09-05T09:15:41 IST" duration-ms="4480294">
    <groups>
    </groups>
    <test started-at="2024-09-05T08:01:01 IST" name="Test" finished-at="2024-09-05T09:15:41 IST" duration-ms="4480294">
      <class name="tests.LoginTests">
        <test-method is-config="true" signature="launchApplication()[pri:0, instance:tests.LoginTests@70cf32e3]" started-at="2024-09-05T08:19:01 IST" name="launchApplication" finished-at="2024-09-05T08:19:05 IST" duration-ms="3907" status="PASS">
          <reporter-output>
          </reporter-output>
        </test-method> <!-- launchApplication -->
        <test-method signature="without_entering_User_Details()[pri:1, instance:tests.LoginTests@70cf32e3]" started-at="2024-09-05T08:19:05 IST" name="without_entering_User_Details" finished-at="2024-09-05T08:20:18 IST" duration-ms="72887" status="PASS">
          <reporter-output>
          </reporter-output>
        </test-method> <!-- without_entering_User_Details -->
        <test-method is-config="true" signature="quitBrowser()[pri:0, instance:tests.LoginTests@70cf32e3]" started-at="2024-09-05T08:20:18 IST" name="quitBrowser" finished-at="2024-09-05T08:20:19 IST" duration-ms="1173" status="PASS">
          <reporter-output>
          </reporter-output>
        </test-method> <!-- quitBrowser -->
        <test-method is-config="true" signature="launchApplication()[pri:0, instance:tests.LoginTests@70cf32e3]" started-at="2024-09-05T08:20:19 IST" name="launchApplication" finished-at="2024-09-05T08:20:23 IST" duration-ms="3606" status="PASS">
          <reporter-output>
          </reporter-output>
        </test-method> <!-- launchApplication -->
        <test-method signature="entering_blank_value_in_each_Field()[pri:2, instance:tests.LoginTests@70cf32e3]" started-at="2024-09-05T08:20:23 IST" name="entering_blank_value_in_each_Field" finished-at="2024-09-05T08:21:51 IST" duration-ms="87926" status="PASS">
          <reporter-output>
          </reporter-output>
        </test-method> <!-- entering_blank_value_in_each_Field -->
        <test-method is-config="true" signature="quitBrowser()[pri:0, instance:tests.LoginTests@70cf32e3]" started-at="2024-09-05T08:21:51 IST" name="quitBrowser" finished-at="2024-09-05T08:21:51 IST" duration-ms="484" status="PASS">
          <reporter-output>
          </reporter-output>
        </test-method> <!-- quitBrowser -->
        <test-method is-config="true" signature="launchApplication()[pri:0, instance:tests.LoginTests@70cf32e3]" started-at="2024-09-05T08:21:51 IST" name="launchApplication" finished-at="2024-09-05T08:21:55 IST" duration-ms="3822" status="PASS">
          <reporter-output>
          </reporter-output>
        </test-method> <!-- launchApplication -->
        <test-method signature="entering_Invalid_User_Name()[pri:3, instance:tests.LoginTests@70cf32e3]" started-at="2024-09-05T08:21:55 IST" name="entering_Invalid_User_Name" finished-at="2024-09-05T08:23:29 IST" duration-ms="94289" status="FAIL">
          <exception class="java.lang.AssertionError">
            <message>
              <![CDATA[expected [Sorry, the e-mail address and password you entered don’t match. Please try again.] but found [Sorry, something went wrong. Please try again.]]]>
            </message>
            <full-stacktrace>
              <![CDATA[java.lang.AssertionError: expected [Sorry, the e-mail address and password you entered don’t match. Please try again.] but found [Sorry, something went wrong. Please try again.]
at org.testng.Assert.fail(Assert.java:111)
at org.testng.Assert.failNotEquals(Assert.java:1578)
at org.testng.Assert.assertEqualsImpl(Assert.java:150)
at org.testng.Assert.assertEquals(Assert.java:132)
at org.testng.Assert.assertEquals(Assert.java:656)
at org.testng.Assert.assertEquals(Assert.java:666)
at pageObjects.LoginPage.validateErrorText(LoginPage.java:64)
at tests.LoginTests.entering_Invalid_User_Name(LoginTests.java:84)
at java.base/jdk.internal.reflect.NativeMethodAccessorImpl.invoke0(Native Method)
at java.base/jdk.internal.reflect.NativeMethodAccessorImpl.invoke(NativeMethodAccessorImpl.java:78)
at java.base/jdk.internal.reflect.DelegatingMethodAccessorImpl.invoke(DelegatingMethodAccessorImpl.java:43)
at java.base/java.lang.reflect.Method.invoke(Method.java:567)
at org.testng.internal.invokers.MethodInvocationHelper.invokeMethod(MethodInvocationHelper.java:141)
at org.testng.internal.invokers.TestInvoker.invokeMethod(TestInvoker.java:686)
at org.testng.internal.invokers.TestInvoker.invokeTestMethod(TestInvoker.java:230)
at org.testng.internal.invokers.MethodRunner.runInSequence(MethodRunner.java:63)
at org.testng.internal.invokers.TestInvoker$MethodInvocationAgent.invoke(TestInvoker.java:992)
at org.testng.internal.invokers.TestInvoker.invokeTestMethods(TestInvoker.java:203)
at org.testng.internal.invokers.TestMethodWorker.invokeTestMethods(TestMethodWorker.java:154)
at org.testng.internal.invokers.TestMethodWorker.run(TestMethodWorker.java:134)
at java.base/java.util.ArrayList.forEach(ArrayList.java:1511)
at org.testng.TestRunner.privateRun(TestRunner.java:739)
at org.testng.TestRunner.run(TestRunner.java:614)
at org.testng.SuiteRunner.runTest(SuiteRunner.java:421)
at org.testng.SuiteRunner.runSequentially(SuiteRunner.java:413)
at org.testng.SuiteRunner.privateRun(SuiteRunner.java:373)
at org.testng.SuiteRunner.run(SuiteRunner.java:312)
at org.testng.SuiteRunnerWorker.runSuite(SuiteRunnerWorker.java:52)
at org.testng.SuiteRunnerWorker.run(SuiteRunnerWorker.java:95)
at org.testng.TestNG.runSuitesSequentially(TestNG.java:1274)
at org.testng.TestNG.runSuitesLocally(TestNG.java:1208)
at org.testng.TestNG.runSuites(TestNG.java:1112)
at org.testng.TestNG.run(TestNG.java:1079)
at org.testng.remote.AbstractRemoteTestNG.run(AbstractRemoteTestNG.java:115)
at org.testng.remote.RemoteTestNG.initAndRun(RemoteTestNG.java:293)
at org.testng.remote.RemoteTestNG.main(RemoteTestNG.java:91)
]]>
            </full-stacktrace>
          </exception> <!-- java.lang.AssertionError -->
          <reporter-output>
          </reporter-output>
        </test-method> <!-- entering_Invalid_User_Name -->
        <test-method is-config="true" signature="quitBrowser()[pri:0, instance:tests.LoginTests@70cf32e3]" started-at="2024-09-05T08:23:30 IST" name="quitBrowser" finished-at="2024-09-05T08:23:30 IST" duration-ms="500" status="PASS">
          <reporter-output>
          </reporter-output>
        </test-method> <!-- quitBrowser -->
        <test-method is-config="true" signature="launchApplication()[pri:0, instance:tests.LoginTests@70cf32e3]" started-at="2024-09-05T08:23:30 IST" name="launchApplication" finished-at="2024-09-05T08:23:34 IST" duration-ms="3789" status="PASS">
          <reporter-output>
          </reporter-output>
        </test-method> <!-- launchApplication -->
        <test-method signature="entering_Invalid_Password()[pri:4, instance:tests.LoginTests@70cf32e3]" started-at="2024-09-05T08:23:34 IST" name="entering_Invalid_Password" finished-at="2024-09-05T08:25:10 IST" duration-ms="96673" status="FAIL">
          <exception class="java.lang.AssertionError">
            <message>
              <![CDATA[expected [Sorry, the e-mail address and password you entered don’t match. Please try again.] but found [Sorry, something went wrong. Please try again.]]]>
            </message>
            <full-stacktrace>
              <![CDATA[java.lang.AssertionError: expected [Sorry, the e-mail address and password you entered don’t match. Please try again.] but found [Sorry, something went wrong. Please try again.]
at org.testng.Assert.fail(Assert.java:111)
at org.testng.Assert.failNotEquals(Assert.java:1578)
at org.testng.Assert.assertEqualsImpl(Assert.java:150)
at org.testng.Assert.assertEquals(Assert.java:132)
at org.testng.Assert.assertEquals(Assert.java:656)
at org.testng.Assert.assertEquals(Assert.java:666)
at pageObjects.LoginPage.validateErrorText(LoginPage.java:64)
at tests.LoginTests.entering_Invalid_Password(LoginTests.java:104)
at java.base/jdk.internal.reflect.NativeMethodAccessorImpl.invoke0(Native Method)
at java.base/jdk.internal.reflect.NativeMethodAccessorImpl.invoke(NativeMethodAccessorImpl.java:78)
at java.base/jdk.internal.reflect.DelegatingMethodAccessorImpl.invoke(DelegatingMethodAccessorImpl.java:43)
at java.base/java.lang.reflect.Method.invoke(Method.java:567)
at org.testng.internal.invokers.MethodInvocationHelper.invokeMethod(MethodInvocationHelper.java:141)
at org.testng.internal.invokers.TestInvoker.invokeMethod(TestInvoker.java:686)
at org.testng.internal.invokers.TestInvoker.invokeTestMethod(TestInvoker.java:230)
at org.testng.internal.invokers.MethodRunner.runInSequence(MethodRunner.java:63)
at org.testng.internal.invokers.TestInvoker$MethodInvocationAgent.invoke(TestInvoker.java:992)
at org.testng.internal.invokers.TestInvoker.invokeTestMethods(TestInvoker.java:203)
at org.testng.internal.invokers.TestMethodWorker.invokeTestMethods(TestMethodWorker.java:154)
at org.testng.internal.invokers.TestMethodWorker.run(TestMethodWorker.java:134)
at java.base/java.util.ArrayList.forEach(ArrayList.java:1511)
at org.testng.TestRunner.privateRun(TestRunner.java:739)
at org.testng.TestRunner.run(TestRunner.java:614)
at org.testng.SuiteRunner.runTest(SuiteRunner.java:421)
at org.testng.SuiteRunner.runSequentially(SuiteRunner.java:413)
at org.testng.SuiteRunner.privateRun(SuiteRunner.java:373)
at org.testng.SuiteRunner.run(SuiteRunner.java:312)
at org.testng.SuiteRunnerWorker.runSuite(SuiteRunnerWorker.java:52)
at org.testng.SuiteRunnerWorker.run(SuiteRunnerWorker.java:95)
at org.testng.TestNG.runSuitesSequentially(TestNG.java:1274)
at org.testng.TestNG.runSuitesLocally(TestNG.java:1208)
at org.testng.TestNG.runSuites(TestNG.java:1112)
at org.testng.TestNG.run(TestNG.java:1079)
at org.testng.remote.AbstractRemoteTestNG.run(AbstractRemoteTestNG.java:115)
at org.testng.remote.RemoteTestNG.initAndRun(RemoteTestNG.java:293)
at org.testng.remote.RemoteTestNG.main(RemoteTestNG.java:91)
]]>
            </full-stacktrace>
          </exception> <!-- java.lang.AssertionError -->
          <reporter-output>
          </reporter-output>
        </test-method> <!-- entering_Invalid_Password -->
        <test-method is-config="true" signature="quitBrowser()[pri:0, instance:tests.LoginTests@70cf32e3]" started-at="2024-09-05T08:25:10 IST" name="quitBrowser" finished-at="2024-09-05T08:25:12 IST" duration-ms="1254" status="PASS">
          <reporter-output>
          </reporter-output>
        </test-method> <!-- quitBrowser -->
        <test-method is-config="true" signature="launchApplication()[pri:0, instance:tests.LoginTests@70cf32e3]" started-at="2024-09-05T08:25:12 IST" name="launchApplication" finished-at="2024-09-05T08:25:15 IST" duration-ms="3467" status="PASS">
          <reporter-output>
          </reporter-output>
        </test-method> <!-- launchApplication -->
        <test-method signature="entering_numerical_value_in_each_Field()[pri:5, instance:tests.LoginTests@70cf32e3]" started-at="2024-09-05T08:25:15 IST" name="entering_numerical_value_in_each_Field" finished-at="2024-09-05T08:27:11 IST" duration-ms="115946" status="FAIL">
          <exception class="java.lang.AssertionError">
            <message>
              <![CDATA[expected [Sorry, the e-mail address and password you entered don’t match. Please try again.] but found [Sorry, something went wrong. Please try again.]]]>
            </message>
            <full-stacktrace>
              <![CDATA[java.lang.AssertionError: expected [Sorry, the e-mail address and password you entered don’t match. Please try again.] but found [Sorry, something went wrong. Please try again.]
at org.testng.Assert.fail(Assert.java:111)
at org.testng.Assert.failNotEquals(Assert.java:1578)
at org.testng.Assert.assertEqualsImpl(Assert.java:150)
at org.testng.Assert.assertEquals(Assert.java:132)
at org.testng.Assert.assertEquals(Assert.java:656)
at org.testng.Assert.assertEquals(Assert.java:666)
at pageObjects.LoginPage.validateErrorText(LoginPage.java:64)
at tests.LoginTests.entering_numerical_value_in_each_Field(LoginTests.java:134)
at java.base/jdk.internal.reflect.NativeMethodAccessorImpl.invoke0(Native Method)
at java.base/jdk.internal.reflect.NativeMethodAccessorImpl.invoke(NativeMethodAccessorImpl.java:78)
at java.base/jdk.internal.reflect.DelegatingMethodAccessorImpl.invoke(DelegatingMethodAccessorImpl.java:43)
at java.base/java.lang.reflect.Method.invoke(Method.java:567)
at org.testng.internal.invokers.MethodInvocationHelper.invokeMethod(MethodInvocationHelper.java:141)
at org.testng.internal.invokers.TestInvoker.invokeMethod(TestInvoker.java:686)
at org.testng.internal.invokers.TestInvoker.invokeTestMethod(TestInvoker.java:230)
at org.testng.internal.invokers.MethodRunner.runInSequence(MethodRunner.java:63)
at org.testng.internal.invokers.TestInvoker$MethodInvocationAgent.invoke(TestInvoker.java:992)
at org.testng.internal.invokers.TestInvoker.invokeTestMethods(TestInvoker.java:203)
at org.testng.internal.invokers.TestMethodWorker.invokeTestMethods(TestMethodWorker.java:154)
at org.testng.internal.invokers.TestMethodWorker.run(TestMethodWorker.java:134)
at java.base/java.util.ArrayList.forEach(ArrayList.java:1511)
at org.testng.TestRunner.privateRun(TestRunner.java:739)
at org.testng.TestRunner.run(TestRunner.java:614)
at org.testng.SuiteRunner.runTest(SuiteRunner.java:421)
at org.testng.SuiteRunner.runSequentially(SuiteRunner.java:413)
at org.testng.SuiteRunner.privateRun(SuiteRunner.java:373)
at org.testng.SuiteRunner.run(SuiteRunner.java:312)
at org.testng.SuiteRunnerWorker.runSuite(SuiteRunnerWorker.java:52)
at org.testng.SuiteRunnerWorker.run(SuiteRunnerWorker.java:95)
at org.testng.TestNG.runSuitesSequentially(TestNG.java:1274)
at org.testng.TestNG.runSuitesLocally(TestNG.java:1208)
at org.testng.TestNG.runSuites(TestNG.java:1112)
at org.testng.TestNG.run(TestNG.java:1079)
at org.testng.remote.AbstractRemoteTestNG.run(AbstractRemoteTestNG.java:115)
at org.testng.remote.RemoteTestNG.initAndRun(RemoteTestNG.java:293)
at org.testng.remote.RemoteTestNG.main(RemoteTestNG.java:91)
]]>
            </full-stacktrace>
          </exception> <!-- java.lang.AssertionError -->
          <reporter-output>
          </reporter-output>
        </test-method> <!-- entering_numerical_value_in_each_Field -->
        <test-method is-config="true" signature="quitBrowser()[pri:0, instance:tests.LoginTests@70cf32e3]" started-at="2024-09-05T08:27:11 IST" name="quitBrowser" finished-at="2024-09-05T08:27:13 IST" duration-ms="1392" status="PASS">
          <reporter-output>
          </reporter-output>
        </test-method> <!-- quitBrowser -->
        <test-method is-config="true" signature="launchApplication()[pri:0, instance:tests.LoginTests@70cf32e3]" started-at="2024-09-05T08:27:13 IST" name="launchApplication" finished-at="2024-09-05T08:27:16 IST" duration-ms="3603" status="PASS">
          <reporter-output>
          </reporter-output>
        </test-method> <!-- launchApplication -->
        <test-method signature="entering_AlphaNumeric_value_in_each_Field()[pri:6, instance:tests.LoginTests@70cf32e3]" started-at="2024-09-05T08:27:16 IST" name="entering_AlphaNumeric_value_in_each_Field" finished-at="2024-09-05T08:29:12 IST" duration-ms="116342" status="FAIL">
          <exception class="java.lang.AssertionError">
            <message>
              <![CDATA[expected [Sorry, the e-mail address and password you entered don’t match. Please try again.] but found [Sorry, something went wrong. Please try again.]]]>
            </message>
            <full-stacktrace>
              <![CDATA[java.lang.AssertionError: expected [Sorry, the e-mail address and password you entered don’t match. Please try again.] but found [Sorry, something went wrong. Please try again.]
at org.testng.Assert.fail(Assert.java:111)
at org.testng.Assert.failNotEquals(Assert.java:1578)
at org.testng.Assert.assertEqualsImpl(Assert.java:150)
at org.testng.Assert.assertEquals(Assert.java:132)
at org.testng.Assert.assertEquals(Assert.java:656)
at org.testng.Assert.assertEquals(Assert.java:666)
at pageObjects.LoginPage.validateErrorText(LoginPage.java:64)
at tests.LoginTests.entering_AlphaNumeric_value_in_each_Field(LoginTests.java:167)
at java.base/jdk.internal.reflect.NativeMethodAccessorImpl.invoke0(Native Method)
at java.base/jdk.internal.reflect.NativeMethodAccessorImpl.invoke(NativeMethodAccessorImpl.java:78)
at java.base/jdk.internal.reflect.DelegatingMethodAccessorImpl.invoke(DelegatingMethodAccessorImpl.java:43)
at java.base/java.lang.reflect.Method.invoke(Method.java:567)
at org.testng.internal.invokers.MethodInvocationHelper.invokeMethod(MethodInvocationHelper.java:141)
at org.testng.internal.invokers.TestInvoker.invokeMethod(TestInvoker.java:686)
at org.testng.internal.invokers.TestInvoker.invokeTestMethod(TestInvoker.java:230)
at org.testng.internal.invokers.MethodRunner.runInSequence(MethodRunner.java:63)
at org.testng.internal.invokers.TestInvoker$MethodInvocationAgent.invoke(TestInvoker.java:992)
at org.testng.internal.invokers.TestInvoker.invokeTestMethods(TestInvoker.java:203)
at org.testng.internal.invokers.TestMethodWorker.invokeTestMethods(TestMethodWorker.java:154)
at org.testng.internal.invokers.TestMethodWorker.run(TestMethodWorker.java:134)
at java.base/java.util.ArrayList.forEach(ArrayList.java:1511)
at org.testng.TestRunner.privateRun(TestRunner.java:739)
at org.testng.TestRunner.run(TestRunner.java:614)
at org.testng.SuiteRunner.runTest(SuiteRunner.java:421)
at org.testng.SuiteRunner.runSequentially(SuiteRunner.java:413)
at org.testng.SuiteRunner.privateRun(SuiteRunner.java:373)
at org.testng.SuiteRunner.run(SuiteRunner.java:312)
at org.testng.SuiteRunnerWorker.runSuite(SuiteRunnerWorker.java:52)
at org.testng.SuiteRunnerWorker.run(SuiteRunnerWorker.java:95)
at org.testng.TestNG.runSuitesSequentially(TestNG.java:1274)
at org.testng.TestNG.runSuitesLocally(TestNG.java:1208)
at org.testng.TestNG.runSuites(TestNG.java:1112)
at org.testng.TestNG.run(TestNG.java:1079)
at org.testng.remote.AbstractRemoteTestNG.run(AbstractRemoteTestNG.java:115)
at org.testng.remote.RemoteTestNG.initAndRun(RemoteTestNG.java:293)
at org.testng.remote.RemoteTestNG.main(RemoteTestNG.java:91)
]]>
            </full-stacktrace>
          </exception> <!-- java.lang.AssertionError -->
          <reporter-output>
          </reporter-output>
        </test-method> <!-- entering_AlphaNumeric_value_in_each_Field -->
        <test-method is-config="true" signature="quitBrowser()[pri:0, instance:tests.LoginTests@70cf32e3]" started-at="2024-09-05T08:29:12 IST" name="quitBrowser" finished-at="2024-09-05T08:29:13 IST" duration-ms="500" status="PASS">
          <reporter-output>
          </reporter-output>
        </test-method> <!-- quitBrowser -->
        <test-method is-config="true" signature="launchApplication()[pri:0, instance:tests.LoginTests@70cf32e3]" started-at="2024-09-05T08:29:13 IST" name="launchApplication" finished-at="2024-09-05T08:29:17 IST" duration-ms="3690" status="PASS">
          <reporter-output>
          </reporter-output>
        </test-method> <!-- launchApplication -->
        <test-method signature="entering_Symbolic_value_in_each_Field()[pri:7, instance:tests.LoginTests@70cf32e3]" started-at="2024-09-05T08:29:17 IST" name="entering_Symbolic_value_in_each_Field" finished-at="2024-09-05T08:31:15 IST" duration-ms="118171" status="FAIL">
          <exception class="java.lang.AssertionError">
            <message>
              <![CDATA[expected [Sorry, the e-mail address and password you entered don’t match. Please try again.] but found [Sorry, something went wrong. Please try again.]]]>
            </message>
            <full-stacktrace>
              <![CDATA[java.lang.AssertionError: expected [Sorry, the e-mail address and password you entered don’t match. Please try again.] but found [Sorry, something went wrong. Please try again.]
at org.testng.Assert.fail(Assert.java:111)
at org.testng.Assert.failNotEquals(Assert.java:1578)
at org.testng.Assert.assertEqualsImpl(Assert.java:150)
at org.testng.Assert.assertEquals(Assert.java:132)
at org.testng.Assert.assertEquals(Assert.java:656)
at org.testng.Assert.assertEquals(Assert.java:666)
at pageObjects.LoginPage.validateErrorText(LoginPage.java:64)
at tests.LoginTests.entering_Symbolic_value_in_each_Field(LoginTests.java:200)
at java.base/jdk.internal.reflect.NativeMethodAccessorImpl.invoke0(Native Method)
at java.base/jdk.internal.reflect.NativeMethodAccessorImpl.invoke(NativeMethodAccessorImpl.java:78)
at java.base/jdk.internal.reflect.DelegatingMethodAccessorImpl.invoke(DelegatingMethodAccessorImpl.java:43)
at java.base/java.lang.reflect.Method.invoke(Method.java:567)
at org.testng.internal.invokers.MethodInvocationHelper.invokeMethod(MethodInvocationHelper.java:141)
at org.testng.internal.invokers.TestInvoker.invokeMethod(TestInvoker.java:686)
at org.testng.internal.invokers.TestInvoker.invokeTestMethod(TestInvoker.java:230)
at org.testng.internal.invokers.MethodRunner.runInSequence(MethodRunner.java:63)
at org.testng.internal.invokers.TestInvoker$MethodInvocationAgent.invoke(TestInvoker.java:992)
at org.testng.internal.invokers.TestInvoker.invokeTestMethods(TestInvoker.java:203)
at org.testng.internal.invokers.TestMethodWorker.invokeTestMethods(TestMethodWorker.java:154)
at org.testng.internal.invokers.TestMethodWorker.run(TestMethodWorker.java:134)
at java.base/java.util.ArrayList.forEach(ArrayList.java:1511)
at org.testng.TestRunner.privateRun(TestRunner.java:739)
at org.testng.TestRunner.run(TestRunner.java:614)
at org.testng.SuiteRunner.runTest(SuiteRunner.java:421)
at org.testng.SuiteRunner.runSequentially(SuiteRunner.java:413)
at org.testng.SuiteRunner.privateRun(SuiteRunner.java:373)
at org.testng.SuiteRunner.run(SuiteRunner.java:312)
at org.testng.SuiteRunnerWorker.runSuite(SuiteRunnerWorker.java:52)
at org.testng.SuiteRunnerWorker.run(SuiteRunnerWorker.java:95)
at org.testng.TestNG.runSuitesSequentially(TestNG.java:1274)
at org.testng.TestNG.runSuitesLocally(TestNG.java:1208)
at org.testng.TestNG.runSuites(TestNG.java:1112)
at org.testng.TestNG.run(TestNG.java:1079)
at org.testng.remote.AbstractRemoteTestNG.run(AbstractRemoteTestNG.java:115)
at org.testng.remote.RemoteTestNG.initAndRun(RemoteTestNG.java:293)
at org.testng.remote.RemoteTestNG.main(RemoteTestNG.java:91)
]]>
            </full-stacktrace>
          </exception> <!-- java.lang.AssertionError -->
          <reporter-output>
          </reporter-output>
        </test-method> <!-- entering_Symbolic_value_in_each_Field -->
        <test-method is-config="true" signature="quitBrowser()[pri:0, instance:tests.LoginTests@70cf32e3]" started-at="2024-09-05T08:31:15 IST" name="quitBrowser" finished-at="2024-09-05T08:31:15 IST" duration-ms="625" status="PASS">
          <reporter-output>
          </reporter-output>
        </test-method> <!-- quitBrowser -->
        <test-method is-config="true" signature="launchApplication()[pri:0, instance:tests.LoginTests@70cf32e3]" started-at="2024-09-05T08:31:15 IST" name="launchApplication" finished-at="2024-09-05T08:31:19 IST" duration-ms="3666" status="PASS">
          <reporter-output>
          </reporter-output>
        </test-method> <!-- launchApplication -->
        <test-method signature="entering_Valid_User_Details()[pri:8, instance:tests.LoginTests@70cf32e3]" started-at="2024-09-05T08:31:19 IST" name="entering_Valid_User_Details" finished-at="2024-09-05T08:33:25 IST" duration-ms="125703" status="FAIL">
          <exception class="org.openqa.selenium.TimeoutException">
            <message>
              <![CDATA[Expected condition failed: waiting for visibility of Proxy element for: DefaultElementLocator 'By.xpath: //*[@data-automation='account-greeting']/span' (tried for 30 second(s) with 500 milliseconds interval)]]>
            </message>
            <full-stacktrace>
              <![CDATA[org.openqa.selenium.TimeoutException: Expected condition failed: waiting for visibility of Proxy element for: DefaultElementLocator 'By.xpath: //*[@data-automation='account-greeting']/span' (tried for 30 second(s) with 500 milliseconds interval)
at org.openqa.selenium.support.ui.WebDriverWait.timeoutException(WebDriverWait.java:84)
at org.openqa.selenium.support.ui.FluentWait.until(FluentWait.java:228)
at base.BaseComponents.waitForElementToAppear(BaseComponents.java:290)
at pageObjects.HomePage.validateProfileName(HomePage.java:115)
at tests.LoginTests.entering_Valid_User_Details(LoginTests.java:226)
at java.base/jdk.internal.reflect.NativeMethodAccessorImpl.invoke0(Native Method)
at java.base/jdk.internal.reflect.NativeMethodAccessorImpl.invoke(NativeMethodAccessorImpl.java:78)
at java.base/jdk.internal.reflect.DelegatingMethodAccessorImpl.invoke(DelegatingMethodAccessorImpl.java:43)
at java.base/java.lang.reflect.Method.invoke(Method.java:567)
at org.testng.internal.invokers.MethodInvocationHelper.invokeMethod(MethodInvocationHelper.java:141)
at org.testng.internal.invokers.TestInvoker.invokeMethod(TestInvoker.java:686)
at org.testng.internal.invokers.TestInvoker.invokeTestMethod(TestInvoker.java:230)
at org.testng.internal.invokers.MethodRunner.runInSequence(MethodRunner.java:63)
at org.testng.internal.invokers.TestInvoker$MethodInvocationAgent.invoke(TestInvoker.java:992)
at org.testng.internal.invokers.TestInvoker.invokeTestMethods(TestInvoker.java:203)
at org.testng.internal.invokers.TestMethodWorker.invokeTestMethods(TestMethodWorker.java:154)
at org.testng.internal.invokers.TestMethodWorker.run(TestMethodWorker.java:134)
at java.base/java.util.ArrayList.forEach(ArrayList.java:1511)
at org.testng.TestRunner.privateRun(TestRunner.java:739)
at org.testng.TestRunner.run(TestRunner.java:614)
at org.testng.SuiteRunner.runTest(SuiteRunner.java:421)
at org.testng.SuiteRunner.runSequentially(SuiteRunner.java:413)
at org.testng.SuiteRunner.privateRun(SuiteRunner.java:373)
at org.testng.SuiteRunner.run(SuiteRunner.java:312)
at org.testng.SuiteRunnerWorker.runSuite(SuiteRunnerWorker.java:52)
at org.testng.SuiteRunnerWorker.run(SuiteRunnerWorker.java:95)
at org.testng.TestNG.runSuitesSequentially(TestNG.java:1274)
at org.testng.TestNG.runSuitesLocally(TestNG.java:1208)
at org.testng.TestNG.runSuites(TestNG.java:1112)
at org.testng.TestNG.run(TestNG.java:1079)
at org.testng.remote.AbstractRemoteTestNG.run(AbstractRemoteTestNG.java:115)
at org.testng.remote.RemoteTestNG.initAndRun(RemoteTestNG.java:293)
at org.testng.remote.RemoteTestNG.main(RemoteTestNG.java:91)
Caused by: org.openqa.selenium.NoSuchElementException: no such element: Unable to locate element: {"method":"xpath","selector":"//*[@data-automation='account-greeting']/span"}
  (Session info: chrome=128.0.6613.115)
For documentation on this error, please visit: https://www.selenium.dev/documentation/webdriver/troubleshooting/errors#no-such-element-exception
Build info: version: '4.20.0', revision: '866c76ca80'
System info: os.name: 'Windows 10', os.arch: 'amd64', os.version: '10.0', java.version: '16.0.2'
Driver info: org.openqa.selenium.chrome.ChromeDriver
Command: [2b91593ba5195ff989172c1b62343801, findElement {value=//*[@data-automation='account-greeting']/span, using=xpath}]
Capabilities {acceptInsecureCerts: false, browserName: chrome, browserVersion: 128.0.6613.115, chrome: {chromedriverVersion: 128.0.6613.119 (6e439cfca4d..., userDataDir: C:\Users\ARAVIN~1\AppData\L...}, fedcm:accounts: true, goog:chromeOptions: {debuggerAddress: localhost:58135}, networkConnectionEnabled: false, pageLoadStrategy: normal, platformName: windows, proxy: Proxy(), se:cdp: ws://localhost:58135/devtoo..., se:cdpVersion: 128.0.6613.115, setWindowRect: true, strictFileInteractability: false, timeouts: {implicit: 0, pageLoad: 300000, script: 30000}, unhandledPromptBehavior: dismiss and notify, webauthn:extension:credBlob: true, webauthn:extension:largeBlob: true, webauthn:extension:minPinLength: true, webauthn:extension:prf: true, webauthn:virtualAuthenticators: true}
Session ID: 2b91593ba5195ff989172c1b62343801
at java.base/jdk.internal.reflect.NativeConstructorAccessorImpl.newInstance0(Native Method)
at java.base/jdk.internal.reflect.NativeConstructorAccessorImpl.newInstance(NativeConstructorAccessorImpl.java:78)
at java.base/jdk.internal.reflect.DelegatingConstructorAccessorImpl.newInstance(DelegatingConstructorAccessorImpl.java:45)
at java.base/java.lang.reflect.Constructor.newInstanceWithCaller(Constructor.java:499)
at java.base/java.lang.reflect.Constructor.newInstance(Constructor.java:480)
at org.openqa.selenium.remote.ErrorCodec.decode(ErrorCodec.java:167)
at org.openqa.selenium.remote.codec.w3c.W3CHttpResponseCodec.decode(W3CHttpResponseCodec.java:138)
at org.openqa.selenium.remote.codec.w3c.W3CHttpResponseCodec.decode(W3CHttpResponseCodec.java:50)
at org.openqa.selenium.remote.HttpCommandExecutor.execute(HttpCommandExecutor.java:190)
at org.openqa.selenium.remote.service.DriverCommandExecutor.invokeExecute(DriverCommandExecutor.java:216)
at org.openqa.selenium.remote.service.DriverCommandExecutor.execute(DriverCommandExecutor.java:174)
at org.openqa.selenium.remote.RemoteWebDriver.execute(RemoteWebDriver.java:518)
at org.openqa.selenium.remote.ElementLocation$ElementFinder$2.findElement(ElementLocation.java:165)
at org.openqa.selenium.remote.ElementLocation.findElement(ElementLocation.java:59)
at org.openqa.selenium.remote.RemoteWebDriver.findElement(RemoteWebDriver.java:355)
at org.openqa.selenium.remote.RemoteWebDriver.findElement(RemoteWebDriver.java:349)
at org.openqa.selenium.support.pagefactory.DefaultElementLocator.findElement(DefaultElementLocator.java:68)
at org.openqa.selenium.support.pagefactory.internal.LocatingElementHandler.invoke(LocatingElementHandler.java:38)
at jdk.proxy2/jdk.proxy2.$Proxy12.isDisplayed(Unknown Source)
at org.openqa.selenium.support.ui.ExpectedConditions.elementIfVisible(ExpectedConditions.java:304)
at org.openqa.selenium.support.ui.ExpectedConditions$10.apply(ExpectedConditions.java:290)
at org.openqa.selenium.support.ui.ExpectedConditions$10.apply(ExpectedConditions.java:287)
at org.openqa.selenium.support.ui.FluentWait.until(FluentWait.java:203)
... 31 more
]]>
            </full-stacktrace>
          </exception> <!-- org.openqa.selenium.TimeoutException -->
          <reporter-output>
          </reporter-output>
        </test-method> <!-- entering_Valid_User_Details -->
        <test-method is-config="true" signature="quitBrowser()[pri:0, instance:tests.LoginTests@70cf32e3]" started-at="2024-09-05T08:33:25 IST" name="quitBrowser" finished-at="2024-09-05T08:33:26 IST" duration-ms="719" status="PASS">
          <reporter-output>
          </reporter-output>
        </test-method> <!-- quitBrowser -->
      </class> <!-- tests.LoginTests -->
      <class name="tests.SignUpTests">
        <test-method is-config="true" signature="launchApplication()[pri:0, instance:tests.SignUpTests@5b247367]" started-at="2024-09-05T08:01:05 IST" name="launchApplication" finished-at="2024-09-05T08:01:11 IST" duration-ms="6565" status="PASS">
          <reporter-output>
          </reporter-output>
        </test-method> <!-- launchApplication -->
        <test-method signature="validating_whether_given_URL_is_Broken_or_not()[pri:1, instance:tests.SignUpTests@5b247367]" started-at="2024-09-05T08:01:11 IST" name="validating_whether_given_URL_is_Broken_or_not" finished-at="2024-09-05T08:01:21 IST" duration-ms="9464" status="PASS">
          <reporter-output>
          </reporter-output>
        </test-method> <!-- validating_whether_given_URL_is_Broken_or_not -->
        <test-method is-config="true" signature="quitBrowser()[pri:0, instance:tests.SignUpTests@5b247367]" started-at="2024-09-05T08:01:21 IST" name="quitBrowser" finished-at="2024-09-05T08:01:22 IST" duration-ms="953" status="PASS">
          <reporter-output>
          </reporter-output>
        </test-method> <!-- quitBrowser -->
        <test-method is-config="true" signature="launchApplication()[pri:0, instance:tests.SignUpTests@5b247367]" started-at="2024-09-05T08:01:22 IST" name="launchApplication" finished-at="2024-09-05T08:01:26 IST" duration-ms="4565" status="PASS">
          <reporter-output>
          </reporter-output>
        </test-method> <!-- launchApplication -->
        <test-method signature="without_entering_User_Details()[pri:2, instance:tests.SignUpTests@5b247367]" started-at="2024-09-05T08:01:26 IST" name="without_entering_User_Details" finished-at="2024-09-05T08:02:57 IST" duration-ms="90407" status="PASS">
          <reporter-output>
          </reporter-output>
        </test-method> <!-- without_entering_User_Details -->
        <test-method is-config="true" signature="quitBrowser()[pri:0, instance:tests.SignUpTests@5b247367]" started-at="2024-09-05T08:02:57 IST" name="quitBrowser" finished-at="2024-09-05T08:02:58 IST" duration-ms="1360" status="PASS">
          <reporter-output>
          </reporter-output>
        </test-method> <!-- quitBrowser -->
        <test-method is-config="true" signature="launchApplication()[pri:0, instance:tests.SignUpTests@5b247367]" started-at="2024-09-05T08:02:58 IST" name="launchApplication" finished-at="2024-09-05T08:03:02 IST" duration-ms="4373" status="PASS">
          <reporter-output>
          </reporter-output>
        </test-method> <!-- launchApplication -->
        <test-method signature="entering_blank_value_in_each_Field()[pri:3, instance:tests.SignUpTests@5b247367]" started-at="2024-09-05T08:03:02 IST" name="entering_blank_value_in_each_Field" finished-at="2024-09-05T08:05:28 IST" duration-ms="145160" status="PASS">
          <reporter-output>
          </reporter-output>
        </test-method> <!-- entering_blank_value_in_each_Field -->
        <test-method is-config="true" signature="quitBrowser()[pri:0, instance:tests.SignUpTests@5b247367]" started-at="2024-09-05T08:05:28 IST" name="quitBrowser" finished-at="2024-09-05T08:05:28 IST" duration-ms="751" status="PASS">
          <reporter-output>
          </reporter-output>
        </test-method> <!-- quitBrowser -->
        <test-method is-config="true" signature="launchApplication()[pri:0, instance:tests.SignUpTests@5b247367]" started-at="2024-09-05T08:05:28 IST" name="launchApplication" finished-at="2024-09-05T08:05:33 IST" duration-ms="4551" status="PASS">
          <reporter-output>
          </reporter-output>
        </test-method> <!-- launchApplication -->
        <test-method signature="entering_numerical_value_in_each_Field()[pri:4, instance:tests.SignUpTests@5b247367]" started-at="2024-09-05T08:05:33 IST" name="entering_numerical_value_in_each_Field" finished-at="2024-09-05T08:08:04 IST" duration-ms="150900" status="PASS">
          <reporter-output>
          </reporter-output>
        </test-method> <!-- entering_numerical_value_in_each_Field -->
        <test-method is-config="true" signature="quitBrowser()[pri:0, instance:tests.SignUpTests@5b247367]" started-at="2024-09-05T08:08:04 IST" name="quitBrowser" finished-at="2024-09-05T08:08:05 IST" duration-ms="815" status="PASS">
          <reporter-output>
          </reporter-output>
        </test-method> <!-- quitBrowser -->
        <test-method is-config="true" signature="launchApplication()[pri:0, instance:tests.SignUpTests@5b247367]" started-at="2024-09-05T08:08:05 IST" name="launchApplication" finished-at="2024-09-05T08:08:08 IST" duration-ms="3715" status="PASS">
          <reporter-output>
          </reporter-output>
        </test-method> <!-- launchApplication -->
        <test-method signature="entering_AlphaNumeric_value_in_each_Field()[pri:5, instance:tests.SignUpTests@5b247367]" started-at="2024-09-05T08:08:08 IST" name="entering_AlphaNumeric_value_in_each_Field" finished-at="2024-09-05T08:10:34 IST" duration-ms="145134" status="PASS">
          <reporter-output>
          </reporter-output>
        </test-method> <!-- entering_AlphaNumeric_value_in_each_Field -->
        <test-method is-config="true" signature="quitBrowser()[pri:0, instance:tests.SignUpTests@5b247367]" started-at="2024-09-05T08:10:34 IST" name="quitBrowser" finished-at="2024-09-05T08:10:34 IST" duration-ms="560" status="PASS">
          <reporter-output>
          </reporter-output>
        </test-method> <!-- quitBrowser -->
        <test-method is-config="true" signature="launchApplication()[pri:0, instance:tests.SignUpTests@5b247367]" started-at="2024-09-05T08:10:34 IST" name="launchApplication" finished-at="2024-09-05T08:10:39 IST" duration-ms="4975" status="PASS">
          <reporter-output>
          </reporter-output>
        </test-method> <!-- launchApplication -->
        <test-method signature="entering_Symbolic_value_in_each_Field()[pri:6, instance:tests.SignUpTests@5b247367]" started-at="2024-09-05T08:10:39 IST" name="entering_Symbolic_value_in_each_Field" finished-at="2024-09-05T08:13:05 IST" duration-ms="145803" status="PASS">
          <reporter-output>
          </reporter-output>
        </test-method> <!-- entering_Symbolic_value_in_each_Field -->
        <test-method is-config="true" signature="quitBrowser()[pri:0, instance:tests.SignUpTests@5b247367]" started-at="2024-09-05T08:13:05 IST" name="quitBrowser" finished-at="2024-09-05T08:13:06 IST" duration-ms="678" status="PASS">
          <reporter-output>
          </reporter-output>
        </test-method> <!-- quitBrowser -->
        <test-method is-config="true" signature="launchApplication()[pri:0, instance:tests.SignUpTests@5b247367]" started-at="2024-09-05T08:13:06 IST" name="launchApplication" finished-at="2024-09-05T08:13:10 IST" duration-ms="4538" status="PASS">
          <reporter-output>
          </reporter-output>
        </test-method> <!-- launchApplication -->
        <test-method signature="entering_Valid_User_Details()[pri:7, instance:tests.SignUpTests@5b247367]" started-at="2024-09-05T08:13:10 IST" name="entering_Valid_User_Details" finished-at="2024-09-05T08:14:59 IST" duration-ms="108775" status="PASS">
          <reporter-output>
          </reporter-output>
        </test-method> <!-- entering_Valid_User_Details -->
        <test-method is-config="true" signature="quitBrowser()[pri:0, instance:tests.SignUpTests@5b247367]" started-at="2024-09-05T08:14:59 IST" name="quitBrowser" finished-at="2024-09-05T08:15:00 IST" duration-ms="859" status="PASS">
          <reporter-output>
          </reporter-output>
        </test-method> <!-- quitBrowser -->
        <test-method is-config="true" signature="launchApplication()[pri:0, instance:tests.SignUpTests@5b247367]" started-at="2024-09-05T08:15:00 IST" name="launchApplication" finished-at="2024-09-05T08:15:04 IST" duration-ms="4028" status="PASS">
          <reporter-output>
          </reporter-output>
        </test-method> <!-- launchApplication -->
        <test-method signature="already_Existed_User_Details()[pri:8, instance:tests.SignUpTests@5b247367]" started-at="2024-09-05T08:15:04 IST" name="already_Existed_User_Details" finished-at="2024-09-05T08:16:57 IST" duration-ms="113648" status="PASS">
          <reporter-output>
          </reporter-output>
        </test-method> <!-- already_Existed_User_Details -->
        <test-method is-config="true" signature="quitBrowser()[pri:0, instance:tests.SignUpTests@5b247367]" started-at="2024-09-05T08:16:57 IST" name="quitBrowser" finished-at="2024-09-05T08:16:58 IST" duration-ms="625" status="PASS">
          <reporter-output>
          </reporter-output>
        </test-method> <!-- quitBrowser -->
        <test-method is-config="true" signature="launchApplication()[pri:0, instance:tests.SignUpTests@5b247367]" started-at="2024-09-05T08:16:58 IST" name="launchApplication" finished-at="2024-09-05T08:17:02 IST" duration-ms="3755" status="PASS">
          <reporter-output>
          </reporter-output>
        </test-method> <!-- launchApplication -->
        <test-method signature="password_Checklist_Validation()[pri:9, instance:tests.SignUpTests@5b247367]" started-at="2024-09-05T08:17:02 IST" name="password_Checklist_Validation" finished-at="2024-09-05T08:19:01 IST" duration-ms="118880" status="PASS">
          <reporter-output>
          </reporter-output>
        </test-method> <!-- password_Checklist_Validation -->
        <test-method is-config="true" signature="quitBrowser()[pri:0, instance:tests.SignUpTests@5b247367]" started-at="2024-09-05T08:19:01 IST" name="quitBrowser" finished-at="2024-09-05T08:19:01 IST" duration-ms="711" status="PASS">
          <reporter-output>
          </reporter-output>
        </test-method> <!-- quitBrowser -->
      </class> <!-- tests.SignUpTests -->
      <class name="tests.BestBuyECommerceApplicationTests">
        <test-method is-config="true" signature="launchApplication()[pri:0, instance:tests.BestBuyECommerceApplicationTests@5a59ca5e]" started-at="2024-09-05T08:33:26 IST" name="launchApplication" finished-at="2024-09-05T08:33:29 IST" duration-ms="3835" status="PASS">
          <reporter-output>
          </reporter-output>
        </test-method> <!-- launchApplication -->
        <test-method signature="navigation_of_all_Menu_and_Validation_of_Title_in_each_Page()[pri:1, instance:tests.BestBuyECommerceApplicationTests@5a59ca5e]" started-at="2024-09-05T08:33:29 IST" name="navigation_of_all_Menu_and_Validation_of_Title_in_each_Page" finished-at="2024-09-05T08:43:19 IST" duration-ms="589218" status="FAIL">
          <exception class="java.lang.AssertionError">
            <message>
              <![CDATA[The following asserts failed:
"Apple Products On Sale | Best Buy Canada" not Matches with "Apple On Sale"... expected [true] but found [false],
"Dyson On Sale | Best Buy Canada" not Matches with "Logitech On Sale"... expected [true] but found [false],
"Laptops on Sale: New & Refurbished | Best Buy Canada" not Matches with "Laptops On Sale"... expected [true] but found [false],
"Our Hottest Deals on Phones and Plans | Best Buy Canada" not Matches with "Top Smartphone Deals"... expected [true] but found [false],
"Smart TVs: 65 inch, 32 inch, 55 inch & more | Best Buy Canada" not Matches with "Smart TVs On Sale"... expected [true] but found [false],
"Major Appliances On Sale | Best Buy Canada" not Matches with "Major Appliance Deals"... expected [true] but found [false],
"Top Deals: Weekly Flyer | Best Buy Canada" not Matches with "All Labour Day Sale Deals"... expected [true] but found [false],
"Open Box Electronic Deals on Laptops, Computers & more | Best Buy Canada" not Matches with "Open Box Products"... expected [true] but found [false],
"Open Box Electronic Deals on Laptops, Computers & more | Best Buy Canada" not Matches with "Refurbished Products"... expected [true] but found [false],
"Clearance Sale on Electronics & Other Products | Best Buy Canada" not Matches with "Clearance Products"... expected [true] but found [false],
"Best Buy Outlet: Outlet Deals on Electronics | Best Buy Canada" not Matches with "All Outlet Deals"... expected [true] but found [false],
"Geek Squad Services: Online & In-Store | Best Buy Canada" not Matches with "Best Buy Membership"... expected [true] but found [false],
"Best Buy Membership | Best Buy Canada" not Matches with "Best Buy Protection"... expected [true] but found [false],
"Best Buy Protection & Extended Warranty | Best Buy Canada" not Matches with "Best Buy Business"... expected [true] but found [false],
"Best Buy Business | Best Buy Canada" not Matches with "Monthly Subscription"... expected [true] but found [false],
"Best Buy Monthly Subscription | Best Buy Canada" not Matches with "Trade-In Program"... expected [true] but found [false],
"Help Centre | Best Buy Canada" not Matches with "Electronics Recycling"... expected [true] but found [false],
"Best Buy Health | Best Buy Canada" not Matches with "Geek Squad Academy"... expected [true] but found [false]]]>
            </message>
            <full-stacktrace>
              <![CDATA[java.lang.AssertionError: The following asserts failed:
"Apple Products On Sale | Best Buy Canada" not Matches with "Apple On Sale"... expected [true] but found [false],
"Dyson On Sale | Best Buy Canada" not Matches with "Logitech On Sale"... expected [true] but found [false],
"Laptops on Sale: New & Refurbished | Best Buy Canada" not Matches with "Laptops On Sale"... expected [true] but found [false],
"Our Hottest Deals on Phones and Plans | Best Buy Canada" not Matches with "Top Smartphone Deals"... expected [true] but found [false],
"Smart TVs: 65 inch, 32 inch, 55 inch & more | Best Buy Canada" not Matches with "Smart TVs On Sale"... expected [true] but found [false],
"Major Appliances On Sale | Best Buy Canada" not Matches with "Major Appliance Deals"... expected [true] but found [false],
"Top Deals: Weekly Flyer | Best Buy Canada" not Matches with "All Labour Day Sale Deals"... expected [true] but found [false],
"Open Box Electronic Deals on Laptops, Computers & more | Best Buy Canada" not Matches with "Open Box Products"... expected [true] but found [false],
"Open Box Electronic Deals on Laptops, Computers & more | Best Buy Canada" not Matches with "Refurbished Products"... expected [true] but found [false],
"Clearance Sale on Electronics & Other Products | Best Buy Canada" not Matches with "Clearance Products"... expected [true] but found [false],
"Best Buy Outlet: Outlet Deals on Electronics | Best Buy Canada" not Matches with "All Outlet Deals"... expected [true] but found [false],
"Geek Squad Services: Online & In-Store | Best Buy Canada" not Matches with "Best Buy Membership"... expected [true] but found [false],
"Best Buy Membership | Best Buy Canada" not Matches with "Best Buy Protection"... expected [true] but found [false],
"Best Buy Protection & Extended Warranty | Best Buy Canada" not Matches with "Best Buy Business"... expected [true] but found [false],
"Best Buy Business | Best Buy Canada" not Matches with "Monthly Subscription"... expected [true] but found [false],
"Best Buy Monthly Subscription | Best Buy Canada" not Matches with "Trade-In Program"... expected [true] but found [false],
"Help Centre | Best Buy Canada" not Matches with "Electronics Recycling"... expected [true] but found [false],
"Best Buy Health | Best Buy Canada" not Matches with "Geek Squad Academy"... expected [true] but found [false]
at org.testng.asserts.SoftAssert.assertAll(SoftAssert.java:46)
at org.testng.asserts.SoftAssert.assertAll(SoftAssert.java:30)
at pageObjects.HomePage.navigateToAllTheMenu(HomePage.java:158)
at tests.BestBuyECommerceApplicationTests.navigation_of_all_Menu_and_Validation_of_Title_in_each_Page(BestBuyECommerceApplicationTests.java:21)
at java.base/jdk.internal.reflect.NativeMethodAccessorImpl.invoke0(Native Method)
at java.base/jdk.internal.reflect.NativeMethodAccessorImpl.invoke(NativeMethodAccessorImpl.java:78)
at java.base/jdk.internal.reflect.DelegatingMethodAccessorImpl.invoke(DelegatingMethodAccessorImpl.java:43)
at java.base/java.lang.reflect.Method.invoke(Method.java:567)
at org.testng.internal.invokers.MethodInvocationHelper.invokeMethod(MethodInvocationHelper.java:141)
at org.testng.internal.invokers.TestInvoker.invokeMethod(TestInvoker.java:686)
at org.testng.internal.invokers.TestInvoker.invokeTestMethod(TestInvoker.java:230)
at org.testng.internal.invokers.MethodRunner.runInSequence(MethodRunner.java:63)
at org.testng.internal.invokers.TestInvoker$MethodInvocationAgent.invoke(TestInvoker.java:992)
at org.testng.internal.invokers.TestInvoker.invokeTestMethods(TestInvoker.java:203)
at org.testng.internal.invokers.TestMethodWorker.invokeTestMethods(TestMethodWorker.java:154)
at org.testng.internal.invokers.TestMethodWorker.run(TestMethodWorker.java:134)
at java.base/java.util.ArrayList.forEach(ArrayList.java:1511)
at org.testng.TestRunner.privateRun(TestRunner.java:739)
at org.testng.TestRunner.run(TestRunner.java:614)
at org.testng.SuiteRunner.runTest(SuiteRunner.java:421)
at org.testng.SuiteRunner.runSequentially(SuiteRunner.java:413)
at org.testng.SuiteRunner.privateRun(SuiteRunner.java:373)
at org.testng.SuiteRunner.run(SuiteRunner.java:312)
at org.testng.SuiteRunnerWorker.runSuite(SuiteRunnerWorker.java:52)
at org.testng.SuiteRunnerWorker.run(SuiteRunnerWorker.java:95)
at org.testng.TestNG.runSuitesSequentially(TestNG.java:1274)
at org.testng.TestNG.runSuitesLocally(TestNG.java:1208)
at org.testng.TestNG.runSuites(TestNG.java:1112)
at org.testng.TestNG.run(TestNG.java:1079)
at org.testng.remote.AbstractRemoteTestNG.run(AbstractRemoteTestNG.java:115)
at org.testng.remote.RemoteTestNG.initAndRun(RemoteTestNG.java:293)
at org.testng.remote.RemoteTestNG.main(RemoteTestNG.java:91)
]]>
            </full-stacktrace>
          </exception> <!-- java.lang.AssertionError -->
          <reporter-output>
          </reporter-output>
        </test-method> <!-- navigation_of_all_Menu_and_Validation_of_Title_in_each_Page -->
        <test-method is-config="true" signature="quitBrowser()[pri:0, instance:tests.BestBuyECommerceApplicationTests@5a59ca5e]" started-at="2024-09-05T08:43:19 IST" name="quitBrowser" finished-at="2024-09-05T08:43:19 IST" duration-ms="821" status="PASS">
          <reporter-output>
          </reporter-output>
        </test-method> <!-- quitBrowser -->
        <test-method is-config="true" signature="launchApplication()[pri:0, instance:tests.BestBuyECommerceApplicationTests@5a59ca5e]" started-at="2024-09-05T08:43:19 IST" name="launchApplication" finished-at="2024-09-05T08:43:24 IST" duration-ms="4649" status="PASS">
          <reporter-output>
          </reporter-output>
        </test-method> <!-- launchApplication -->
        <test-method signature="validating_Bottom_Links()[pri:2, instance:tests.BestBuyECommerceApplicationTests@5a59ca5e]" started-at="2024-09-05T08:43:24 IST" name="validating_Bottom_Links" finished-at="2024-09-05T09:03:11 IST" duration-ms="1186842" status="PASS">
          <reporter-output>
          </reporter-output>
        </test-method> <!-- validating_Bottom_Links -->
        <test-method is-config="true" signature="quitBrowser()[pri:0, instance:tests.BestBuyECommerceApplicationTests@5a59ca5e]" started-at="2024-09-05T09:03:11 IST" name="quitBrowser" finished-at="2024-09-05T09:03:12 IST" duration-ms="656" status="PASS">
          <reporter-output>
          </reporter-output>
        </test-method> <!-- quitBrowser -->
        <test-method is-config="true" signature="launchApplication()[pri:0, instance:tests.BestBuyECommerceApplicationTests@5a59ca5e]" started-at="2024-09-05T09:03:12 IST" name="launchApplication" finished-at="2024-09-05T09:03:16 IST" duration-ms="4752" status="PASS">
          <reporter-output>
          </reporter-output>
        </test-method> <!-- launchApplication -->
        <test-method signature="search_for_an_Item_filtering_the_Results()[pri:3, instance:tests.BestBuyECommerceApplicationTests@5a59ca5e]" started-at="2024-09-05T09:03:16 IST" name="search_for_an_Item_filtering_the_Results" finished-at="2024-09-05T09:05:10 IST" duration-ms="113430" status="PASS">
          <reporter-output>
          </reporter-output>
        </test-method> <!-- search_for_an_Item_filtering_the_Results -->
        <test-method is-config="true" signature="quitBrowser()[pri:0, instance:tests.BestBuyECommerceApplicationTests@5a59ca5e]" started-at="2024-09-05T09:05:10 IST" name="quitBrowser" finished-at="2024-09-05T09:05:10 IST" duration-ms="547" status="PASS">
          <reporter-output>
          </reporter-output>
        </test-method> <!-- quitBrowser -->
        <test-method is-config="true" signature="launchApplication()[pri:0, instance:tests.BestBuyECommerceApplicationTests@5a59ca5e]" started-at="2024-09-05T09:05:10 IST" name="launchApplication" finished-at="2024-09-05T09:05:14 IST" duration-ms="3720" status="PASS">
          <reporter-output>
          </reporter-output>
        </test-method> <!-- launchApplication -->
        <test-method signature="search_for_and_Add_an_Item_to_Shopping_Cart()[pri:4, instance:tests.BestBuyECommerceApplicationTests@5a59ca5e]" started-at="2024-09-05T09:05:14 IST" name="search_for_and_Add_an_Item_to_Shopping_Cart" finished-at="2024-09-05T09:07:41 IST" duration-ms="147373" status="FAIL">
          <exception class="org.openqa.selenium.TimeoutException">
            <message>
              <![CDATA[Expected condition failed: waiting for visibility of Proxy element for: DefaultElementLocator 'By.xpath: //div[contains(@class, 'item-added-message')]//p' (tried for 30 second(s) with 500 milliseconds interval)]]>
            </message>
            <full-stacktrace>
              <![CDATA[org.openqa.selenium.TimeoutException: Expected condition failed: waiting for visibility of Proxy element for: DefaultElementLocator 'By.xpath: //div[contains(@class, 'item-added-message')]//p' (tried for 30 second(s) with 500 milliseconds interval)
at org.openqa.selenium.support.ui.WebDriverWait.timeoutException(WebDriverWait.java:84)
at org.openqa.selenium.support.ui.FluentWait.until(FluentWait.java:228)
at base.BaseComponents.waitForElementToAppear(BaseComponents.java:290)
at base.BaseComponents.validateTextContent(BaseComponents.java:351)
at pageObjects.HomePage.addToCart(HomePage.java:306)
at tests.BestBuyECommerceApplicationTests.search_for_and_Add_an_Item_to_Shopping_Cart(BestBuyECommerceApplicationTests.java:50)
at java.base/jdk.internal.reflect.NativeMethodAccessorImpl.invoke0(Native Method)
at java.base/jdk.internal.reflect.NativeMethodAccessorImpl.invoke(NativeMethodAccessorImpl.java:78)
at java.base/jdk.internal.reflect.DelegatingMethodAccessorImpl.invoke(DelegatingMethodAccessorImpl.java:43)
at java.base/java.lang.reflect.Method.invoke(Method.java:567)
at org.testng.internal.invokers.MethodInvocationHelper.invokeMethod(MethodInvocationHelper.java:141)
at org.testng.internal.invokers.TestInvoker.invokeMethod(TestInvoker.java:686)
at org.testng.internal.invokers.TestInvoker.invokeTestMethod(TestInvoker.java:230)
at org.testng.internal.invokers.MethodRunner.runInSequence(MethodRunner.java:63)
at org.testng.internal.invokers.TestInvoker$MethodInvocationAgent.invoke(TestInvoker.java:992)
at org.testng.internal.invokers.TestInvoker.invokeTestMethods(TestInvoker.java:203)
at org.testng.internal.invokers.TestMethodWorker.invokeTestMethods(TestMethodWorker.java:154)
at org.testng.internal.invokers.TestMethodWorker.run(TestMethodWorker.java:134)
at java.base/java.util.ArrayList.forEach(ArrayList.java:1511)
at org.testng.TestRunner.privateRun(TestRunner.java:739)
at org.testng.TestRunner.run(TestRunner.java:614)
at org.testng.SuiteRunner.runTest(SuiteRunner.java:421)
at org.testng.SuiteRunner.runSequentially(SuiteRunner.java:413)
at org.testng.SuiteRunner.privateRun(SuiteRunner.java:373)
at org.testng.SuiteRunner.run(SuiteRunner.java:312)
at org.testng.SuiteRunnerWorker.runSuite(SuiteRunnerWorker.java:52)
at org.testng.SuiteRunnerWorker.run(SuiteRunnerWorker.java:95)
at org.testng.TestNG.runSuitesSequentially(TestNG.java:1274)
at org.testng.TestNG.runSuitesLocally(TestNG.java:1208)
at org.testng.TestNG.runSuites(TestNG.java:1112)
at org.testng.TestNG.run(TestNG.java:1079)
at org.testng.remote.AbstractRemoteTestNG.run(AbstractRemoteTestNG.java:115)
at org.testng.remote.RemoteTestNG.initAndRun(RemoteTestNG.java:293)
at org.testng.remote.RemoteTestNG.main(RemoteTestNG.java:91)
Caused by: org.openqa.selenium.NoSuchElementException: no such element: Unable to locate element: {"method":"xpath","selector":"//div[contains(@class, 'item-added-message')]//p"}
  (Session info: chrome=128.0.6613.115)
For documentation on this error, please visit: https://www.selenium.dev/documentation/webdriver/troubleshooting/errors#no-such-element-exception
Build info: version: '4.20.0', revision: '866c76ca80'
System info: os.name: 'Windows 10', os.arch: 'amd64', os.version: '10.0', java.version: '16.0.2'
Driver info: org.openqa.selenium.chrome.ChromeDriver
Command: [e29cb1ea42874eb18853fe6480a8dbdb, findElement {value=//div[contains(@class, 'item-added-message')]//p, using=xpath}]
Capabilities {acceptInsecureCerts: false, browserName: chrome, browserVersion: 128.0.6613.115, chrome: {chromedriverVersion: 128.0.6613.119 (6e439cfca4d..., userDataDir: C:\Users\ARAVIN~1\AppData\L...}, fedcm:accounts: true, goog:chromeOptions: {debuggerAddress: localhost:59363}, networkConnectionEnabled: false, pageLoadStrategy: normal, platformName: windows, proxy: Proxy(), se:cdp: ws://localhost:59363/devtoo..., se:cdpVersion: 128.0.6613.115, setWindowRect: true, strictFileInteractability: false, timeouts: {implicit: 0, pageLoad: 300000, script: 30000}, unhandledPromptBehavior: dismiss and notify, webauthn:extension:credBlob: true, webauthn:extension:largeBlob: true, webauthn:extension:minPinLength: true, webauthn:extension:prf: true, webauthn:virtualAuthenticators: true}
Session ID: e29cb1ea42874eb18853fe6480a8dbdb
at jdk.internal.reflect.GeneratedConstructorAccessor74.newInstance(Unknown Source)
at java.base/jdk.internal.reflect.DelegatingConstructorAccessorImpl.newInstance(DelegatingConstructorAccessorImpl.java:45)
at java.base/java.lang.reflect.Constructor.newInstanceWithCaller(Constructor.java:499)
at java.base/java.lang.reflect.Constructor.newInstance(Constructor.java:480)
at org.openqa.selenium.remote.ErrorCodec.decode(ErrorCodec.java:167)
at org.openqa.selenium.remote.codec.w3c.W3CHttpResponseCodec.decode(W3CHttpResponseCodec.java:138)
at org.openqa.selenium.remote.codec.w3c.W3CHttpResponseCodec.decode(W3CHttpResponseCodec.java:50)
at org.openqa.selenium.remote.HttpCommandExecutor.execute(HttpCommandExecutor.java:190)
at org.openqa.selenium.remote.service.DriverCommandExecutor.invokeExecute(DriverCommandExecutor.java:216)
at org.openqa.selenium.remote.service.DriverCommandExecutor.execute(DriverCommandExecutor.java:174)
at org.openqa.selenium.remote.RemoteWebDriver.execute(RemoteWebDriver.java:518)
at org.openqa.selenium.remote.ElementLocation$ElementFinder$2.findElement(ElementLocation.java:165)
at org.openqa.selenium.remote.ElementLocation.findElement(ElementLocation.java:59)
at org.openqa.selenium.remote.RemoteWebDriver.findElement(RemoteWebDriver.java:355)
at org.openqa.selenium.remote.RemoteWebDriver.findElement(RemoteWebDriver.java:349)
at org.openqa.selenium.support.pagefactory.DefaultElementLocator.findElement(DefaultElementLocator.java:68)
at org.openqa.selenium.support.pagefactory.internal.LocatingElementHandler.invoke(LocatingElementHandler.java:38)
at jdk.proxy2/jdk.proxy2.$Proxy12.isDisplayed(Unknown Source)
at org.openqa.selenium.support.ui.ExpectedConditions.elementIfVisible(ExpectedConditions.java:304)
at org.openqa.selenium.support.ui.ExpectedConditions$10.apply(ExpectedConditions.java:290)
at org.openqa.selenium.support.ui.ExpectedConditions$10.apply(ExpectedConditions.java:287)
at org.openqa.selenium.support.ui.FluentWait.until(FluentWait.java:203)
... 32 more
]]>
            </full-stacktrace>
          </exception> <!-- org.openqa.selenium.TimeoutException -->
          <reporter-output>
          </reporter-output>
        </test-method> <!-- search_for_and_Add_an_Item_to_Shopping_Cart -->
        <test-method is-config="true" signature="quitBrowser()[pri:0, instance:tests.BestBuyECommerceApplicationTests@5a59ca5e]" started-at="2024-09-05T09:07:41 IST" name="quitBrowser" finished-at="2024-09-05T09:07:42 IST" duration-ms="750" status="PASS">
          <reporter-output>
          </reporter-output>
        </test-method> <!-- quitBrowser -->
        <test-method is-config="true" signature="launchApplication()[pri:0, instance:tests.BestBuyECommerceApplicationTests@5a59ca5e]" started-at="2024-09-05T09:07:42 IST" name="launchApplication" finished-at="2024-09-05T09:07:46 IST" duration-ms="3696" status="PASS">
          <reporter-output>
          </reporter-output>
        </test-method> <!-- launchApplication -->
        <test-method signature="search_for_and_Add_an_Item_to_Shopping_Cart_from_Shop_by_Department_Menu()[pri:5, instance:tests.BestBuyECommerceApplicationTests@5a59ca5e]" started-at="2024-09-05T09:07:46 IST" name="search_for_and_Add_an_Item_to_Shopping_Cart_from_Shop_by_Department_Menu" finished-at="2024-09-05T09:09:17 IST" duration-ms="91474" status="FAIL">
          <exception class="java.lang.NullPointerException">
            <message>
              <![CDATA[Cannot invoke "java.util.HashMap.put(Object, Object)" because "this.data" is null]]>
            </message>
            <full-stacktrace>
              <![CDATA[java.lang.NullPointerException: Cannot invoke "java.util.HashMap.put(Object, Object)" because "this.data" is null
at pageObjects.HomePage.addToCart(HomePage.java:294)
at tests.BestBuyECommerceApplicationTests.search_for_and_Add_an_Item_to_Shopping_Cart_from_Shop_by_Department_Menu(BestBuyECommerceApplicationTests.java:60)
at java.base/jdk.internal.reflect.NativeMethodAccessorImpl.invoke0(Native Method)
at java.base/jdk.internal.reflect.NativeMethodAccessorImpl.invoke(NativeMethodAccessorImpl.java:78)
at java.base/jdk.internal.reflect.DelegatingMethodAccessorImpl.invoke(DelegatingMethodAccessorImpl.java:43)
at java.base/java.lang.reflect.Method.invoke(Method.java:567)
at org.testng.internal.invokers.MethodInvocationHelper.invokeMethod(MethodInvocationHelper.java:141)
at org.testng.internal.invokers.TestInvoker.invokeMethod(TestInvoker.java:686)
at org.testng.internal.invokers.TestInvoker.invokeTestMethod(TestInvoker.java:230)
at org.testng.internal.invokers.MethodRunner.runInSequence(MethodRunner.java:63)
at org.testng.internal.invokers.TestInvoker$MethodInvocationAgent.invoke(TestInvoker.java:992)
at org.testng.internal.invokers.TestInvoker.invokeTestMethods(TestInvoker.java:203)
at org.testng.internal.invokers.TestMethodWorker.invokeTestMethods(TestMethodWorker.java:154)
at org.testng.internal.invokers.TestMethodWorker.run(TestMethodWorker.java:134)
at java.base/java.util.ArrayList.forEach(ArrayList.java:1511)
at org.testng.TestRunner.privateRun(TestRunner.java:739)
at org.testng.TestRunner.run(TestRunner.java:614)
at org.testng.SuiteRunner.runTest(SuiteRunner.java:421)
at org.testng.SuiteRunner.runSequentially(SuiteRunner.java:413)
at org.testng.SuiteRunner.privateRun(SuiteRunner.java:373)
at org.testng.SuiteRunner.run(SuiteRunner.java:312)
at org.testng.SuiteRunnerWorker.runSuite(SuiteRunnerWorker.java:52)
at org.testng.SuiteRunnerWorker.run(SuiteRunnerWorker.java:95)
at org.testng.TestNG.runSuitesSequentially(TestNG.java:1274)
at org.testng.TestNG.runSuitesLocally(TestNG.java:1208)
at org.testng.TestNG.runSuites(TestNG.java:1112)
at org.testng.TestNG.run(TestNG.java:1079)
at org.testng.remote.AbstractRemoteTestNG.run(AbstractRemoteTestNG.java:115)
at org.testng.remote.RemoteTestNG.initAndRun(RemoteTestNG.java:293)
at org.testng.remote.RemoteTestNG.main(RemoteTestNG.java:91)
]]>
            </full-stacktrace>
          </exception> <!-- java.lang.NullPointerException -->
          <reporter-output>
          </reporter-output>
        </test-method> <!-- search_for_and_Add_an_Item_to_Shopping_Cart_from_Shop_by_Department_Menu -->
        <test-method is-config="true" signature="quitBrowser()[pri:0, instance:tests.BestBuyECommerceApplicationTests@5a59ca5e]" started-at="2024-09-05T09:09:17 IST" name="quitBrowser" finished-at="2024-09-05T09:09:18 IST" duration-ms="922" status="PASS">
          <reporter-output>
          </reporter-output>
        </test-method> <!-- quitBrowser -->
        <test-method is-config="true" signature="launchApplication()[pri:0, instance:tests.BestBuyECommerceApplicationTests@5a59ca5e]" started-at="2024-09-05T09:09:18 IST" name="launchApplication" finished-at="2024-09-05T09:09:22 IST" duration-ms="4172" status="PASS">
          <reporter-output>
          </reporter-output>
        </test-method> <!-- launchApplication -->
        <test-method signature="search_for_and_Add_an_Item_to_Shopping_Cart_from_Any_Brands_Menu()[pri:6, instance:tests.BestBuyECommerceApplicationTests@5a59ca5e]" started-at="2024-09-05T09:09:22 IST" name="search_for_and_Add_an_Item_to_Shopping_Cart_from_Any_Brands_Menu" finished-at="2024-09-05T09:10:53 IST" duration-ms="90788" status="FAIL">
          <exception class="java.lang.NullPointerException">
            <message>
              <![CDATA[Cannot invoke "java.util.HashMap.put(Object, Object)" because "this.data" is null]]>
            </message>
            <full-stacktrace>
              <![CDATA[java.lang.NullPointerException: Cannot invoke "java.util.HashMap.put(Object, Object)" because "this.data" is null
at pageObjects.HomePage.addToCart(HomePage.java:294)
at tests.BestBuyECommerceApplicationTests.search_for_and_Add_an_Item_to_Shopping_Cart_from_Any_Brands_Menu(BestBuyECommerceApplicationTests.java:70)
at java.base/jdk.internal.reflect.NativeMethodAccessorImpl.invoke0(Native Method)
at java.base/jdk.internal.reflect.NativeMethodAccessorImpl.invoke(NativeMethodAccessorImpl.java:78)
at java.base/jdk.internal.reflect.DelegatingMethodAccessorImpl.invoke(DelegatingMethodAccessorImpl.java:43)
at java.base/java.lang.reflect.Method.invoke(Method.java:567)
at org.testng.internal.invokers.MethodInvocationHelper.invokeMethod(MethodInvocationHelper.java:141)
at org.testng.internal.invokers.TestInvoker.invokeMethod(TestInvoker.java:686)
at org.testng.internal.invokers.TestInvoker.invokeTestMethod(TestInvoker.java:230)
at org.testng.internal.invokers.MethodRunner.runInSequence(MethodRunner.java:63)
at org.testng.internal.invokers.TestInvoker$MethodInvocationAgent.invoke(TestInvoker.java:992)
at org.testng.internal.invokers.TestInvoker.invokeTestMethods(TestInvoker.java:203)
at org.testng.internal.invokers.TestMethodWorker.invokeTestMethods(TestMethodWorker.java:154)
at org.testng.internal.invokers.TestMethodWorker.run(TestMethodWorker.java:134)
at java.base/java.util.ArrayList.forEach(ArrayList.java:1511)
at org.testng.TestRunner.privateRun(TestRunner.java:739)
at org.testng.TestRunner.run(TestRunner.java:614)
at org.testng.SuiteRunner.runTest(SuiteRunner.java:421)
at org.testng.SuiteRunner.runSequentially(SuiteRunner.java:413)
at org.testng.SuiteRunner.privateRun(SuiteRunner.java:373)
at org.testng.SuiteRunner.run(SuiteRunner.java:312)
at org.testng.SuiteRunnerWorker.runSuite(SuiteRunnerWorker.java:52)
at org.testng.SuiteRunnerWorker.run(SuiteRunnerWorker.java:95)
at org.testng.TestNG.runSuitesSequentially(TestNG.java:1274)
at org.testng.TestNG.runSuitesLocally(TestNG.java:1208)
at org.testng.TestNG.runSuites(TestNG.java:1112)
at org.testng.TestNG.run(TestNG.java:1079)
at org.testng.remote.AbstractRemoteTestNG.run(AbstractRemoteTestNG.java:115)
at org.testng.remote.RemoteTestNG.initAndRun(RemoteTestNG.java:293)
at org.testng.remote.RemoteTestNG.main(RemoteTestNG.java:91)
]]>
            </full-stacktrace>
          </exception> <!-- java.lang.NullPointerException -->
          <reporter-output>
          </reporter-output>
        </test-method> <!-- search_for_and_Add_an_Item_to_Shopping_Cart_from_Any_Brands_Menu -->
        <test-method is-config="true" signature="quitBrowser()[pri:0, instance:tests.BestBuyECommerceApplicationTests@5a59ca5e]" started-at="2024-09-05T09:10:53 IST" name="quitBrowser" finished-at="2024-09-05T09:10:54 IST" duration-ms="1078" status="PASS">
          <reporter-output>
          </reporter-output>
        </test-method> <!-- quitBrowser -->
        <test-method is-config="true" signature="launchApplication()[pri:0, instance:tests.BestBuyECommerceApplicationTests@5a59ca5e]" started-at="2024-09-05T09:10:54 IST" name="launchApplication" finished-at="2024-09-05T09:11:00 IST" duration-ms="5337" status="PASS">
          <reporter-output>
          </reporter-output>
        </test-method> <!-- launchApplication -->
        <test-method signature="proceed_to_Payment_with_Valid_Details_after_Items_added_to_Cart()[pri:7, instance:tests.BestBuyECommerceApplicationTests@5a59ca5e]" started-at="2024-09-05T09:11:00 IST" name="proceed_to_Payment_with_Valid_Details_after_Items_added_to_Cart" finished-at="2024-09-05T09:13:23 IST" duration-ms="142929" status="FAIL">
          <exception class="org.openqa.selenium.TimeoutException">
            <message>
              <![CDATA[Expected condition failed: waiting for visibility of Proxy element for: DefaultElementLocator 'By.xpath: //div[contains(@class, 'item-added-message')]//p' (tried for 30 second(s) with 500 milliseconds interval)]]>
            </message>
            <full-stacktrace>
              <![CDATA[org.openqa.selenium.TimeoutException: Expected condition failed: waiting for visibility of Proxy element for: DefaultElementLocator 'By.xpath: //div[contains(@class, 'item-added-message')]//p' (tried for 30 second(s) with 500 milliseconds interval)
at org.openqa.selenium.support.ui.WebDriverWait.timeoutException(WebDriverWait.java:84)
at org.openqa.selenium.support.ui.FluentWait.until(FluentWait.java:228)
at base.BaseComponents.waitForElementToAppear(BaseComponents.java:290)
at base.BaseComponents.validateTextContent(BaseComponents.java:351)
at pageObjects.HomePage.addToCart(HomePage.java:306)
at tests.BestBuyECommerceApplicationTests.proceed_to_Payment_with_Valid_Details_after_Items_added_to_Cart(BestBuyECommerceApplicationTests.java:82)
at java.base/jdk.internal.reflect.NativeMethodAccessorImpl.invoke0(Native Method)
at java.base/jdk.internal.reflect.NativeMethodAccessorImpl.invoke(NativeMethodAccessorImpl.java:78)
at java.base/jdk.internal.reflect.DelegatingMethodAccessorImpl.invoke(DelegatingMethodAccessorImpl.java:43)
at java.base/java.lang.reflect.Method.invoke(Method.java:567)
at org.testng.internal.invokers.MethodInvocationHelper.invokeMethod(MethodInvocationHelper.java:141)
at org.testng.internal.invokers.TestInvoker.invokeMethod(TestInvoker.java:686)
at org.testng.internal.invokers.TestInvoker.invokeTestMethod(TestInvoker.java:230)
at org.testng.internal.invokers.MethodRunner.runInSequence(MethodRunner.java:63)
at org.testng.internal.invokers.TestInvoker$MethodInvocationAgent.invoke(TestInvoker.java:992)
at org.testng.internal.invokers.TestInvoker.invokeTestMethods(TestInvoker.java:203)
at org.testng.internal.invokers.TestMethodWorker.invokeTestMethods(TestMethodWorker.java:154)
at org.testng.internal.invokers.TestMethodWorker.run(TestMethodWorker.java:134)
at java.base/java.util.ArrayList.forEach(ArrayList.java:1511)
at org.testng.TestRunner.privateRun(TestRunner.java:739)
at org.testng.TestRunner.run(TestRunner.java:614)
at org.testng.SuiteRunner.runTest(SuiteRunner.java:421)
at org.testng.SuiteRunner.runSequentially(SuiteRunner.java:413)
at org.testng.SuiteRunner.privateRun(SuiteRunner.java:373)
at org.testng.SuiteRunner.run(SuiteRunner.java:312)
at org.testng.SuiteRunnerWorker.runSuite(SuiteRunnerWorker.java:52)
at org.testng.SuiteRunnerWorker.run(SuiteRunnerWorker.java:95)
at org.testng.TestNG.runSuitesSequentially(TestNG.java:1274)
at org.testng.TestNG.runSuitesLocally(TestNG.java:1208)
at org.testng.TestNG.runSuites(TestNG.java:1112)
at org.testng.TestNG.run(TestNG.java:1079)
at org.testng.remote.AbstractRemoteTestNG.run(AbstractRemoteTestNG.java:115)
at org.testng.remote.RemoteTestNG.initAndRun(RemoteTestNG.java:293)
at org.testng.remote.RemoteTestNG.main(RemoteTestNG.java:91)
Caused by: org.openqa.selenium.NoSuchElementException: no such element: Unable to locate element: {"method":"xpath","selector":"//div[contains(@class, 'item-added-message')]//p"}
  (Session info: chrome=128.0.6613.115)
For documentation on this error, please visit: https://www.selenium.dev/documentation/webdriver/troubleshooting/errors#no-such-element-exception
Build info: version: '4.20.0', revision: '866c76ca80'
System info: os.name: 'Windows 10', os.arch: 'amd64', os.version: '10.0', java.version: '16.0.2'
Driver info: org.openqa.selenium.chrome.ChromeDriver
Command: [5c880de7ad42c1ee51123f4909cc100e, findElement {value=//div[contains(@class, 'item-added-message')]//p, using=xpath}]
Capabilities {acceptInsecureCerts: false, browserName: chrome, browserVersion: 128.0.6613.115, chrome: {chromedriverVersion: 128.0.6613.119 (6e439cfca4d..., userDataDir: C:\Users\ARAVIN~1\AppData\L...}, fedcm:accounts: true, goog:chromeOptions: {debuggerAddress: localhost:59859}, networkConnectionEnabled: false, pageLoadStrategy: normal, platformName: windows, proxy: Proxy(), se:cdp: ws://localhost:59859/devtoo..., se:cdpVersion: 128.0.6613.115, setWindowRect: true, strictFileInteractability: false, timeouts: {implicit: 0, pageLoad: 300000, script: 30000}, unhandledPromptBehavior: dismiss and notify, webauthn:extension:credBlob: true, webauthn:extension:largeBlob: true, webauthn:extension:minPinLength: true, webauthn:extension:prf: true, webauthn:virtualAuthenticators: true}
Session ID: 5c880de7ad42c1ee51123f4909cc100e
at jdk.internal.reflect.GeneratedConstructorAccessor74.newInstance(Unknown Source)
at java.base/jdk.internal.reflect.DelegatingConstructorAccessorImpl.newInstance(DelegatingConstructorAccessorImpl.java:45)
at java.base/java.lang.reflect.Constructor.newInstanceWithCaller(Constructor.java:499)
at java.base/java.lang.reflect.Constructor.newInstance(Constructor.java:480)
at org.openqa.selenium.remote.ErrorCodec.decode(ErrorCodec.java:167)
at org.openqa.selenium.remote.codec.w3c.W3CHttpResponseCodec.decode(W3CHttpResponseCodec.java:138)
at org.openqa.selenium.remote.codec.w3c.W3CHttpResponseCodec.decode(W3CHttpResponseCodec.java:50)
at org.openqa.selenium.remote.HttpCommandExecutor.execute(HttpCommandExecutor.java:190)
at org.openqa.selenium.remote.service.DriverCommandExecutor.invokeExecute(DriverCommandExecutor.java:216)
at org.openqa.selenium.remote.service.DriverCommandExecutor.execute(DriverCommandExecutor.java:174)
at org.openqa.selenium.remote.RemoteWebDriver.execute(RemoteWebDriver.java:518)
at org.openqa.selenium.remote.ElementLocation$ElementFinder$2.findElement(ElementLocation.java:165)
at org.openqa.selenium.remote.ElementLocation.findElement(ElementLocation.java:59)
at org.openqa.selenium.remote.RemoteWebDriver.findElement(RemoteWebDriver.java:355)
at org.openqa.selenium.remote.RemoteWebDriver.findElement(RemoteWebDriver.java:349)
at org.openqa.selenium.support.pagefactory.DefaultElementLocator.findElement(DefaultElementLocator.java:68)
at org.openqa.selenium.support.pagefactory.internal.LocatingElementHandler.invoke(LocatingElementHandler.java:38)
at jdk.proxy2/jdk.proxy2.$Proxy12.isDisplayed(Unknown Source)
at org.openqa.selenium.support.ui.ExpectedConditions.elementIfVisible(ExpectedConditions.java:304)
at org.openqa.selenium.support.ui.ExpectedConditions$10.apply(ExpectedConditions.java:290)
at org.openqa.selenium.support.ui.ExpectedConditions$10.apply(ExpectedConditions.java:287)
at org.openqa.selenium.support.ui.FluentWait.until(FluentWait.java:203)
... 32 more
]]>
            </full-stacktrace>
          </exception> <!-- org.openqa.selenium.TimeoutException -->
          <reporter-output>
          </reporter-output>
        </test-method> <!-- proceed_to_Payment_with_Valid_Details_after_Items_added_to_Cart -->
        <test-method is-config="true" signature="quitBrowser()[pri:0, instance:tests.BestBuyECommerceApplicationTests@5a59ca5e]" started-at="2024-09-05T09:13:23 IST" name="quitBrowser" finished-at="2024-09-05T09:13:23 IST" duration-ms="563" status="PASS">
          <reporter-output>
          </reporter-output>
        </test-method> <!-- quitBrowser -->
        <test-method is-config="true" signature="launchApplication()[pri:0, instance:tests.BestBuyECommerceApplicationTests@5a59ca5e]" started-at="2024-09-05T09:13:23 IST" name="launchApplication" finished-at="2024-09-05T09:13:27 IST" duration-ms="4182" status="PASS">
          <reporter-output>
          </reporter-output>
        </test-method> <!-- launchApplication -->
        <test-method signature="proceed_to_Payment_with_Invalid_Details_after_Items_added_to_Cart()[pri:8, instance:tests.BestBuyECommerceApplicationTests@5a59ca5e]" started-at="2024-09-05T09:13:27 IST" name="proceed_to_Payment_with_Invalid_Details_after_Items_added_to_Cart" finished-at="2024-09-05T09:15:39 IST" duration-ms="132065" status="FAIL">
          <exception class="org.openqa.selenium.NoSuchElementException">
            <message>
              <![CDATA[no such element: Unable to locate element: {"method":"xpath","selector":"//div[contains(@class,'pricingContainer')]//div[contains(@class,'salePrice')]"}
  (Session info: chrome=128.0.6613.115)
For documentation on this error, please visit: https://www.selenium.dev/documentation/webdriver/troubleshooting/errors#no-such-element-exception
Build info: version: '4.20.0', revision: '866c76ca80'
System info: os.name: 'Windows 10', os.arch: 'amd64', os.version: '10.0', java.version: '16.0.2'
Driver info: org.openqa.selenium.chrome.ChromeDriver
Command: [e4c97a42436b214f73b31a20ec2868bb, findElement {value=//div[contains(@class,'pricingContainer')]//div[contains(@class,'salePrice')], using=xpath}]
Capabilities {acceptInsecureCerts: false, browserName: chrome, browserVersion: 128.0.6613.115, chrome: {chromedriverVersion: 128.0.6613.119 (6e439cfca4d..., userDataDir: C:\Users\ARAVIN~1\AppData\L...}, fedcm:accounts: true, goog:chromeOptions: {debuggerAddress: localhost:60032}, networkConnectionEnabled: false, pageLoadStrategy: normal, platformName: windows, proxy: Proxy(), se:cdp: ws://localhost:60032/devtoo..., se:cdpVersion: 128.0.6613.115, setWindowRect: true, strictFileInteractability: false, timeouts: {implicit: 0, pageLoad: 300000, script: 30000}, unhandledPromptBehavior: dismiss and notify, webauthn:extension:credBlob: true, webauthn:extension:largeBlob: true, webauthn:extension:minPinLength: true, webauthn:extension:prf: true, webauthn:virtualAuthenticators: true}
Session ID: e4c97a42436b214f73b31a20ec2868bb]]>
            </message>
            <full-stacktrace>
              <![CDATA[org.openqa.selenium.NoSuchElementException: no such element: Unable to locate element: {"method":"xpath","selector":"//div[contains(@class,'pricingContainer')]//div[contains(@class,'salePrice')]"}
  (Session info: chrome=128.0.6613.115)
For documentation on this error, please visit: https://www.selenium.dev/documentation/webdriver/troubleshooting/errors#no-such-element-exception
Build info: version: '4.20.0', revision: '866c76ca80'
System info: os.name: 'Windows 10', os.arch: 'amd64', os.version: '10.0', java.version: '16.0.2'
Driver info: org.openqa.selenium.chrome.ChromeDriver
Command: [e4c97a42436b214f73b31a20ec2868bb, findElement {value=//div[contains(@class,'pricingContainer')]//div[contains(@class,'salePrice')], using=xpath}]
Capabilities {acceptInsecureCerts: false, browserName: chrome, browserVersion: 128.0.6613.115, chrome: {chromedriverVersion: 128.0.6613.119 (6e439cfca4d..., userDataDir: C:\Users\ARAVIN~1\AppData\L...}, fedcm:accounts: true, goog:chromeOptions: {debuggerAddress: localhost:60032}, networkConnectionEnabled: false, pageLoadStrategy: normal, platformName: windows, proxy: Proxy(), se:cdp: ws://localhost:60032/devtoo..., se:cdpVersion: 128.0.6613.115, setWindowRect: true, strictFileInteractability: false, timeouts: {implicit: 0, pageLoad: 300000, script: 30000}, unhandledPromptBehavior: dismiss and notify, webauthn:extension:credBlob: true, webauthn:extension:largeBlob: true, webauthn:extension:minPinLength: true, webauthn:extension:prf: true, webauthn:virtualAuthenticators: true}
Session ID: e4c97a42436b214f73b31a20ec2868bb
at jdk.internal.reflect.GeneratedConstructorAccessor74.newInstance(Unknown Source)
at java.base/jdk.internal.reflect.DelegatingConstructorAccessorImpl.newInstance(DelegatingConstructorAccessorImpl.java:45)
at java.base/java.lang.reflect.Constructor.newInstanceWithCaller(Constructor.java:499)
at java.base/java.lang.reflect.Constructor.newInstance(Constructor.java:480)
at org.openqa.selenium.remote.ErrorCodec.decode(ErrorCodec.java:167)
at org.openqa.selenium.remote.codec.w3c.W3CHttpResponseCodec.decode(W3CHttpResponseCodec.java:138)
at org.openqa.selenium.remote.codec.w3c.W3CHttpResponseCodec.decode(W3CHttpResponseCodec.java:50)
at org.openqa.selenium.remote.HttpCommandExecutor.execute(HttpCommandExecutor.java:190)
at org.openqa.selenium.remote.service.DriverCommandExecutor.invokeExecute(DriverCommandExecutor.java:216)
at org.openqa.selenium.remote.service.DriverCommandExecutor.execute(DriverCommandExecutor.java:174)
at org.openqa.selenium.remote.RemoteWebDriver.execute(RemoteWebDriver.java:518)
at org.openqa.selenium.remote.ElementLocation$ElementFinder$2.findElement(ElementLocation.java:165)
at org.openqa.selenium.remote.ElementLocation.findElement(ElementLocation.java:59)
at org.openqa.selenium.remote.RemoteWebDriver.findElement(RemoteWebDriver.java:355)
at org.openqa.selenium.remote.RemoteWebDriver.findElement(RemoteWebDriver.java:349)
at org.openqa.selenium.support.pagefactory.DefaultElementLocator.findElement(DefaultElementLocator.java:68)
at org.openqa.selenium.support.pagefactory.internal.LocatingElementHandler.invoke(LocatingElementHandler.java:38)
at jdk.proxy2/jdk.proxy2.$Proxy12.getText(Unknown Source)
at base.BaseComponents.getTextContent(BaseComponents.java:133)
at pageObjects.HomePage.addToCart(HomePage.java:295)
at tests.BestBuyECommerceApplicationTests.proceed_to_Payment_with_Invalid_Details_after_Items_added_to_Cart(BestBuyECommerceApplicationTests.java:100)
at java.base/jdk.internal.reflect.NativeMethodAccessorImpl.invoke0(Native Method)
at java.base/jdk.internal.reflect.NativeMethodAccessorImpl.invoke(NativeMethodAccessorImpl.java:78)
at java.base/jdk.internal.reflect.DelegatingMethodAccessorImpl.invoke(DelegatingMethodAccessorImpl.java:43)
at java.base/java.lang.reflect.Method.invoke(Method.java:567)
at org.testng.internal.invokers.MethodInvocationHelper.invokeMethod(MethodInvocationHelper.java:141)
at org.testng.internal.invokers.TestInvoker.invokeMethod(TestInvoker.java:686)
at org.testng.internal.invokers.TestInvoker.invokeTestMethod(TestInvoker.java:230)
at org.testng.internal.invokers.MethodRunner.runInSequence(MethodRunner.java:63)
at org.testng.internal.invokers.TestInvoker$MethodInvocationAgent.invoke(TestInvoker.java:992)
at org.testng.internal.invokers.TestInvoker.invokeTestMethods(TestInvoker.java:203)
at org.testng.internal.invokers.TestMethodWorker.invokeTestMethods(TestMethodWorker.java:154)
at org.testng.internal.invokers.TestMethodWorker.run(TestMethodWorker.java:134)
at java.base/java.util.ArrayList.forEach(ArrayList.java:1511)
at org.testng.TestRunner.privateRun(TestRunner.java:739)
at org.testng.TestRunner.run(TestRunner.java:614)
at org.testng.SuiteRunner.runTest(SuiteRunner.java:421)
at org.testng.SuiteRunner.runSequentially(SuiteRunner.java:413)
at org.testng.SuiteRunner.privateRun(SuiteRunner.java:373)
at org.testng.SuiteRunner.run(SuiteRunner.java:312)
at org.testng.SuiteRunnerWorker.runSuite(SuiteRunnerWorker.java:52)
at org.testng.SuiteRunnerWorker.run(SuiteRunnerWorker.java:95)
at org.testng.TestNG.runSuitesSequentially(TestNG.java:1274)
at org.testng.TestNG.runSuitesLocally(TestNG.java:1208)
at org.testng.TestNG.runSuites(TestNG.java:1112)
at org.testng.TestNG.run(TestNG.java:1079)
at org.testng.remote.AbstractRemoteTestNG.run(AbstractRemoteTestNG.java:115)
at org.testng.remote.RemoteTestNG.initAndRun(RemoteTestNG.java:293)
at org.testng.remote.RemoteTestNG.main(RemoteTestNG.java:91)
]]>
            </full-stacktrace>
          </exception> <!-- org.openqa.selenium.NoSuchElementException -->
          <reporter-output>
          </reporter-output>
        </test-method> <!-- proceed_to_Payment_with_Invalid_Details_after_Items_added_to_Cart -->
        <test-method is-config="true" signature="quitBrowser()[pri:0, instance:tests.BestBuyECommerceApplicationTests@5a59ca5e]" started-at="2024-09-05T09:15:39 IST" name="quitBrowser" finished-at="2024-09-05T09:15:41 IST" duration-ms="1705" status="PASS">
          <reporter-output>
          </reporter-output>
        </test-method> <!-- quitBrowser -->
      </class> <!-- tests.BestBuyECommerceApplicationTests -->
    </test> <!-- Test -->
  </suite> <!-- Suite -->
</testng-results>
